This is pdfTeX, Version 3.1415926-2.4-1.40.13 (MiKTeX 2.9 64-bit) (preloaded format=pdflatex 2013.8.8)  15 JUN 2015 19:28
entering extended mode
**Result_Kalman_Complementary.tex
(D:\Project_Quad\masterquad2015\doc\se\sources\Result_Kalman_Complementary\Result_Kalman_Complementary.tex
LaTeX2e <2011/06/27>
Babel <v3.8m> and hyphenation patterns for english, afrikaans, ancientgreek, arabic, armenian, assamese, basque, bengali
, bokmal, bulgarian, catalan, coptic, croatian, czech, danish, dutch, esperanto, estonian, farsi, finnish, french, galic
ian, german, german-x-2012-05-30, greek, gujarati, hindi, hungarian, icelandic, indonesian, interlingua, irish, italian,
 kannada, kurmanji, latin, latvian, lithuanian, malayalam, marathi, mongolian, mongolianlmc, monogreek, ngerman, ngerman
-x-2012-05-30, nynorsk, oriya, panjabi, pinyin, polish, portuguese, romanian, russian, sanskrit, serbian, slovak, sloven
ian, spanish, swedish, swissgerman, tamil, telugu, turkish, turkmen, ukenglish, ukrainian, uppersorbian, usenglishmax, w
elsh, loaded.
(D:\Project_Quad\masterquad2015\doc\se\sources\Result_Kalman_Complementary\preamble/pre-class.tex)
(C:\Users\Oli\AppData\Roaming\MiKTeX\2.9\tex\latex\koma-script\scrbook.cls
Document Class: scrbook 2012/07/29 v3.11b KOMA-Script document class (book)
(C:\Users\Oli\AppData\Roaming\MiKTeX\2.9\tex\latex\koma-script\scrkbase.sty
Package: scrkbase 2012/07/29 v3.11b KOMA-Script package (KOMA-Script-dependent basics and keyval usage)

(C:\Users\Oli\AppData\Roaming\MiKTeX\2.9\tex\latex\koma-script\scrbase.sty
Package: scrbase 2012/07/29 v3.11b KOMA-Script package (KOMA-Script-independent basics and keyval usage)

("C:\Program Files\MiKTeX 2.9\tex\latex\graphics\keyval.sty"
Package: keyval 1999/03/16 v1.13 key=value parser (DPC)
\KV@toks@=\toks14
)
(C:\Users\Oli\AppData\Roaming\MiKTeX\2.9\tex\latex\koma-script\scrlfile.sty
Package: scrlfile 2012/06/15 v3.12 KOMA-Script package (loading files)

Package scrlfile, 2012/06/15 v3.12 KOMA-Script package (loading files)
                  Copyright (C) Markus Kohm

))) (C:\Users\Oli\AppData\Roaming\MiKTeX\2.9\tex\latex\koma-script\tocbasic.sty
Package: tocbasic 2012/04/04 v3.10b KOMA-Script package (handling toc-files)
)
Package tocbasic Info: omitting babel extension for `toc'
(tocbasic)             because of feature `nobabel' available
(tocbasic)             for `toc' on input line 117.
Package tocbasic Info: omitting babel extension for `lof'
(tocbasic)             because of feature `nobabel' available
(tocbasic)             for `lof' on input line 118.
Package tocbasic Info: omitting babel extension for `lot'
(tocbasic)             because of feature `nobabel' available
(tocbasic)             for `lot' on input line 119.
Class scrbook Info: You've used standard option `final'.
(scrbook)           This is correct!
(scrbook)           Internally I'm using `draft=false'.
(scrbook)           If you'd like to set the option with \KOMAoptions,
(scrbook)           you'd have to use `draft=false' there
(scrbook)           instead of `final', too.
Package scrbook Info: You've used obsolete option `12pt'.
(scrbook)             \KOMAExecuteOptions{fontsize=12pt} will be
(scrbook)             used instead.
(scrbook)             You may simply replace `12pt'
(scrbook)             by `fontsize=12pt'.


Class scrbook Warning: You've used obsolete option `bigheadings'.
(scrbook)              Usage of this option indicates an old document and
(scrbook)              changes compatibility level using
(scrbook)              `headings=big,version=first'.
(scrbook)              If you don't want this, you should simply replace
(scrbook)              usage of option `bigheadings' by `headings=big'.

Class scrbook Info: Switching compatibility level to `first'.
Class scrbook Info: You've used standard option `oneside'.
(scrbook)           This is correct!
(scrbook)           Internally I'm using `twoside=false'.
(scrbook)           If you'd like to set the option with \KOMAoptions,
(scrbook)           you'd have to use `twoside=false' there
(scrbook)           instead of `oneside', too.
Class scrbook Info: You've used standard option `openright'.
(scrbook)           This is correct!
(scrbook)           Internally I'm using `open=right'.
(scrbook)           If you'd like to set the option with \KOMAoptions,
(scrbook)           you'd have to use `open=right' there
(scrbook)           instead of `openright', too.

Class scrbook Warning: You've used obsolete option `nochapterprefix'.
(scrbook)              Usage of this option indicates an old document and
(scrbook)              changes compatibility level using
(scrbook)              `chapterprefix=false,version=first'.
(scrbook)              If you don't want this, you should simply replace
(scrbook)              usage of option `nochapterprefix' by `chapterprefix=false'.

Class scrbook Info: Switching compatibility level to `first'.

Class scrbook Warning: You've used obsolete option `bibtotoc'.
(scrbook)              Usage of this option indicates an old document and
(scrbook)              changes compatibility level using
(scrbook)              `bibliography=totoc,version=first'.
(scrbook)              If you don't want this, you should simply replace
(scrbook)              usage of option `bibtotoc' by `bibliography=totoc'.

Class scrbook Info: Switching compatibility level to `first'.

Class scrbook Warning: You've used obsolete option `tocindent'.
(scrbook)              Usage of this option indicates an old document and
(scrbook)              changes compatibility level using
(scrbook)              `toc=graduated,version=first'.
(scrbook)              If you don't want this, you should simply replace
(scrbook)              usage of option `tocindent' by `toc=graduated'.

Class scrbook Info: Switching compatibility level to `first'.

Class scrbook Warning: You've used obsolete option `listsindent'.
(scrbook)              Usage of this option indicates an old document and
(scrbook)              changes compatibility level using
(scrbook)              `listof=graduated,version=first'.
(scrbook)              If you don't want this, you should simply replace
(scrbook)              usage of option `listsindent' by `listof=graduated'.

Class scrbook Info: Switching compatibility level to `first'.

Class scrbook Warning: You've used obsolete option `pointlessnumbers'.
(scrbook)              Usage of this option indicates an old document and
(scrbook)              changes compatibility level using
(scrbook)              `numbers=noenddot,version=first'.
(scrbook)              If you don't want this, you should simply replace
(scrbook)              usage of option `pointlessnumbers' by `numbers=noenddot'.

Class scrbook Info: Switching compatibility level to `first'.

Class scrbook Warning: You've used obsolete option `cleardoubleempty'.
(scrbook)              Usage of this option indicates an old document and
(scrbook)              changes compatibility level using
(scrbook)              `cleardoublepage=empty,version=first'.
(scrbook)              If you don't want this, you should simply replace
(scrbook)              usage of option `cleardoubleempty' by `cleardoublepage=empty'.

Class scrbook Info: Switching compatibility level to `first'.
("C:\Program Files\MiKTeX 2.9\tex\latex\base\fleqn.clo"
File: fleqn.clo 1998/08/17 v1.1c Standard LaTeX option (flush left equations)
\mathindent=\dimen102
)

Class scrbook Warning: You've used obsolete option `halfparskip'.
(scrbook)              Usage of this option indicates an old document and
(scrbook)              changes compatibility level using
(scrbook)              `parskip=half,version=first'.
(scrbook)              If you don't want this, you should simply replace
(scrbook)              usage of option `halfparskip' by `parskip=half'.

Class scrbook Info: Switching compatibility level to `first'.
Class scrbook Info: File `scrsize12pt.clo' used to setup font sizes on input line 1368.
(C:\Users\Oli\AppData\Roaming\MiKTeX\2.9\tex\latex\koma-script\scrsize12pt.clo
File: scrsize12pt.clo 2012/07/29 v3.11b KOMA-Script font size class option (12pt)
)
(C:\Users\Oli\AppData\Roaming\MiKTeX\2.9\tex\latex\koma-script\typearea.sty
Package: typearea 2012/07/29 v3.11b KOMA-Script package (type area)

Package typearea, 2012/07/29 v3.11b KOMA-Script package (type area)
                  Copyright (C) Frank Neukam, 1992-1994
                  Copyright (C) Markus Kohm, 1994-

\ta@bcor=\skip41
\ta@div=\count79
Package typearea Info: You've used standard option `a4paper'.
(typearea)             This is correct!
(typearea)             Internally I'm using `paper=a4'.
(typearea)             If you'd like to set the option with \KOMAoptions,
(typearea)             you'd have to use `paper=a4' there
(typearea)             instead of `a4paper', too.
Package typearea Info: You've used standard option `oneside'.
(typearea)             This is correct!
(typearea)             Internally I'm using `twoside=false'.
(typearea)             If you'd like to set the option with \KOMAoptions,
(typearea)             you'd have to use `twoside=false' there
(typearea)             instead of `oneside', too.
\ta@hblk=\skip42
\ta@vblk=\skip43
\ta@temp=\skip44
Package typearea Info: These are the values describing the layout:
(typearea)             DIV  = 14
(typearea)             BCOR = 14.22636pt
(typearea)             \paperwidth      = 597.50793pt
(typearea)              \textwidth      = 458.29268pt
(typearea)              DIV departure   = -8%
(typearea)              \evensidemargin = 4.45082pt
(typearea)              \oddsidemargin  = 4.45082pt
(typearea)             \paperheight     = 845.04694pt
(typearea)              \textheight     = 635.5pt
(typearea)              \topmargin      = -11.9095pt
(typearea)              \headheight     = 15.95009pt
(typearea)              \headsep        = 21.75pt
(typearea)              \topskip        = 12.0pt
(typearea)              \footskip       = 50.75pt
(typearea)              \baselineskip   = 14.5pt
(typearea)              on input line 1213.
)
\c@part=\count80
\c@chapter=\count81
\c@section=\count82
\c@subsection=\count83
\c@subsubsection=\count84
\c@paragraph=\count85
\c@subparagraph=\count86
\abovecaptionskip=\skip45
\belowcaptionskip=\skip46
\c@pti@nb@sid@b@x=\box26
\c@figure=\count87
\c@table=\count88
\bibindent=\dimen103
) (D:\Project_Quad\masterquad2015\doc\se\sources\Result_Kalman_Complementary\preamble/pre-work.tex)
(D:\Project_Quad\masterquad2015\doc\se\sources\Result_Kalman_Complementary\preamble/pre-packages.tex
("C:\Program Files\MiKTeX 2.9\tex\latex\oberdiek\inputenx.sty"
Package: inputenx 2011/05/27 v1.10 Enhanced input encoding handling (HO)

("C:\Program Files\MiKTeX 2.9\tex\latex\oberdiek\ix-alias.def"
File: ix-alias.def 2011/05/27 v1.10 Alias list (inputenx)
)
Package inputenx Info: Encoding name: latin1
(inputenx)             Encoding file: x-iso-8859-1.def
(inputenx)              on input line 171.
 ("C:\Program Files\MiKTeX 2.9\tex\latex\base\inputenc.sty"
Package: inputenc 2008/03/30 v1.1d Input encoding file
\inpenc@prehook=\toks15
\inpenc@posthook=\toks16
) ("C:\Program Files\MiKTeX 2.9\tex\latex\oberdiek\x-iso-8859-1.def"
File: x-iso-8859-1.def 2011/05/27 v1.10 Input encoding iso-8859-1 (inputenx)
))
("C:\Program Files\MiKTeX 2.9\tex\latex\tools\xspace.sty"
Package: xspace 2009/10/20 v1.13 Space after command names (DPC,MH)
) ("C:\Program Files\MiKTeX 2.9\tex\generic\oberdiek\ifpdf.sty"
Package: ifpdf 2011/01/30 v2.3 Provides the ifpdf switch (HO)
Package ifpdf Info: pdfTeX in PDF mode is detected.
) ("C:\Program Files\MiKTeX 2.9\tex\latex\tools\calc.sty"
Package: calc 2007/08/22 v4.3 Infix arithmetic (KKT,FJ)
\calc@Acount=\count89
\calc@Bcount=\count90
\calc@Adimen=\dimen104
\calc@Bdimen=\dimen105
\calc@Askip=\skip47
\calc@Bskip=\skip48
LaTeX Info: Redefining \setlength on input line 76.
LaTeX Info: Redefining \addtolength on input line 77.
\calc@Ccount=\count91
\calc@Cskip=\skip49
) ("C:\Program Files\MiKTeX 2.9\tex\generic\babel\babel.sty"
Package: babel 2008/07/08 v3.8m The Babel package

*************************************
* Local config file bblopts.cfg used
*
("C:\Program Files\MiKTeX 2.9\tex\latex\00miktex\bblopts.cfg"
File: bblopts.cfg 2006/07/31 v1.0 MiKTeX 'babel' configuration
)
("C:\Program Files\MiKTeX 2.9\tex\generic\babel\ngermanb.ldf"
Language: ngermanb 2008/07/06 v2.6n new German support from the babel system
 ("C:\Program Files\MiKTeX 2.9\tex\generic\babel\babel.def"
File: babel.def 2008/07/08 v3.8m Babel common definitions
\babel@savecnt=\count92
\U@D=\dimen106
)
\l@naustrian = a dialect from \language\l@ngerman 
Package babel Info: Making " an active character on input line 92.
) ("C:\Program Files\MiKTeX 2.9\tex\generic\babel\english.ldf"
Language: english 2005/03/30 v3.3o English support from the babel system
\l@canadian = a dialect from \language\l@american 
\l@australian = a dialect from \language\l@british 
\l@newzealand = a dialect from \language\l@british 
))
(C:\Users\Oli\AppData\Roaming\MiKTeX\2.9\tex\latex\xcolor\xcolor.sty
Package: xcolor 2007/01/21 v2.11 LaTeX color extensions (UK)

("C:\Program Files\MiKTeX 2.9\tex\latex\00miktex\color.cfg"
File: color.cfg 2007/01/18 v1.5 color configuration of teTeX/TeXLive
)
Package xcolor Info: Driver file: pdftex.def on input line 225.

("C:\Program Files\MiKTeX 2.9\tex\latex\pdftex-def\pdftex.def"
File: pdftex.def 2011/05/27 v0.06d Graphics/color for pdfTeX

("C:\Program Files\MiKTeX 2.9\tex\generic\oberdiek\infwarerr.sty"
Package: infwarerr 2010/04/08 v1.3 Providing info/warning/error messages (HO)
)
("C:\Program Files\MiKTeX 2.9\tex\generic\oberdiek\ltxcmds.sty"
Package: ltxcmds 2011/11/09 v1.22 LaTeX kernel commands for general use (HO)
)
\Gread@gobject=\count93
)
(C:\Users\Oli\AppData\Roaming\MiKTeX\2.9\tex\latex\colortbl\colortbl.sty
Package: colortbl 2012/02/13 v1.0a Color table columns (DPC)

("C:\Program Files\MiKTeX 2.9\tex\latex\tools\array.sty"
Package: array 2008/09/09 v2.4c Tabular extension package (FMi)
\col@sep=\dimen107
\extrarowheight=\dimen108
\NC@list=\toks17
\extratabsurround=\skip50
\backup@length=\skip51
)
\everycr=\toks18
\minrowclearance=\skip52
)
\rownum=\count94
Package xcolor Info: Model `cmy' substituted by `cmy0' on input line 1337.
Package xcolor Info: Model `hsb' substituted by `rgb' on input line 1341.
Package xcolor Info: Model `RGB' extended on input line 1353.
Package xcolor Info: Model `HTML' substituted by `rgb' on input line 1355.
Package xcolor Info: Model `Hsb' substituted by `hsb' on input line 1356.
Package xcolor Info: Model `tHsb' substituted by `hsb' on input line 1357.
Package xcolor Info: Model `HSB' substituted by `hsb' on input line 1358.
Package xcolor Info: Model `Gray' substituted by `gray' on input line 1359.
Package xcolor Info: Model `wave' substituted by `hsb' on input line 1360.
) ("C:\Program Files\MiKTeX 2.9\tex\latex\graphics\graphicx.sty"
Package: graphicx 1999/02/16 v1.0f Enhanced LaTeX Graphics (DPC,SPQR)
 ("C:\Program Files\MiKTeX 2.9\tex\latex\graphics\graphics.sty"
Package: graphics 2009/02/05 v1.0o Standard LaTeX Graphics (DPC,SPQR)

("C:\Program Files\MiKTeX 2.9\tex\latex\graphics\trig.sty"
Package: trig 1999/03/16 v1.09 sin cos tan (DPC)
) ("C:\Program Files\MiKTeX 2.9\tex\latex\00miktex\graphics.cfg"
File: graphics.cfg 2007/01/18 v1.5 graphics configuration of teTeX/TeXLive
)
Package graphics Info: Driver file: pdftex.def on input line 91.
)
\Gin@req@height=\dimen109
\Gin@req@width=\dimen110
) ("C:\Program Files\MiKTeX 2.9\tex\latex\amsmath\amsmath.sty"
Package: amsmath 2013/01/14 v2.14 AMS math features
\@mathmargin=\skip53

For additional information on amsmath, use the `?' option.
("C:\Program Files\MiKTeX 2.9\tex\latex\amsmath\amstext.sty"
Package: amstext 2000/06/29 v2.01
 ("C:\Program Files\MiKTeX 2.9\tex\latex\amsmath\amsgen.sty"
File: amsgen.sty 1999/11/30 v2.0
\@emptytoks=\toks19
\ex@=\dimen111
)) ("C:\Program Files\MiKTeX 2.9\tex\latex\amsmath\amsbsy.sty"
Package: amsbsy 1999/11/29 v1.2d
\pmbraise@=\dimen112
)
("C:\Program Files\MiKTeX 2.9\tex\latex\amsmath\amsopn.sty"
Package: amsopn 1999/12/14 v2.01 operator names
)
\inf@bad=\count95
LaTeX Info: Redefining \frac on input line 210.
\uproot@=\count96
\leftroot@=\count97
LaTeX Info: Redefining \overline on input line 306.
\classnum@=\count98
\DOTSCASE@=\count99
LaTeX Info: Redefining \ldots on input line 378.
LaTeX Info: Redefining \dots on input line 381.
LaTeX Info: Redefining \cdots on input line 466.
\Mathstrutbox@=\box27
\strutbox@=\box28
\big@size=\dimen113
LaTeX Font Info:    Redeclaring font encoding OML on input line 566.
LaTeX Font Info:    Redeclaring font encoding OMS on input line 567.
\macc@depth=\count100
\c@MaxMatrixCols=\count101
\dotsspace@=\muskip10
\c@parentequation=\count102
\dspbrk@lvl=\count103
\tag@help=\toks20
\row@=\count104
\column@=\count105
\maxfields@=\count106
\andhelp@=\toks21
\eqnshift@=\dimen114
\alignsep@=\dimen115
\tagshift@=\dimen116
\tagwidth@=\dimen117
\totwidth@=\dimen118
\lineht@=\dimen119
\@envbody=\toks22
\multlinegap=\skip54
\multlinetaggap=\skip55
\mathdisplay@stack=\toks23
LaTeX Info: Redefining \[ on input line 2665.
LaTeX Info: Redefining \] on input line 2666.
)
(C:\Users\Oli\AppData\Roaming\MiKTeX\2.9\tex\latex\ms\ragged2e.sty
Package: ragged2e 2009/05/21 v2.1 ragged2e Package (MS)

(C:\Users\Oli\AppData\Roaming\MiKTeX\2.9\tex\latex\ms\everysel.sty
Package: everysel 2011/10/28 v1.2 EverySelectfont Package (MS)
)
\CenteringLeftskip=\skip56
\RaggedLeftLeftskip=\skip57
\RaggedRightLeftskip=\skip58
\CenteringRightskip=\skip59
\RaggedLeftRightskip=\skip60
\RaggedRightRightskip=\skip61
\CenteringParfillskip=\skip62
\RaggedLeftParfillskip=\skip63
\RaggedRightParfillskip=\skip64
\JustifyingParfillskip=\skip65
\CenteringParindent=\skip66
\RaggedLeftParindent=\skip67
\RaggedRightParindent=\skip68
\JustifyingParindent=\skip69
)
("C:\Program Files\MiKTeX 2.9\tex\latex\base\fontenc.sty"
Package: fontenc 2005/09/27 v1.99g Standard LaTeX package
 ("C:\Program Files\MiKTeX 2.9\tex\latex\base\t1enc.def"
File: t1enc.def 2005/09/27 v1.99g Standard LaTeX file
LaTeX Font Info:    Redeclaring font encoding T1 on input line 43.
))
("C:\Program Files\MiKTeX 2.9\tex\latex\base\textcomp.sty"
Package: textcomp 2005/09/27 v1.99g Standard LaTeX package
Package textcomp Info: Sub-encoding information:
(textcomp)               5 = only ISO-Adobe without \textcurrency
(textcomp)               4 = 5 + \texteuro
(textcomp)               3 = 4 + \textohm
(textcomp)               2 = 3 + \textestimated + \textcurrency
(textcomp)               1 = TS1 - \textcircled - \t
(textcomp)               0 = TS1 (full)
(textcomp)             Font families with sub-encoding setting implement
(textcomp)             only a restricted character set as indicated.
(textcomp)             Family '?' is the default used for unknown fonts.
(textcomp)             See the documentation for details.
Package textcomp Info: Setting ? sub-encoding to TS1/1 on input line 71.
 ("C:\Program Files\MiKTeX 2.9\tex\latex\base\ts1enc.def"
File: ts1enc.def 2001/06/05 v3.0e (jk/car/fm) Standard LaTeX file
)
LaTeX Info: Redefining \oldstylenums on input line 266.
Package textcomp Info: Setting cmr sub-encoding to TS1/0 on input line 281.
Package textcomp Info: Setting cmss sub-encoding to TS1/0 on input line 282.
Package textcomp Info: Setting cmtt sub-encoding to TS1/0 on input line 283.
Package textcomp Info: Setting cmvtt sub-encoding to TS1/0 on input line 284.
Package textcomp Info: Setting cmbr sub-encoding to TS1/0 on input line 285.
Package textcomp Info: Setting cmtl sub-encoding to TS1/0 on input line 286.
Package textcomp Info: Setting ccr sub-encoding to TS1/0 on input line 287.
Package textcomp Info: Setting ptm sub-encoding to TS1/4 on input line 288.
Package textcomp Info: Setting pcr sub-encoding to TS1/4 on input line 289.
Package textcomp Info: Setting phv sub-encoding to TS1/4 on input line 290.
Package textcomp Info: Setting ppl sub-encoding to TS1/3 on input line 291.
Package textcomp Info: Setting pag sub-encoding to TS1/4 on input line 292.
Package textcomp Info: Setting pbk sub-encoding to TS1/4 on input line 293.
Package textcomp Info: Setting pnc sub-encoding to TS1/4 on input line 294.
Package textcomp Info: Setting pzc sub-encoding to TS1/4 on input line 295.
Package textcomp Info: Setting bch sub-encoding to TS1/4 on input line 296.
Package textcomp Info: Setting put sub-encoding to TS1/5 on input line 297.
Package textcomp Info: Setting uag sub-encoding to TS1/5 on input line 298.
Package textcomp Info: Setting ugq sub-encoding to TS1/5 on input line 299.
Package textcomp Info: Setting ul8 sub-encoding to TS1/4 on input line 300.
Package textcomp Info: Setting ul9 sub-encoding to TS1/4 on input line 301.
Package textcomp Info: Setting augie sub-encoding to TS1/5 on input line 302.
Package textcomp Info: Setting dayrom sub-encoding to TS1/3 on input line 303.
Package textcomp Info: Setting dayroms sub-encoding to TS1/3 on input line 304.
Package textcomp Info: Setting pxr sub-encoding to TS1/0 on input line 305.
Package textcomp Info: Setting pxss sub-encoding to TS1/0 on input line 306.
Package textcomp Info: Setting pxtt sub-encoding to TS1/0 on input line 307.
Package textcomp Info: Setting txr sub-encoding to TS1/0 on input line 308.
Package textcomp Info: Setting txss sub-encoding to TS1/0 on input line 309.
Package textcomp Info: Setting txtt sub-encoding to TS1/0 on input line 310.
Package textcomp Info: Setting lmr sub-encoding to TS1/0 on input line 311.
Package textcomp Info: Setting lmdh sub-encoding to TS1/0 on input line 312.
Package textcomp Info: Setting lmss sub-encoding to TS1/0 on input line 313.
Package textcomp Info: Setting lmssq sub-encoding to TS1/0 on input line 314.
Package textcomp Info: Setting lmvtt sub-encoding to TS1/0 on input line 315.
Package textcomp Info: Setting qhv sub-encoding to TS1/0 on input line 316.
Package textcomp Info: Setting qag sub-encoding to TS1/0 on input line 317.
Package textcomp Info: Setting qbk sub-encoding to TS1/0 on input line 318.
Package textcomp Info: Setting qcr sub-encoding to TS1/0 on input line 319.
Package textcomp Info: Setting qcs sub-encoding to TS1/0 on input line 320.
Package textcomp Info: Setting qpl sub-encoding to TS1/0 on input line 321.
Package textcomp Info: Setting qtm sub-encoding to TS1/0 on input line 322.
Package textcomp Info: Setting qzc sub-encoding to TS1/0 on input line 323.
Package textcomp Info: Setting qhvc sub-encoding to TS1/0 on input line 324.
Package textcomp Info: Setting futs sub-encoding to TS1/4 on input line 325.
Package textcomp Info: Setting futx sub-encoding to TS1/4 on input line 326.
Package textcomp Info: Setting futj sub-encoding to TS1/4 on input line 327.
Package textcomp Info: Setting hlh sub-encoding to TS1/3 on input line 328.
Package textcomp Info: Setting hls sub-encoding to TS1/3 on input line 329.
Package textcomp Info: Setting hlst sub-encoding to TS1/3 on input line 330.
Package textcomp Info: Setting hlct sub-encoding to TS1/5 on input line 331.
Package textcomp Info: Setting hlx sub-encoding to TS1/5 on input line 332.
Package textcomp Info: Setting hlce sub-encoding to TS1/5 on input line 333.
Package textcomp Info: Setting hlcn sub-encoding to TS1/5 on input line 334.
Package textcomp Info: Setting hlcw sub-encoding to TS1/5 on input line 335.
Package textcomp Info: Setting hlcf sub-encoding to TS1/5 on input line 336.
Package textcomp Info: Setting pplx sub-encoding to TS1/3 on input line 337.
Package textcomp Info: Setting pplj sub-encoding to TS1/3 on input line 338.
Package textcomp Info: Setting ptmx sub-encoding to TS1/4 on input line 339.
Package textcomp Info: Setting ptmj sub-encoding to TS1/4 on input line 340.
)
("C:\Program Files\MiKTeX 2.9\tex\latex\lm\lmodern.sty"
Package: lmodern 2009/10/30 v1.6 Latin Modern Fonts
LaTeX Font Info:    Overwriting symbol font `operators' in version `normal'
(Font)                  OT1/cmr/m/n --> OT1/lmr/m/n on input line 22.
LaTeX Font Info:    Overwriting symbol font `letters' in version `normal'
(Font)                  OML/cmm/m/it --> OML/lmm/m/it on input line 23.
LaTeX Font Info:    Overwriting symbol font `symbols' in version `normal'
(Font)                  OMS/cmsy/m/n --> OMS/lmsy/m/n on input line 24.
LaTeX Font Info:    Overwriting symbol font `largesymbols' in version `normal'
(Font)                  OMX/cmex/m/n --> OMX/lmex/m/n on input line 25.
LaTeX Font Info:    Overwriting symbol font `operators' in version `bold'
(Font)                  OT1/cmr/bx/n --> OT1/lmr/bx/n on input line 26.
LaTeX Font Info:    Overwriting symbol font `letters' in version `bold'
(Font)                  OML/cmm/b/it --> OML/lmm/b/it on input line 27.
LaTeX Font Info:    Overwriting symbol font `symbols' in version `bold'
(Font)                  OMS/cmsy/b/n --> OMS/lmsy/b/n on input line 28.
LaTeX Font Info:    Overwriting symbol font `largesymbols' in version `bold'
(Font)                  OMX/cmex/m/n --> OMX/lmex/m/n on input line 29.
LaTeX Font Info:    Overwriting math alphabet `\mathbf' in version `normal'
(Font)                  OT1/cmr/bx/n --> OT1/lmr/bx/n on input line 31.
LaTeX Font Info:    Overwriting math alphabet `\mathsf' in version `normal'
(Font)                  OT1/cmss/m/n --> OT1/lmss/m/n on input line 32.
LaTeX Font Info:    Overwriting math alphabet `\mathit' in version `normal'
(Font)                  OT1/cmr/m/it --> OT1/lmr/m/it on input line 33.
LaTeX Font Info:    Overwriting math alphabet `\mathtt' in version `normal'
(Font)                  OT1/cmtt/m/n --> OT1/lmtt/m/n on input line 34.
LaTeX Font Info:    Overwriting math alphabet `\mathbf' in version `bold'
(Font)                  OT1/cmr/bx/n --> OT1/lmr/bx/n on input line 35.
LaTeX Font Info:    Overwriting math alphabet `\mathsf' in version `bold'
(Font)                  OT1/cmss/bx/n --> OT1/lmss/bx/n on input line 36.
LaTeX Font Info:    Overwriting math alphabet `\mathit' in version `bold'
(Font)                  OT1/cmr/bx/it --> OT1/lmr/bx/it on input line 37.
LaTeX Font Info:    Overwriting math alphabet `\mathtt' in version `bold'
(Font)                  OT1/cmtt/m/n --> OT1/lmtt/m/n on input line 38.
)
(C:\Users\Oli\AppData\Roaming\MiKTeX\2.9\tex\latex\mh\mathtools.sty
Package: mathtools 2013/02/12 v1.13 mathematical typesetting tools

(C:\Users\Oli\AppData\Roaming\MiKTeX\2.9\tex\latex\mh\mhsetup.sty
Package: mhsetup 2010/01/21 v1.2a programming setup (MH)
)
LaTeX Info: Thecontrolsequence`\['isalreadyrobust on input line 129.
LaTeX Info: Thecontrolsequence`\]'isalreadyrobust on input line 129.
\g_MT_multlinerow_int=\count107
\l_MT_multwidth_dim=\dimen120
\origjot=\skip70
\l_MT_shortvdotswithinadjustabove_dim=\dimen121
\l_MT_shortvdotswithinadjustbelow_dim=\dimen122
\l_MT_above_intertext_sep=\dimen123
\l_MT_below_intertext_sep=\dimen124
\l_MT_above_shortintertext_sep=\dimen125
\l_MT_below_shortintertext_sep=\dimen126
)
(C:\Users\Oli\AppData\Roaming\MiKTeX\2.9\tex\latex\was\fixmath.sty
Package: fixmath 2000/04/11 v0.9 (WaS)
LaTeX Font Info:    Redeclaring math symbol \Gamma on input line 27.
LaTeX Font Info:    Redeclaring math symbol \Delta on input line 28.
LaTeX Font Info:    Redeclaring math symbol \Theta on input line 29.
LaTeX Font Info:    Redeclaring math symbol \Lambda on input line 30.
LaTeX Font Info:    Redeclaring math symbol \Xi on input line 31.
LaTeX Font Info:    Redeclaring math symbol \Pi on input line 32.
LaTeX Font Info:    Redeclaring math symbol \Sigma on input line 33.
LaTeX Font Info:    Redeclaring math symbol \Upsilon on input line 34.
LaTeX Font Info:    Redeclaring math symbol \Phi on input line 35.
LaTeX Font Info:    Redeclaring math symbol \Psi on input line 36.
LaTeX Font Info:    Redeclaring math symbol \Omega on input line 37.
LaTeX Font Info:    Redeclaring math symbol \alpha on input line 38.
LaTeX Font Info:    Redeclaring math symbol \beta on input line 39.
LaTeX Font Info:    Redeclaring math symbol \gamma on input line 40.
LaTeX Font Info:    Redeclaring math symbol \delta on input line 41.
LaTeX Font Info:    Redeclaring math symbol \epsilon on input line 42.
LaTeX Font Info:    Redeclaring math symbol \zeta on input line 43.
LaTeX Font Info:    Redeclaring math symbol \eta on input line 44.
LaTeX Font Info:    Redeclaring math symbol \theta on input line 45.
LaTeX Font Info:    Redeclaring math symbol \iota on input line 46.
LaTeX Font Info:    Redeclaring math symbol \kappa on input line 47.
LaTeX Font Info:    Redeclaring math symbol \lambda on input line 48.
LaTeX Font Info:    Redeclaring math symbol \mu on input line 49.
LaTeX Font Info:    Redeclaring math symbol \nu on input line 50.
LaTeX Font Info:    Redeclaring math symbol \xi on input line 51.
LaTeX Font Info:    Redeclaring math symbol \pi on input line 52.
LaTeX Font Info:    Redeclaring math symbol \rho on input line 53.
LaTeX Font Info:    Redeclaring math symbol \sigma on input line 54.
LaTeX Font Info:    Redeclaring math symbol \tau on input line 55.
LaTeX Font Info:    Redeclaring math symbol \upsilon on input line 56.
LaTeX Font Info:    Redeclaring math symbol \phi on input line 57.
LaTeX Font Info:    Redeclaring math symbol \chi on input line 58.
LaTeX Font Info:    Redeclaring math symbol \psi on input line 59.
LaTeX Font Info:    Redeclaring math symbol \omega on input line 60.
LaTeX Font Info:    Redeclaring math symbol \varepsilon on input line 61.
LaTeX Font Info:    Redeclaring math symbol \vartheta on input line 62.
LaTeX Font Info:    Redeclaring math symbol \varpi on input line 63.
LaTeX Font Info:    Redeclaring math symbol \varphi on input line 64.
LaTeX Font Info:    Redeclaring math symbol \varrho on input line 65.
LaTeX Font Info:    Redeclaring math symbol \varsigma on input line 66.
)
(C:\Users\Oli\AppData\Roaming\MiKTeX\2.9\tex\latex\onlyamsmath\onlyamsmath.sty
Package: onlyamsmath 2012/01/01 v0.10 Destroy the standard math environments
)
(C:\Users\Oli\AppData\Roaming\MiKTeX\2.9\tex\latex\was\icomma.sty
Package: icomma 2002/03/10 v2.0 (WaS)
)
("C:\Program Files\MiKTeX 2.9\tex\latex\amsfonts\amssymb.sty"
Package: amssymb 2013/01/14 v3.01 AMS font symbols

("C:\Program Files\MiKTeX 2.9\tex\latex\amsfonts\amsfonts.sty"
Package: amsfonts 2013/01/14 v3.01 Basic AMSFonts support
\symAMSa=\mathgroup4
\symAMSb=\mathgroup5
LaTeX Font Info:    Overwriting math alphabet `\mathfrak' in version `bold'
(Font)                  U/euf/m/n --> U/euf/b/n on input line 106.
)) ("C:\Program Files\MiKTeX 2.9\tex\latex\ltxmisc\url.sty"
\Urlmuskip=\muskip11
Package: url 2006/04/12  ver 3.3  Verb mode for urls, etc.
) (C:\Users\Oli\AppData\Roaming\MiKTeX\2.9\tex\latex\footmisc\footmisc.sty
Package: footmisc 2011/06/06 v5.5b a miscellany of footnote facilities
\FN@temptoken=\toks24
\footnotemargin=\dimen127
\c@pp@next@reset=\count108
\c@@fnserial=\count109
Package footmisc Info: Declaring symbol style bringhurst on input line 855.
Package footmisc Info: Declaring symbol style chicago on input line 863.
Package footmisc Info: Declaring symbol style wiley on input line 872.
Package footmisc Info: Declaring symbol style lamport-robust on input line 883.
Package footmisc Info: Declaring symbol style lamport* on input line 903.
Package footmisc Info: Declaring symbol style lamport*-robust on input line 924.
)
("C:\Program Files\MiKTeX 2.9\tex\latex\tools\varioref.sty"
Package: varioref 2011/10/02 v1.4z package for extended references (FMi)
\c@vrcnt=\count110
)
(C:\Users\Oli\AppData\Roaming\MiKTeX\2.9\tex\latex\enumitem\enumitem.sty
Package: enumitem 2011/09/28 v3.5.2 Customized lists
\labelindent=\skip71
\enit@outerparindent=\dimen128
\enit@toks=\toks25
\enit@inbox=\box29
\enitdp@description=\count111
)
(C:\Users\Oli\AppData\Roaming\MiKTeX\2.9\tex\latex\csquotes\csquotes.sty
Package: csquotes 2011/10/22 v5.1d context-sensitive quotations

(C:\Users\Oli\AppData\Roaming\MiKTeX\2.9\tex\latex\etoolbox\etoolbox.sty
Package: etoolbox 2011/01/03 v2.1 e-TeX tools for LaTeX

("C:\Program Files\MiKTeX 2.9\tex\latex\misc\etex.sty"
Package: etex 1998/03/26 v2.0 eTeX basic definition package (PEB)
\et@xins=\count112
)
\etb@tempcnta=\count113
)
\csq@reset=\count114
\csq@gtype=\count115
\csq@glevel=\count116
\csq@qlevel=\count117
\csq@maxlvl=\count118
\csq@tshold=\count119
\csq@ltx@everypar=\toks26

(C:\Users\Oli\AppData\Roaming\MiKTeX\2.9\tex\latex\csquotes\csquotes.def
File: csquotes.def 2011/10/22 v5.1d csquotes generic definitions
)
Package csquotes Info: Trying to load configuration file 'csquotes.cfg'...
Package csquotes Info: ... configuration file loaded successfully.

(C:\Users\Oli\AppData\Roaming\MiKTeX\2.9\tex\latex\csquotes\csquotes.cfg
File: csquotes.cfg 
)
Package csquotes Info: Option 'babel' depreciated.
(csquotes)             Using 'autostyle'.
Package csquotes Info: Enabling multilingual quotes.
Package csquotes Info: Redefining alias 'german' -> 'german/quotes'.
Package csquotes Info: Redefining alias 'english' -> 'english/british'.
Package csquotes Info: Redefining alias 'french' -> 'french/guillemets'.
)
(C:\Users\Oli\AppData\Roaming\MiKTeX\2.9\tex\latex\pdfpages\pdfpages.sty
Package: pdfpages 2013/05/30 v0.4u Insert pages of external PDF documents (AM)

("C:\Program Files\MiKTeX 2.9\tex\latex\base\ifthen.sty"
Package: ifthen 2001/05/26 v1.1c Standard LaTeX ifthen package (DPC)
)
(C:\Users\Oli\AppData\Roaming\MiKTeX\2.9\tex\latex\eso-pic\eso-pic.sty
Package: eso-pic 2010/10/06 v2.0c eso-pic (RN)

("C:\Program Files\MiKTeX 2.9\tex\generic\oberdiek\atbegshi.sty"
Package: atbegshi 2011/10/05 v1.16 At begin shipout hook (HO)
))
(C:\Users\Oli\AppData\Roaming\MiKTeX\2.9\tex\latex\pdfpages\pppdftex.def
File: pppdftex.def 2013/05/30 v0.4u Pdfpages driver for pdfTeX (AM)
)
\AM@pagebox=\box30
\AM@toc@title=\toks27
\c@AM@survey=\count120
\AM@templatesizebox=\box31
)
("C:\Program Files\MiKTeX 2.9\tex\latex\hyperref\hyperref.sty"
Package: hyperref 2012/11/06 v6.83m Hypertext links for LaTeX

("C:\Program Files\MiKTeX 2.9\tex\generic\oberdiek\hobsub-hyperref.sty"
Package: hobsub-hyperref 2012/04/25 v1.12 Bundle oberdiek, subset hyperref (HO)

("C:\Program Files\MiKTeX 2.9\tex\generic\oberdiek\hobsub-generic.sty"
Package: hobsub-generic 2012/04/25 v1.12 Bundle oberdiek, subset generic (HO)
Package: hobsub 2012/04/25 v1.12 Construct package bundles (HO)
Package hobsub Info: Skipping package `infwarerr' (already loaded).
Package hobsub Info: Skipping package `ltxcmds' (already loaded).
Package: ifluatex 2010/03/01 v1.3 Provides the ifluatex switch (HO)
Package ifluatex Info: LuaTeX not detected.
Package: ifvtex 2010/03/01 v1.5 Detect VTeX and its facilities (HO)
Package ifvtex Info: VTeX not detected.
Package: intcalc 2007/09/27 v1.1 Expandable calculations with integers (HO)
Package hobsub Info: Skipping package `ifpdf' (already loaded).
Package: etexcmds 2011/02/16 v1.5 Avoid name clashes with e-TeX commands (HO)
Package etexcmds Info: Could not find \expanded.
(etexcmds)             That can mean that you are not using pdfTeX 1.50 or
(etexcmds)             that some package has redefined \expanded.
(etexcmds)             In the latter case, load this package earlier.
Package: kvsetkeys 2012/04/25 v1.16 Key value parser (HO)
Package: kvdefinekeys 2011/04/07 v1.3 Define keys (HO)
Package: pdftexcmds 2011/11/29 v0.20 Utility functions of pdfTeX for LuaTeX (HO)
Package pdftexcmds Info: LuaTeX not detected.
Package pdftexcmds Info: \pdf@primitive is available.
Package pdftexcmds Info: \pdf@ifprimitive is available.
Package pdftexcmds Info: \pdfdraftmode found.
Package: pdfescape 2011/11/25 v1.13 Implements pdfTeX's escape features (HO)
Package: bigintcalc 2012/04/08 v1.3 Expandable calculations on big integers (HO)
Package: bitset 2011/01/30 v1.1 Handle bit-vector datatype (HO)
Package: uniquecounter 2011/01/30 v1.2 Provide unlimited unique counter (HO)
)
Package hobsub Info: Skipping package `hobsub' (already loaded).
Package: letltxmacro 2010/09/02 v1.4 Let assignment for LaTeX macros (HO)
Package: hopatch 2011/06/24 v1.1 Wrapper for package hooks (HO)
Package: xcolor-patch 2011/01/30 xcolor patch
Package: atveryend 2011/06/30 v1.8 Hooks at the very end of document (HO)
Package hobsub Info: Skipping package `atbegshi' (already loaded).
Package: refcount 2011/10/16 v3.4 Data extraction from label references (HO)
Package: hycolor 2011/01/30 v1.7 Color options for hyperref/bookmark (HO)
)
("C:\Program Files\MiKTeX 2.9\tex\generic\ifxetex\ifxetex.sty"
Package: ifxetex 2010/09/12 v0.6 Provides ifxetex conditional
)
("C:\Program Files\MiKTeX 2.9\tex\latex\oberdiek\auxhook.sty"
Package: auxhook 2011/03/04 v1.3 Hooks for auxiliary files (HO)
)
("C:\Program Files\MiKTeX 2.9\tex\latex\oberdiek\kvoptions.sty"
Package: kvoptions 2011/06/30 v3.11 Key value format for package options (HO)
)
\@linkdim=\dimen129
\Hy@linkcounter=\count121
\Hy@pagecounter=\count122

("C:\Program Files\MiKTeX 2.9\tex\latex\hyperref\pd1enc.def"
File: pd1enc.def 2012/11/06 v6.83m Hyperref: PDFDocEncoding definition (HO)
)
\Hy@SavedSpaceFactor=\count123

("C:\Program Files\MiKTeX 2.9\tex\latex\00miktex\hyperref.cfg"
File: hyperref.cfg 2002/06/06 v1.2 hyperref configuration of TeXLive
)
Package hyperref Info: Option `final' set `true' on input line 4319.
Package hyperref Info: Hyper figures OFF on input line 4443.
Package hyperref Info: Link nesting OFF on input line 4448.
Package hyperref Info: Hyper index ON on input line 4451.
Package hyperref Info: Plain pages OFF on input line 4458.
Package hyperref Info: Backreferencing OFF on input line 4463.
Package hyperref Info: Implicit mode ON; LaTeX internals redefined.
Package hyperref Info: Bookmarks ON on input line 4688.
\c@Hy@tempcnt=\count124
LaTeX Info: Redefining \url on input line 5041.
\XeTeXLinkMargin=\dimen130
\Fld@menulength=\count125
\Field@Width=\dimen131
\Fld@charsize=\dimen132
Package hyperref Info: Hyper figures OFF on input line 6295.
Package hyperref Info: Link nesting OFF on input line 6300.
Package hyperref Info: Hyper index ON on input line 6303.
Package hyperref Info: backreferencing OFF on input line 6310.
Package hyperref Info: Link coloring OFF on input line 6315.
Package hyperref Info: Link coloring with OCG OFF on input line 6320.
Package hyperref Info: PDF/A mode OFF on input line 6325.
LaTeX Info: Redefining \ref on input line 6365.
LaTeX Info: Redefining \pageref on input line 6369.
\Hy@abspage=\count126
\c@Item=\count127
\c@Hfootnote=\count128
)

Package hyperref Message: Driver: hpdftex.

("C:\Program Files\MiKTeX 2.9\tex\latex\hyperref\hpdftex.def"
File: hpdftex.def 2012/11/06 v6.83m Hyperref driver for pdfTeX
\Fld@listcount=\count129
\c@bookmark@seq@number=\count130

("C:\Program Files\MiKTeX 2.9\tex\latex\oberdiek\rerunfilecheck.sty"
Package: rerunfilecheck 2011/04/15 v1.7 Rerun checks for auxiliary files (HO)
Package uniquecounter Info: New unique counter `rerunfilecheck' on input line 282.
)
\Hy@SectionHShift=\skip72
)
Package hyperref Info: Option `colorlinks' set `true' on input line 172.
Package hyperref Info: Option `raiselinks' set `true' on input line 172.
Package hyperref Info: Option `breaklinks' set `true' on input line 172.
Package hyperref Info: Option `verbose' set `true' on input line 172.
Package hyperref Info: Option `linktocpage' set `true' on input line 172.
Package hyperref Info: Option `bookmarksopen' set `true' on input line 172.
Package hyperref Info: Option `bookmarksnumbered' set `true' on input line 172.
Package hyperref Info: Option `plainpages' set `false' on input line 172.
Package hyperref Info: Option `pageanchor' set `true' on input line 172.

(C:\Users\Oli\AppData\Roaming\MiKTeX\2.9\tex\latex\booktabs\booktabs.sty
Package: booktabs 2005/04/14 v1.61803 publication quality tables
\heavyrulewidth=\dimen133
\lightrulewidth=\dimen134
\cmidrulewidth=\dimen135
\belowrulesep=\dimen136
\belowbottomsep=\dimen137
\aboverulesep=\dimen138
\abovetopsep=\dimen139
\cmidrulesep=\dimen140
\cmidrulekern=\dimen141
\defaultaddspace=\dimen142
\@cmidla=\count131
\@cmidlb=\count132
\@aboverulesep=\dimen143
\@belowrulesep=\dimen144
\@thisruleclass=\count133
\@lastruleclass=\count134
\@thisrulewidth=\dimen145
)
("C:\Program Files\MiKTeX 2.9\tex\latex\tools\tabularx.sty"
Package: tabularx 1999/01/07 v2.07 `tabularx' package (DPC)
\TX@col@width=\dimen146
\TX@old@table=\dimen147
\TX@old@col=\dimen148
\TX@target=\dimen149
\TX@delta=\dimen150
\TX@cols=\count135
\TX@ftn=\toks28
)
("C:\Program Files\MiKTeX 2.9\tex\latex\multirow\multirow.sty"
\bigstrutjot=\dimen151
) ("C:\Program Files\MiKTeX 2.9\tex\latex\float\float.sty"
Package: float 2001/11/08 v1.3d Float enhancements (AL)
\c@float@type=\count136
\float@exts=\toks29
\float@box=\box32
\@float@everytoks=\toks30
\@floatcapt=\box33
) ("C:\Program Files\MiKTeX 2.9\tex\latex\base\flafter.sty"
Package: flafter 2000/07/23 v1.2i Standard LaTeX floats after reference (FMi)
)
(C:\Users\Oli\AppData\Roaming\MiKTeX\2.9\tex\latex\subfig\subfig.sty
Package: subfig 2005/06/28 ver: 1.3 subfig package

(C:\Users\Oli\AppData\Roaming\MiKTeX\2.9\tex\latex\caption\caption.sty
Package: caption 2013/05/02 v3.3-89 Customizing captions (AR)

(C:\Users\Oli\AppData\Roaming\MiKTeX\2.9\tex\latex\caption\caption3.sty
Package: caption3 2013/05/02 v1.6-88 caption3 kernel (AR)
Package caption3 Info: TeX engine: e-TeX on input line 57.
\captionmargin=\dimen152
\captionmargin@=\dimen153
\captionwidth=\dimen154
\caption@tempdima=\dimen155
\caption@indent=\dimen156
\caption@parindent=\dimen157
\caption@hangindent=\dimen158
)
Package caption Info: KOMA-Script document class.
\c@ContinuedFloat=\count137
Package caption Info: float package is loaded.
Package caption Info: hyperref package is loaded.
)
\c@KVtest=\count138
\sf@farskip=\skip73
\sf@captopadj=\dimen159
\sf@capskip=\skip74
\sf@nearskip=\skip75
\c@subfigure=\count139
\c@subfigure@save=\count140
\c@lofdepth=\count141
\c@subtable=\count142
\c@subtable@save=\count143
\c@lotdepth=\count144
\sf@top=\skip76
\sf@bottom=\skip77
)
(C:\Users\Oli\AppData\Roaming\MiKTeX\2.9\tex\latex\wrapfig\wrapfig.sty
\wrapoverhang=\dimen160
\WF@size=\dimen161
\c@WF@wrappedlines=\count145
\WF@box=\box34
\WF@everypar=\toks31
Package: wrapfig 2003/01/31  v 3.6
)
(C:\Users\Oli\AppData\Roaming\MiKTeX\2.9\tex\latex\placeins\placeins.sty
Package: placeins 2005/04/18  v 2.2
)
(C:\Users\Oli\AppData\Roaming\MiKTeX\2.9\tex\latex\upquote\upquote.sty
Package: upquote 2012/04/19 v1.3 upright-quote and grave-accent glyphs in verbatim
)
(C:\Users\Oli\AppData\Roaming\MiKTeX\2.9\tex\latex\listings\listings.sty
\lst@mode=\count146
\lst@gtempboxa=\box35
\lst@token=\toks32
\lst@length=\count147
\lst@currlwidth=\dimen162
\lst@column=\count148
\lst@pos=\count149
\lst@lostspace=\dimen163
\lst@width=\dimen164
\lst@newlines=\count150
\lst@lineno=\count151
\lst@maxwidth=\dimen165

(C:\Users\Oli\AppData\Roaming\MiKTeX\2.9\tex\latex\listings\lstmisc.sty
File: lstmisc.sty 2013/07/10 1.5 (Carsten Heinz)
\c@lstnumber=\count152
\lst@skipnumbers=\count153
\lst@framebox=\box36
)
(C:\Users\Oli\AppData\Roaming\MiKTeX\2.9\tex\latex\listings\listings.cfg
File: listings.cfg 2013/06/27 1.5pre1 listings configuration
))
Package: listings 2013/07/10 1.5 (Carsten Heinz)

(C:\Users\Oli\AppData\Roaming\MiKTeX\2.9\tex\latex\listings\lstlang1.sty
File: lstlang1.sty 2013/06/27 1.5pre1 listings language file
)
(C:\Users\Oli\AppData\Roaming\MiKTeX\2.9\tex\latex\listings\lstlang2.sty
File: lstlang2.sty 2013/06/27 1.5pre1 listings language file
)
(C:\Users\Oli\AppData\Roaming\MiKTeX\2.9\tex\latex\listings\lstlang3.sty
File: lstlang3.sty 2013/06/27 1.5pre1 listings language file
)
(C:\Users\Oli\AppData\Roaming\MiKTeX\2.9\tex\latex\siunits\SIunits.sty
Package: SIunits 2007/12/02 v1.36 Support for the International System of units (MH)


\@qskwidth=\skip78
LaTeX Font Info:    Redeclaring font encoding TS1 on input line 46.
\symgreek=\mathgroup6
(C:\Users\Oli\AppData\Roaming\MiKTeX\2.9\tex\latex\siunits\SIunits.cfg)
Option `squaren' provided!
) (C:\Users\Oli\AppData\Roaming\MiKTeX\2.9\tex\latex\setspace\setspace.sty
Package: setspace 2011/12/19 v6.7a set line spacing
)
LaTeX Font Info:    Try loading font information for T1+lmr on input line 273.

("C:\Program Files\MiKTeX 2.9\tex\latex\lm\t1lmr.fd"
File: t1lmr.fd 2009/10/30 v1.6 Font defs for Latin Modern
)
Package typearea Info: These are the values describing the layout:
(typearea)             DIV  = 14
(typearea)             BCOR = 14.22636pt
(typearea)             \paperwidth      = 597.50793pt
(typearea)              \textwidth      = 458.29268pt
(typearea)              DIV departure   = -8%
(typearea)              \evensidemargin = 4.45082pt
(typearea)              \oddsidemargin  = 4.45082pt
(typearea)             \paperheight     = 845.04694pt
(typearea)              \textheight     = 635.5pt
(typearea)              \topmargin      = -11.9095pt
(typearea)              \headheight     = 15.95009pt
(typearea)              \headsep        = 21.75pt
(typearea)              \topskip        = 12.0pt
(typearea)              \footskip       = 50.75pt
(typearea)              \baselineskip   = 14.5pt
(typearea)              on input line 273.

(C:\Users\Oli\AppData\Roaming\MiKTeX\2.9\tex\latex\koma-script\scrpage2.sty
Package: scrpage2 2010/04/22 v2.5 LaTeX2e KOMA-Script package
LaTeX Info: Redefining \pagemark on input line 176.
)
(C:\Users\Oli\AppData\Roaming\MiKTeX\2.9\tex\latex\koma-script\scrtime.sty
Package: scrtime 2012/07/29 v3.11b KOMA-Script package (time of LaTeX run)
)
Package scrkbase Info: You've told me to redefine the font selection of the
(scrkbase)             element `sectioning' that is an alias of element
(scrkbase)             `disposition' on input line 333.
Package scrkbase Info: You've told me to redefine the font selection of the
(scrkbase)             element `pagehead' that is an alias of element
(scrkbase)             `pageheadfoot' on input line 336.


Package scrkbase Warning: `pagehead' is only an alias of `pageheadfoot'.
(scrkbase)                Font of page foot may also be changed on input line 336.

) (D:\Project_Quad\masterquad2015\doc\se\sources\Result_Kalman_Complementary\preamble/pre-newcommands.tex)
(D:\Project_Quad\masterquad2015\doc\se\sources\Result_Kalman_Complementary\preamble/pre-tablecommands.tex)
(D:\Project_Quad\masterquad2015\doc\se\sources\Result_Kalman_Complementary\preamble/pre-hyphenation.tex)
Package csquotes Info: Checking for multilingual support...
Package csquotes Info: ... found 'babel' package.

(D:\Project_Quad\masterquad2015\doc\se\sources\Result_Kalman_Complementary\Result_Kalman_Complementary.aux
(D:\Project_Quad\masterquad2015\doc\se\sources\Result_Kalman_Complementary\chapters/ch-aa-titel.aux)
(D:\Project_Quad\masterquad2015\doc\se\sources\Result_Kalman_Complementary\chapters/ch-Einleitung.aux)
(D:\Project_Quad\masterquad2015\doc\se\sources\Result_Kalman_Complementary\chapters/ch-aa-vorspiel.aux)
(D:\Project_Quad\masterquad2015\doc\se\sources\Result_Kalman_Complementary\chapters/ch-Complementary.aux

LaTeX Warning: Label `equ:Comp2' multiply defined.

) (D:\Project_Quad\masterquad2015\doc\se\sources\Result_Kalman_Complementary\chapters/ch-Kalman.aux

LaTeX Warning: Label `equ:Kalman4' multiply defined.


LaTeX Warning: Label `fig:3D' multiply defined.

))
LaTeX Font Info:    Checking defaults for OML/cmm/m/it on input line 31.
LaTeX Font Info:    ... okay on input line 31.
LaTeX Font Info:    Checking defaults for T1/cmr/m/n on input line 31.
LaTeX Font Info:    ... okay on input line 31.
LaTeX Font Info:    Checking defaults for OT1/cmr/m/n on input line 31.
LaTeX Font Info:    ... okay on input line 31.
LaTeX Font Info:    Checking defaults for OMS/cmsy/m/n on input line 31.
LaTeX Font Info:    ... okay on input line 31.
LaTeX Font Info:    Checking defaults for OMX/cmex/m/n on input line 31.
LaTeX Font Info:    ... okay on input line 31.
LaTeX Font Info:    Checking defaults for U/cmr/m/n on input line 31.
LaTeX Font Info:    ... okay on input line 31.
LaTeX Font Info:    Checking defaults for TS1/cmr/m/n on input line 31.
LaTeX Font Info:    Try loading font information for TS1+cmr on input line 31.
 ("C:\Program Files\MiKTeX 2.9\tex\latex\base\ts1cmr.fd"
File: ts1cmr.fd 1999/05/25 v2.5h Standard LaTeX font definitions
)
LaTeX Font Info:    ... okay on input line 31.
LaTeX Font Info:    Checking defaults for PD1/pdf/m/n on input line 31.
LaTeX Font Info:    ... okay on input line 31.

(C:\Users\Oli\AppData\Roaming\MiKTeX\2.9\tex\context\base\supp-pdf.mkii
[Loading MPS to PDF converter (version 2006.09.02).]
\scratchcounter=\count154
\scratchdimen=\dimen166
\scratchbox=\box37
\nofMPsegments=\count155
\nofMParguments=\count156
\everyMPshowfont=\toks33
\MPscratchCnt=\count157
\MPscratchDim=\dimen167
\MPnumerator=\count158
\makeMPintoPDFobject=\count159
\everyMPtoPDFconversion=\toks34
) ABD: EverySelectfont initializing macros
LaTeX Info: Redefining \selectfont on input line 31.
\AtBeginShipoutBox=\box38
Package hyperref Info: Link coloring ON on input line 31.
 ("C:\Program Files\MiKTeX 2.9\tex\latex\hyperref\nameref.sty"
Package: nameref 2012/10/27 v2.43 Cross-referencing by name of section

("C:\Program Files\MiKTeX 2.9\tex\generic\oberdiek\gettitlestring.sty"
Package: gettitlestring 2010/12/03 v1.4 Cleanup title references (HO)
)
\c@section@level=\count160
LaTeX Info: Redefining \Ref on input line 513.
)
LaTeX Info: Redefining \ref on input line 31.
LaTeX Info: Redefining \pageref on input line 31.
LaTeX Info: Redefining \nameref on input line 31.

(D:\Project_Quad\masterquad2015\doc\se\sources\Result_Kalman_Complementary\Result_Kalman_Complementary.out)
(D:\Project_Quad\masterquad2015\doc\se\sources\Result_Kalman_Complementary\Result_Kalman_Complementary.out)
\@outlinefile=\write3
Package hyperref Info: Anchor `Doc-Start' on input line 31.
LaTeX Info: Redefining \Ref on input line 31.
Package caption Info: Begin \AtBeginDocument code.
Package caption Info: subfig package v1.3 is loaded.
Package caption Info: listings package is loaded.
Package caption Info: wrapfig package is loaded.
Package caption Info: End \AtBeginDocument code.
Package caption Info: We need package `ragged2e' on input line 31.
\c@lstlisting=\count161

Option `squaren' provided! 
 Command \squaren defined by SIunits package!

(D:\Project_Quad\masterquad2015\doc\se\sources\Result_Kalman_Complementary\preamble/pre-tablesettings.tex)
(D:\Project_Quad\masterquad2015\doc\se\sources\Result_Kalman_Complementary\chapters/ch-aa-titel.tex
LaTeX Font Info:    Try loading font information for T1+lmss on input line 7.

("C:\Program Files\MiKTeX 2.9\tex\latex\lm\t1lmss.fd"
File: t1lmss.fd 2009/10/30 v1.6 Font defs for Latin Modern
) <fig/aa-titel/HE_Logo_4c.pdf, id=35, 126.13202pt x 31.17377pt>
File: fig/aa-titel/HE_Logo_4c.pdf Graphic file (type pdf)

<use fig/aa-titel/HE_Logo_4c.pdf>
Package pdftex.def Info: fig/aa-titel/HE_Logo_4c.pdf used on input line 9.
(pdftex.def)             Requested size: 142.26378pt x 35.16219pt.
Package hyperref Info: Anchor `page.i' on input line 46.
 [1





{C:/Users/Oli/AppData/Local/MiKTeX/2.9/pdftex/config/pdftex.map} <D:/Project_Quad/masterquad2015/doc/se/sources/Result_K
alman_Complementary/fig/aa-titel/HE_Logo_4c.pdf>])
Package hyperref Info: Anchor `chapter*.1' on input line 42.

(D:\Project_Quad\masterquad2015\doc\se\sources\Result_Kalman_Complementary\Result_Kalman_Complementary.toc
Package hyperref Info: Reference (link) `chapter.1' on input line 2.
Package hyperref Info: Reference (link) `chapter.2' on input line 3.
LaTeX Font Info:    Try loading font information for OT1+lmr on input line 4.

("C:\Program Files\MiKTeX 2.9\tex\latex\lm\ot1lmr.fd"
File: ot1lmr.fd 2009/10/30 v1.6 Font defs for Latin Modern
)
LaTeX Font Info:    Try loading font information for OML+lmm on input line 4.
 ("C:\Program Files\MiKTeX 2.9\tex\latex\lm\omllmm.fd"
File: omllmm.fd 2009/10/30 v1.6 Font defs for Latin Modern
)
LaTeX Font Info:    Try loading font information for OMS+lmsy on input line 4.

("C:\Program Files\MiKTeX 2.9\tex\latex\lm\omslmsy.fd"
File: omslmsy.fd 2009/10/30 v1.6 Font defs for Latin Modern
)
LaTeX Font Info:    Try loading font information for OMX+lmex on input line 4.
 ("C:\Program Files\MiKTeX 2.9\tex\latex\lm\omxlmex.fd"
File: omxlmex.fd 2009/10/30 v1.6 Font defs for Latin Modern
)
LaTeX Font Info:    External font `lmex10' loaded for size
(Font)              <12> on input line 4.
LaTeX Font Info:    External font `lmex10' loaded for size
(Font)              <8> on input line 4.
LaTeX Font Info:    External font `lmex10' loaded for size
(Font)              <6> on input line 4.
LaTeX Font Info:    Try loading font information for U+msa on input line 4.

("C:\Program Files\MiKTeX 2.9\tex\latex\amsfonts\umsa.fd"
File: umsa.fd 2013/01/14 v3.01 AMS symbols A
)
LaTeX Font Info:    Try loading font information for U+msb on input line 4.
 ("C:\Program Files\MiKTeX 2.9\tex\latex\amsfonts\umsb.fd"
File: umsb.fd 2013/01/14 v3.01 AMS symbols B
)
Package hyperref Info: Reference (link) `section.2.1' on input line 4.
Package hyperref Info: Reference (link) `section.2.2' on input line 5.
Package hyperref Info: Reference (link) `section.2.3' on input line 6.
Package hyperref Info: Reference (link) `chapter.3' on input line 7.
Package hyperref Info: Reference (link) `chapter.4' on input line 8.
Package hyperref Info: Reference (link) `appendix*.18' on input line 9.
)
\tf@toc=\write4
LaTeX Font Info:    External font `lmex10' loaded for size
(Font)              <10.95> on input line 43.
Package hyperref Info: Anchor `page.ii' on input line 43.

[2
\FN@pp@footnotehinttrue 



Package `hyperref' Info: End of reference (link) `chapter.1', line 2.
Package `hyperref' Info: End of reference (link) `chapter.2', line 3.
Package `hyperref' Info: End of reference (link) `section.2.1', line 4.
Package `hyperref' Info: End of reference (link) `section.2.2', line 5.
Package `hyperref' Info: End of reference (link) `section.2.3', line 6.
Package `hyperref' Info: End of reference (link) `chapter.3', line 7.
Package `hyperref' Info: End of reference (link) `chapter.4', line 8.
Package `hyperref' Info: End of reference (link) `appendix*.18', line 9.
]
Package hyperref Info: Anchor `chapter*.2' on input line 43.
 (D:\Project_Quad\masterquad2015\doc\se\sources\Result_Kalman_Complementary\Result_Kalman_Complementary.lof
Package hyperref Info: Reference (link) `figure.caption.3' on input line 3.
Package hyperref Info: Reference (link) `figure.caption.4' on input line 5.
Package hyperref Info: Reference (link) `figure.caption.5' on input line 6.
Package hyperref Info: Reference (link) `figure.caption.6' on input line 7.
Package hyperref Info: Reference (link) `figure.caption.7' on input line 8.
Package hyperref Info: Reference (link) `figure.caption.8' on input line 9.
Package hyperref Info: Reference (link) `figure.caption.9' on input line 11.
Package hyperref Info: Reference (link) `figure.caption.10' on input line 12.
Package hyperref Info: Reference (link) `figure.caption.11' on input line 13.
Package hyperref Info: Reference (link) `figure.caption.12' on input line 15.
Package hyperref Info: Reference (link) `figure.caption.13' on input line 16.
Package hyperref Info: Reference (link) `figure.caption.14' on input line 17.
Package hyperref Info: Reference (link) `figure.caption.15' on input line 18.
Package hyperref Info: Reference (link) `figure.caption.16' on input line 19.
Package hyperref Info: Reference (link) `figure.caption.17' on input line 20.
)
\tf@lof=\write5
Package hyperref Info: Anchor `page.iii' on input line 48.
 [3


Package `hyperref' Info: End of reference (link) `figure.caption.3', line 3.
Package `hyperref' Info: End of reference (link) `figure.caption.4', line 5.
Package `hyperref' Info: End of reference (link) `figure.caption.5', line 6.
Package `hyperref' Info: End of reference (link) `figure.caption.6', line 7.
Package `hyperref' Info: End of reference (link) `figure.caption.7', line 8.
Package `hyperref' Info: End of reference (link) `figure.caption.8', line 9.
Package `hyperref' Info: End of reference (link) `figure.caption.9', line 11.
Package `hyperref' Info: End of reference (link) `figure.caption.10', line 12.
Package `hyperref' Info: End of reference (link) `figure.caption.11', line 13.
Package `hyperref' Info: End of reference (link) `figure.caption.12', line 15.
Package `hyperref' Info: End of reference (link) `figure.caption.13', line 16.
Package `hyperref' Info: End of reference (link) `figure.caption.14', line 17.
Package `hyperref' Info: End of reference (link) `figure.caption.15', line 18.
Package `hyperref' Info: End of reference (link) `figure.caption.16', line 19.
Package `hyperref' Info: End of reference (link) `figure.caption.17', line 20.
]
(D:\Project_Quad\masterquad2015\doc\se\sources\Result_Kalman_Complementary\chapters/ch-Einleitung.tex
Package hyperref Info: Anchor `chapter.1' on input line 1.

Chapter 1.
Package hyperref Info: bookmark on input line 1:
(hyperref)             thecounter {1}
(hyperref)             text {\protect \numberline {\thechapter }\scr@ds@tocentry }
(hyperref)             reference {chapter.1}
(hyperref)             toclevel {0}
(hyperref)             type {toc}.

Class scrbook Warning: \float@addtolists detected!
(scrbook)              You should use the features of package `tocbasic'
(scrbook)              instead of \float@addtolists.
(scrbook)              Support for \float@addtolists may be removed from
(scrbook)              `scrbook' soon .

Package hyperref Info: Reference (link) `figure.caption.3' on input line 4.
Package hyperref Info: Anchor `figure.caption.3' on input line 6.
<fig/Model.jpg, id=101, 557.83406pt x 411.03563pt>
File: fig/Model.jpg Graphic file (type jpg)
 <use fig/Model.jpg>
Package pdftex.def Info: fig/Model.jpg used on input line 7.
(pdftex.def)             Requested size: 458.29268pt x 337.6974pt.
Package hyperref Info: bookmark on input line 8:
(hyperref)             thecounter {1.1}
(hyperref)             text {\protect \numberline {\caption@lstfmt {\@nameuse {p@figure}}{\@nameuse {thefigure}}}{\ignor
espaces Matlab model\relax }}
(hyperref)             reference {figure.caption.3}
(hyperref)             toclevel {0}
(hyperref)             type {lof}.
Package hyperref Info: Anchor `page.1' on input line 12.
 [1




Package `hyperref' Info: End of reference (link) `figure.caption.3', line 4.
 <D:/Project_Quad/masterquad2015/doc/se/sources/Result_Kalman_Complementary/fig/Model.jpg>]
Package hyperref Info: Reference (link) `chapter.2' on input line 13.
 (C:\Users\Oli\AppData\Roaming\MiKTeX\2.9\tex\latex\listings\lstlang1.sty
File: lstlang1.sty 2013/06/27 1.5pre1 listings language file
)
Package hyperref Info: Anchor `lstlisting.1.-1' on input line 19.
LaTeX Font Info:    Try loading font information for T1+lmtt on input line 19.

("C:\Program Files\MiKTeX 2.9\tex\latex\lm\t1lmtt.fd"
File: t1lmtt.fd 2009/10/30 v1.6 Font defs for Latin Modern
)
Package hyperref Info: Anchor `lstnumber.-1.1' on input line 20.
LaTeX Font Info:    Try loading font information for TS1+lmtt on input line 20.
 ("C:\Program Files\MiKTeX 2.9\tex\latex\lm\ts1lmtt.fd"
File: ts1lmtt.fd 2009/10/30 v1.6 Font defs for Latin Modern
)
Package hyperref Info: Anchor `lstnumber.-1.2' on input line 22.
Package hyperref Info: Anchor `lstnumber.-1.3' on input line 22.
Package hyperref Info: Anchor `lstnumber.-1.4' on input line 23.
Package hyperref Info: Anchor `lstnumber.-1.5' on input line 24.
Package hyperref Info: Anchor `lstnumber.-1.6' on input line 25.
Package hyperref Info: Anchor `lstnumber.-1.7' on input line 26.
Package hyperref Info: Anchor `lstnumber.-1.8' on input line 27.
Package hyperref Info: Anchor `lstnumber.-1.9' on input line 28.
Package hyperref Info: Anchor `lstnumber.-1.10' on input line 29.
Package hyperref Info: Anchor `lstnumber.-1.11' on input line 30.
Package hyperref Info: Anchor `lstnumber.-1.12' on input line 31.
Package hyperref Info: Anchor `lstnumber.-1.13' on input line 33.
Package hyperref Info: Anchor `lstnumber.-1.14' on input line 33.
Package hyperref Info: Anchor `lstnumber.-1.15' on input line 34.
Package hyperref Info: Anchor `lstnumber.-1.16' on input line 35.
Package hyperref Info: Anchor `lstnumber.-1.17' on input line 36.
Package hyperref Info: Anchor `lstnumber.-1.18' on input line 37.
Package hyperref Info: Anchor `lstnumber.-1.19' on input line 38.
Package hyperref Info: Anchor `lstnumber.-1.20' on input line 39.
Package hyperref Info: Anchor `lstnumber.-1.21' on input line 41.
Package hyperref Info: Anchor `lstnumber.-1.22' on input line 41.
Package hyperref Info: Anchor `lstnumber.-1.23' on input line 42.
Package hyperref Info: Anchor `lstnumber.-1.24' on input line 43.
Package hyperref Info: Anchor `lstnumber.-1.25' on input line 44.
Package hyperref Info: Anchor `lstnumber.-1.26' on input line 45.
Package hyperref Info: Anchor `lstnumber.-1.27' on input line 46.
Package hyperref Info: Anchor `lstnumber.-1.28' on input line 48.
Package hyperref Info: Anchor `lstnumber.-1.29' on input line 48.
Package hyperref Info: Anchor `lstnumber.-1.30' on input line 49.
Package hyperref Info: Anchor `lstnumber.-1.31' on input line 50.
Package hyperref Info: Anchor `lstnumber.-1.32' on input line 51.
Package hyperref Info: Anchor `lstnumber.-1.33' on input line 52.
Package hyperref Info: Anchor `lstnumber.-1.34' on input line 53.
Package hyperref Info: Anchor `lstnumber.-1.35' on input line 54.
Package hyperref Info: Anchor `page.2' on input line 55.
 [2
Package `hyperref' Info: End of reference (link) `chapter.2', line 13.
]
Package hyperref Info: Anchor `lstnumber.-1.36' on input line 55.
Package hyperref Info: Anchor `lstnumber.-1.37' on input line 56.
Package hyperref Info: Anchor `lstnumber.-1.38' on input line 57.
Package hyperref Info: Anchor `lstnumber.-1.39' on input line 59.
Package hyperref Info: Anchor `lstnumber.-1.40' on input line 59.
Package hyperref Info: Anchor `lstnumber.-1.41' on input line 60.
Package hyperref Info: Anchor `lstnumber.-1.42' on input line 61.
Package hyperref Info: Anchor `lstnumber.-1.43' on input line 62.
Package hyperref Info: Anchor `lstnumber.-1.44' on input line 63.
Package hyperref Info: Anchor `lstnumber.-1.45' on input line 64.
Package hyperref Info: Anchor `lstnumber.-1.46' on input line 65.
Package hyperref Info: Anchor `lstnumber.-1.47' on input line 67.
Package hyperref Info: Anchor `lstnumber.-1.48' on input line 67.
Package hyperref Info: Anchor `lstnumber.-1.49' on input line 68.
Package hyperref Info: Anchor `lstnumber.-1.50' on input line 69.
Package hyperref Info: Anchor `lstnumber.-1.51' on input line 70.
Package hyperref Info: Anchor `lstnumber.-1.52' on input line 71.
Package hyperref Info: Anchor `lstnumber.-1.53' on input line 72.
Package hyperref Info: Anchor `lstnumber.-1.54' on input line 74.
Package hyperref Info: Anchor `lstnumber.-1.55' on input line 74.
Package hyperref Info: Anchor `lstnumber.-1.56' on input line 75.
Package hyperref Info: Anchor `lstnumber.-1.57' on input line 76.
Package hyperref Info: Anchor `lstnumber.-1.58' on input line 77.
Package hyperref Info: Anchor `lstnumber.-1.59' on input line 78.
Package hyperref Info: Anchor `lstnumber.-1.60' on input line 79.
Package hyperref Info: Anchor `lstnumber.-1.61' on input line 80.
Package hyperref Info: Anchor `lstnumber.-1.62' on input line 81.
Package hyperref Info: Anchor `lstnumber.-1.63' on input line 82.
Package hyperref Info: Anchor `lstnumber.-1.64' on input line 83.
Package hyperref Info: Anchor `lstnumber.-1.65' on input line 85.
Package hyperref Info: Anchor `lstnumber.-1.66' on input line 85.
Package hyperref Info: Anchor `lstnumber.-1.67' on input line 86.
Package hyperref Info: Anchor `lstnumber.-1.68' on input line 87.
Package hyperref Info: Anchor `lstnumber.-1.69' on input line 88.
Package hyperref Info: Anchor `lstnumber.-1.70' on input line 89.
Package hyperref Info: Anchor `lstnumber.-1.71' on input line 90.
Package hyperref Info: Anchor `lstnumber.-1.72' on input line 91.
Package hyperref Info: Anchor `lstnumber.-1.73' on input line 93.
Package hyperref Info: Anchor `lstnumber.-1.74' on input line 93.
Package hyperref Info: Anchor `lstnumber.-1.75' on input line 94.
Package hyperref Info: Anchor `lstnumber.-1.76' on input line 95.
Package hyperref Info: Anchor `page.3' on input line 96.

[3]
Package hyperref Info: Anchor `lstnumber.-1.77' on input line 96.
Package hyperref Info: Anchor `lstnumber.-1.78' on input line 97.
Package hyperref Info: Anchor `lstnumber.-1.79' on input line 98.
Package hyperref Info: Anchor `lstnumber.-1.80' on input line 101.
Package hyperref Info: Anchor `lstnumber.-1.81' on input line 101.
Package hyperref Info: Anchor `lstnumber.-1.82' on input line 101.
Package hyperref Info: Anchor `lstnumber.-1.83' on input line 102.
Package hyperref Info: Anchor `lstnumber.-1.84' on input line 103.
Package hyperref Info: Anchor `lstnumber.-1.85' on input line 104.
Package hyperref Info: Anchor `lstnumber.-1.86' on input line 105.
Package hyperref Info: Anchor `lstnumber.-1.87' on input line 106.
Package hyperref Info: Anchor `lstnumber.-1.88' on input line 107.
Package hyperref Info: Anchor `lstnumber.-1.89' on input line 109.
Package hyperref Info: Anchor `lstnumber.-1.90' on input line 109.
Package hyperref Info: Anchor `lstnumber.-1.91' on input line 110.
Package hyperref Info: Anchor `lstnumber.-1.92' on input line 111.
Package hyperref Info: Anchor `lstnumber.-1.93' on input line 112.
Package hyperref Info: Anchor `lstnumber.-1.94' on input line 114.
Package hyperref Info: Anchor `lstnumber.-1.95' on input line 114.
Package hyperref Info: Anchor `lstnumber.-1.96' on input line 115.
Package hyperref Info: Anchor `lstnumber.-1.97' on input line 116.
Package hyperref Info: Anchor `lstnumber.-1.98' on input line 117.
Package hyperref Info: Anchor `lstnumber.-1.99' on input line 120.
Package hyperref Info: Anchor `lstnumber.-1.100' on input line 120.
Package hyperref Info: Anchor `lstnumber.-1.101' on input line 120.
Package hyperref Info: Anchor `lstnumber.-1.102' on input line 121.
Package hyperref Info: Anchor `lstnumber.-1.103' on input line 122.
Package hyperref Info: Anchor `lstnumber.-1.104' on input line 123.
Package hyperref Info: Anchor `lstnumber.-1.105' on input line 124.
Package hyperref Info: Anchor `lstnumber.-1.106' on input line 125.
Package hyperref Info: Anchor `lstnumber.-1.107' on input line 126.
Package hyperref Info: Anchor `lstnumber.-1.108' on input line 128.
Package hyperref Info: Anchor `lstnumber.-1.109' on input line 128.
Package hyperref Info: Anchor `lstnumber.-1.110' on input line 129.
Package hyperref Info: Anchor `lstnumber.-1.111' on input line 130.
Package hyperref Info: Anchor `lstnumber.-1.112' on input line 131.
Package hyperref Info: Anchor `lstnumber.-1.113' on input line 133.
Package hyperref Info: Anchor `lstnumber.-1.114' on input line 133.
Package hyperref Info: Anchor `lstnumber.-1.115' on input line 134.
Package hyperref Info: Anchor `lstnumber.-1.116' on input line 135.
Package hyperref Info: Anchor `lstnumber.-1.117' on input line 136.
Package hyperref Info: Anchor `lstnumber.-1.118' on input line 138.
Package hyperref Info: Anchor `lstnumber.-1.119' on input line 138.
Package hyperref Info: Anchor `lstnumber.-1.120' on input line 139.
Package hyperref Info: Anchor `lstnumber.-1.121' on input line 140.
Package hyperref Info: Anchor `page.4' on input line 141.
 [4]
Package hyperref Info: Anchor `lstnumber.-1.122' on input line 141.
Package hyperref Info: Anchor `lstnumber.-1.123' on input line 142.
Package hyperref Info: Anchor `lstnumber.-1.124' on input line 143.
Package hyperref Info: Anchor `lstnumber.-1.125' on input line 144.
Package hyperref Info: Anchor `lstnumber.-1.126' on input line 146.
Package hyperref Info: Anchor `lstnumber.-1.127' on input line 146.
Package hyperref Info: Anchor `lstnumber.-1.128' on input line 147.
Package hyperref Info: Anchor `lstnumber.-1.129' on input line 148.
Package hyperref Info: Anchor `lstnumber.-1.130' on input line 149.
Package hyperref Info: Anchor `lstnumber.-1.131' on input line 150.
Package hyperref Info: Anchor `lstnumber.-1.132' on input line 151.
Package hyperref Info: Anchor `lstnumber.-1.133' on input line 152.
Package hyperref Info: Anchor `lstnumber.-1.134' on input line 153.
Package hyperref Info: Anchor `lstnumber.-1.135' on input line 154.
Package hyperref Info: Anchor `lstnumber.-1.136' on input line 155.
Package hyperref Info: Anchor `lstnumber.-1.137' on input line 157.
Package hyperref Info: Anchor `lstnumber.-1.138' on input line 157.
Package hyperref Info: Anchor `lstnumber.-1.139' on input line 158.
Package hyperref Info: Anchor `lstnumber.-1.140' on input line 159.
Package hyperref Info: Anchor `lstnumber.-1.141' on input line 161.
Package hyperref Info: Anchor `lstnumber.-1.142' on input line 161.
Package hyperref Info: Anchor `lstnumber.-1.143' on input line 162.
Package hyperref Info: Anchor `lstnumber.-1.144' on input line 163.
Package hyperref Info: Anchor `lstnumber.-1.145' on input line 164.
Package hyperref Info: Anchor `lstnumber.-1.146' on input line 165.
Package hyperref Info: Anchor `lstnumber.-1.147' on input line 166.
Package hyperref Info: Anchor `lstnumber.-1.148' on input line 167.
Package hyperref Info: Anchor `lstnumber.-1.149' on input line 168.
Package hyperref Info: Anchor `lstnumber.-1.150' on input line 169.
Package hyperref Info: Anchor `lstnumber.-1.151' on input line 170.
Package hyperref Info: Anchor `lstnumber.-1.152' on input line 171.
Package hyperref Info: Anchor `lstnumber.-1.153' on input line 172.
Package hyperref Info: Anchor `lstnumber.-1.154' on input line 173.
Package hyperref Info: Anchor `lstnumber.-1.155' on input line 174.
Package hyperref Info: Anchor `lstnumber.-1.156' on input line 175.
Package hyperref Info: Anchor `lstnumber.-1.157' on input line 176.
Package hyperref Info: Anchor `lstnumber.-1.158' on input line 177.
Package hyperref Info: Anchor `lstnumber.-1.159' on input line 178.
Package hyperref Info: Anchor `lstnumber.-1.160' on input line 179.
Package hyperref Info: Anchor `lstnumber.-1.161' on input line 180.
Package hyperref Info: Anchor `lstnumber.-1.162' on input line 181.
Package hyperref Info: Anchor `lstnumber.-1.163' on input line 182.
Package hyperref Info: Anchor `lstnumber.-1.164' on input line 184.
)
Package hyperref Info: Anchor `page.5' on input line 50.
 [5] (D:\Project_Quad\masterquad2015\doc\se\sources\Result_Kalman_Complementary\chapters/ch-aa-vorspiel.tex
Package hyperref Info: Anchor `chapter.2' on input line 1.

Chapter 2.
Package hyperref Info: bookmark on input line 1:
(hyperref)             thecounter {2}
(hyperref)             text {\protect \numberline {\thechapter }\scr@ds@tocentry }
(hyperref)             reference {chapter.2}
(hyperref)             toclevel {0}
(hyperref)             type {toc}.
Package hyperref Info: Anchor `section.2.1' on input line 4.
Package hyperref Info: bookmark on input line 4:
(hyperref)             thecounter {2.1}
(hyperref)             text {\protect \numberline {\csname thesection\endcsname }\scr@ds@tocentry }
(hyperref)             reference {section.2.1}
(hyperref)             toclevel {1}
(hyperref)             type {toc}.
Package hyperref Info: Anchor `equation.2.1.1' on input line 12.
Package hyperref Info: Anchor `equation.2.1.2' on input line 12.
Package hyperref Info: Anchor `equation.2.1.3' on input line 12.

Underfull \hbox (badness 10000) in paragraph at lines 12--16

 []

Package hyperref Info: Anchor `equation.2.1.4' on input line 19.
Package hyperref Info: Anchor `equation.2.1.5' on input line 19.
Package hyperref Info: Anchor `equation.2.1.6' on input line 25.
Package hyperref Info: Anchor `equation.2.1.7' on input line 25.
Package hyperref Info: Anchor `page.6' on input line 25.
[6




]
Underfull \hbox (badness 10000) in paragraph at lines 27--28

 []

Package hyperref Info: Anchor `equation.2.1.8' on input line 32.
Package hyperref Info: Anchor `equation.2.1.9' on input line 32.
Package hyperref Info: Anchor `equation.2.1.10' on input line 32.
Package hyperref Info: Anchor `equation.2.1.11' on input line 36.
Package hyperref Info: Anchor `equation.2.1.12' on input line 36.

Overfull \hbox (14.66472pt too wide) in paragraph at lines 36--36
[] 
 []

Package hyperref Info: Reference (link) `figure.caption.4' on input line 37.
Package hyperref Info: Anchor `figure.caption.4' on input line 39.
<fig/initial_Kalman.jpg, id=310, 1928.20375pt x 901.3675pt>
File: fig/initial_Kalman.jpg Graphic file (type jpg)
 <use fig/initial_Kalman.jpg>
Package pdftex.def Info: fig/initial_Kalman.jpg used on input line 40.
(pdftex.def)             Requested size: 458.29268pt x 214.22829pt.
Package hyperref Info: bookmark on input line 41:
(hyperref)             thecounter {2.1}
(hyperref)             text {\protect \numberline {\caption@lstfmt {\@nameuse {p@figure}}{\@nameuse {thefigure}}}{\ignor
espaces First result Kalman filter\relax }}
(hyperref)             reference {figure.caption.4}
(hyperref)             toclevel {0}
(hyperref)             type {lof}.
Package hyperref Info: Anchor `section.2.2' on input line 44.
Package hyperref Info: bookmark on input line 44:
(hyperref)             thecounter {2.2}
(hyperref)             text {\protect \numberline {\csname thesection\endcsname }\scr@ds@tocentry }
(hyperref)             reference {section.2.2}
(hyperref)             toclevel {1}
(hyperref)             type {toc}.
Package hyperref Info: Reference (link) `figure.caption.5' on input line 46.
Package hyperref Info: Anchor `figure.caption.5' on input line 47.

<fig/field_weak.jpg, id=312, 1372.12625pt x 653.44125pt>
File: fig/field_weak.jpg Graphic file (type jpg)
 <use fig/field_weak.jpg>
Package pdftex.def Info: fig/field_weak.jpg used on input line 48.
(pdftex.def)             Requested size: 458.29268pt x 218.2486pt.
Package hyperref Info: bookmark on input line 49:
(hyperref)             thecounter {2.2}
(hyperref)             text {\protect \numberline {\caption@lstfmt {\@nameuse {p@figure}}{\@nameuse {thefigure}}}{\ignor
espaces Weak magnetic field strength\relax }}
(hyperref)             reference {figure.caption.5}
(hyperref)             toclevel {0}
(hyperref)             type {lof}.
Package hyperref Info: Anchor `page.7' on input line 51.
 [7
Package `hyperref' Info: End of reference (link) `figure.caption.4', line 37.
 <D:/Project_Quad/masterquad2015/doc/se/sources/Result_Kalman_Complementary/fig/initial_Kalman.jpg>]
Package hyperref Info: Anchor `figure.caption.6' on input line 54.

<fig/field_strong.jpg, id=324, 1372.12625pt x 588.1975pt>
File: fig/field_strong.jpg Graphic file (type jpg)
 <use fig/field_strong.jpg>
Package pdftex.def Info: fig/field_strong.jpg used on input line 55.
(pdftex.def)             Requested size: 458.29268pt x 196.45726pt.
Package hyperref Info: bookmark on input line 56:
(hyperref)             thecounter {2.3}
(hyperref)             text {\protect \numberline {\caption@lstfmt {\@nameuse {p@figure}}{\@nameuse {thefigure}}}{\ignor
espaces Strong magnetic field strength\relax }}
(hyperref)             reference {figure.caption.6}
(hyperref)             toclevel {0}
(hyperref)             type {lof}.
Package hyperref Info: Anchor `page.8' on input line 59.
 [8
Package `hyperref' Info: End of reference (link) `figure.caption.5', line 46.
 <D:/Project_Quad/masterquad2015/doc/se/sources/Result_Kalman_Complementary/fig/field_weak.jpg>]
Package hyperref Info: Anchor `section.2.3' on input line 61.
Package hyperref Info: bookmark on input line 61:
(hyperref)             thecounter {2.3}
(hyperref)             text {\protect \numberline {\csname thesection\endcsname }\scr@ds@tocentry }
(hyperref)             reference {section.2.3}
(hyperref)             toclevel {1}
(hyperref)             type {toc}.
Package hyperref Info: Reference (link) `figure.caption.7' on input line 63.
Package hyperref Info: Reference (link) `figure.caption.8' on input line 63.
Package hyperref Info: Anchor `figure.caption.7' on input line 64.
 <fig/pos_neu1.jpg, id=331, 4175.6pt x 3131.7pt>
File: fig/pos_neu1.jpg Graphic file (type jpg)

<use fig/pos_neu1.jpg>
Package pdftex.def Info: fig/pos_neu1.jpg used on input line 65.
(pdftex.def)             Requested size: 274.9784pt x 206.19586pt.
Package hyperref Info: bookmark on input line 66:
(hyperref)             thecounter {2.4}
(hyperref)             text {\protect \numberline {\caption@lstfmt {\@nameuse {p@figure}}{\@nameuse {thefigure}}}{\ignor
espaces New positioning of IMU 1\relax }}
(hyperref)             reference {figure.caption.7}
(hyperref)             toclevel {0}
(hyperref)             type {lof}.
Package hyperref Info: Anchor `figure.caption.8' on input line 69.
 <fig/pos_neu2.jpg, id=332, 4175.6pt x 3131.7pt>
File: fig/pos_neu2.jpg Graphic file (type jpg)
 <use fig/pos_neu2.jpg>
Package pdftex.def Info: fig/pos_neu2.jpg used on input line 70.
(pdftex.def)             Requested size: 274.9784pt x 206.19586pt.
Package hyperref Info: bookmark on input line 71:
(hyperref)             thecounter {2.5}
(hyperref)             text {\protect \numberline {\caption@lstfmt {\@nameuse {p@figure}}{\@nameuse {thefigure}}}{\ignor
espaces New positioning of IMU 2\relax }}
(hyperref)             reference {figure.caption.8}
(hyperref)             toclevel {0}
(hyperref)             type {lof}.
Package hyperref Info: Anchor `page.9' on input line 74.
 [9
Package `hyperref' Info: End of reference (link) `figure.caption.7', line 63.
Package `hyperref' Info: End of reference (link) `figure.caption.8', line 63.
 <D:/Project_Quad/masterquad2015/doc/se/sources/Result_Kalman_Complementary/fig/field_strong.jpg> <D:/Project_Quad/maste
rquad2015/doc/se/sources/Result_Kalman_Complementary/fig/pos_neu1.jpg>]
Package hyperref Info: Anchor `equation.2.3.13' on input line 80.
Package hyperref Info: Anchor `equation.2.3.14' on input line 80.
Package hyperref Info: Anchor `equation.2.3.15' on input line 80.
Package hyperref Info: Reference (link) `chapter.3' on input line 81.
Package hyperref Info: Reference (link) `chapter.4' on input line 81.
)
Package hyperref Info: Anchor `page.10' on input line 51.
 [10
Package `hyperref' Info: End of reference (link) `chapter.3', line 81.
Package `hyperref' Info: End of reference (link) `chapter.4', line 81.
 <D:/Project_Quad/masterquad2015/doc/se/sources/Result_Kalman_Complementary/fig/pos_neu2.jpg>]
(D:\Project_Quad\masterquad2015\doc\se\sources\Result_Kalman_Complementary\chapters/ch-Complementary.tex
Package hyperref Info: Anchor `chapter.3' on input line 1.

Chapter 3.
Package hyperref Info: bookmark on input line 1:
(hyperref)             thecounter {3}
(hyperref)             text {\protect \numberline {\thechapter }\scr@ds@tocentry }
(hyperref)             reference {chapter.3}
(hyperref)             toclevel {0}
(hyperref)             type {toc}.

Underfull \hbox (badness 10000) in paragraph at lines 4--6

 []

Package hyperref Info: Anchor `equation.3.0.1' on input line 9.
Package hyperref Info: Anchor `equation.3.0.2' on input line 15.
Package hyperref Info: Anchor `equation.3.0.3' on input line 20.
Package hyperref Info: Anchor `equation.3.0.4' on input line 20.
Package hyperref Info: Anchor `equation.3.0.5' on input line 20.
Package hyperref Info: Anchor `equation.3.0.6' on input line 25.
Package hyperref Info: Anchor `figure.caption.9' on input line 28.
<fig/initial_Comp.jpg, id=347, 1928.20375pt x 966.61125pt>
File: fig/initial_Comp.jpg Graphic file (type jpg)
 <use fig/initial_Comp.jpg>
Package pdftex.def Info: fig/initial_Comp.jpg used on input line 29.
(pdftex.def)             Requested size: 458.29268pt x 229.7348pt.
Package hyperref Info: bookmark on input line 30:
(hyperref)             thecounter {3.1}
(hyperref)             text {\protect \numberline {\caption@lstfmt {\@nameuse {p@figure}}{\@nameuse {thefigure}}}{\ignor
espaces First result complementary filter\relax }}
(hyperref)             reference {figure.caption.9}
(hyperref)             toclevel {0}
(hyperref)             type {lof}.
Package hyperref Info: Anchor `page.11' on input line 33.
 [11




]
Package hyperref Info: Anchor `figure.caption.10' on input line 35.

<fig/final_Comp1.jpg, id=359, 1372.12625pt x 610.28pt>
File: fig/final_Comp1.jpg Graphic file (type jpg)
 <use fig/final_Comp1.jpg>
Package pdftex.def Info: fig/final_Comp1.jpg used on input line 36.
(pdftex.def)             Requested size: 458.29268pt x 203.8328pt.
Package hyperref Info: bookmark on input line 37:
(hyperref)             thecounter {3.2}
(hyperref)             text {\protect \numberline {\caption@lstfmt {\@nameuse {p@figure}}{\@nameuse {thefigure}}}{\ignor
espaces Final result complementary filter\relax }}
(hyperref)             reference {figure.caption.10}
(hyperref)             toclevel {0}
(hyperref)             type {lof}.

Underfull \hbox (badness 10000) in paragraph at lines 40--41

 []

Package hyperref Info: Anchor `page.12' on input line 41.
[12 <D:/Project_Quad/masterquad2015/doc/se/sources/Result_Kalman_Complementary/fig/initial_Comp.jpg> <D:/Project_Quad/ma
sterquad2015/doc/se/sources/Result_Kalman_Complementary/fig/final_Comp1.jpg>]
Package hyperref Info: Anchor `figure.caption.11' on input line 43.
 <fig/3D.jpg, id=364, 4175.6pt x 3131.7pt>
File: fig/3D.jpg Graphic file (type jpg)

<use fig/3D.jpg>
Package pdftex.def Info: fig/3D.jpg used on input line 44.
(pdftex.def)             Requested size: 274.9784pt x 206.19586pt.
Package hyperref Info: bookmark on input line 45:
(hyperref)             thecounter {3.3}
(hyperref)             text {\protect \numberline {\caption@lstfmt {\@nameuse {p@figure}}{\@nameuse {thefigure}}}{\ignor
espaces 3D representation of the integrated gyroscope raw values on the left and the fusion filtered on the right\relax 
}}
(hyperref)             reference {figure.caption.11}
(hyperref)             toclevel {0}
(hyperref)             type {lof}.
)
Package hyperref Info: Anchor `page.13' on input line 52.
 [13 <D:/Project_Quad/masterquad2015/doc/se/sources/Result_Kalman_Complementary/fig/3D.jpg>]
(D:\Project_Quad\masterquad2015\doc\se\sources\Result_Kalman_Complementary\chapters/ch-Kalman.tex
Package hyperref Info: Anchor `chapter.4' on input line 1.

Chapter 4.
Package hyperref Info: bookmark on input line 1:
(hyperref)             thecounter {4}
(hyperref)             text {\protect \numberline {\thechapter }\scr@ds@tocentry }
(hyperref)             reference {chapter.4}
(hyperref)             toclevel {0}
(hyperref)             type {toc}.

Underfull \hbox (badness 10000) in paragraph at lines 4--7

 []


Underfull \hbox (badness 10000) in paragraph at lines 4--7

 []

Package hyperref Info: Anchor `equation.4.0.1' on input line 10.
Package hyperref Info: Anchor `equation.4.0.2' on input line 15.

Underfull \hbox (badness 10000) in paragraph at lines 15--18

 []

Package hyperref Info: Anchor `equation.4.0.3' on input line 21.
Package hyperref Info: Anchor `equation.4.0.4' on input line 26.
Package hyperref Info: Anchor `equation.4.0.5' on input line 31.
Package hyperref Info: Anchor `equation.4.0.6' on input line 36.
Package hyperref Info: Anchor `equation.4.0.7' on input line 36.
Package hyperref Info: Anchor `page.14' on input line 38.
[14




]
Package hyperref Info: Anchor `figure.caption.12' on input line 39.
File: fig/initial_Kalman.jpg Graphic file (type jpg)
 <use fig/initial_Kalman.jpg>
Package pdftex.def Info: fig/initial_Kalman.jpg used on input line 40.
(pdftex.def)             Requested size: 458.29268pt x 214.22829pt.
Package hyperref Info: bookmark on input line 41:
(hyperref)             thecounter {4.1}
(hyperref)             text {\protect \numberline {\caption@lstfmt {\@nameuse {p@figure}}{\@nameuse {thefigure}}}{\ignor
espaces First result Kalman filter\relax }}
(hyperref)             reference {figure.caption.12}
(hyperref)             toclevel {0}
(hyperref)             type {lof}.
Package hyperref Info: Reference (link) `figure.caption.13' on input line 45.
Package hyperref Info: Reference (link) `figure.caption.14' on input line 45.
Package hyperref Info: Reference (link) `figure.caption.15' on input line 45.
Package hyperref Info: Anchor `figure.caption.13' on input line 46.
 <fig/varAcc3.jpg, id=384, 563.10374pt x 415.5525pt>
File: fig/varAcc3.jpg Graphic file (type jpg)
 <use fig/varAcc3.jpg>
Package pdftex.def Info: fig/varAcc3.jpg used on input line 47.
(pdftex.def)             Requested size: 366.63553pt x 270.5688pt.
Package hyperref Info: bookmark on input line 48:
(hyperref)             thecounter {4.2}
(hyperref)             text {\protect \numberline {\caption@lstfmt {\@nameuse {p@figure}}{\@nameuse {thefigure}}}{\ignor
espaces Analyzing the acceleration sensor\relax }}
(hyperref)             reference {figure.caption.13}
(hyperref)             toclevel {0}
(hyperref)             type {lof}.
Package hyperref Info: Anchor `figure.caption.14' on input line 51.

<fig/varGyro3.jpg, id=385, 563.10374pt x 415.5525pt>
File: fig/varGyro3.jpg Graphic file (type jpg)
 <use fig/varGyro3.jpg>
Package pdftex.def Info: fig/varGyro3.jpg used on input line 52.
(pdftex.def)             Requested size: 366.63553pt x 270.5688pt.
Package hyperref Info: bookmark on input line 53:
(hyperref)             thecounter {4.3}
(hyperref)             text {\protect \numberline {\caption@lstfmt {\@nameuse {p@figure}}{\@nameuse {thefigure}}}{\ignor
espaces Analyzing the gyroscope sensor\relax }}
(hyperref)             reference {figure.caption.14}
(hyperref)             toclevel {0}
(hyperref)             type {lof}.
Package hyperref Info: Anchor `page.15' on input line 55.
 [15
Package `hyperref' Info: End of reference (link) `figure.caption.13', line 45.
Package `hyperref' Info: End of reference (link) `figure.caption.14', line 45.
Package `hyperref' Info: End of reference (link) `figure.caption.15', line 45.
]
Package hyperref Info: Anchor `figure.caption.15' on input line 56.

<fig/varMag3.jpg, id=390, 563.10374pt x 415.5525pt>
File: fig/varMag3.jpg Graphic file (type jpg)
 <use fig/varMag3.jpg>
Package pdftex.def Info: fig/varMag3.jpg used on input line 57.
(pdftex.def)             Requested size: 366.63553pt x 270.5688pt.
Package hyperref Info: bookmark on input line 58:
(hyperref)             thecounter {4.4}
(hyperref)             text {\protect \numberline {\caption@lstfmt {\@nameuse {p@figure}}{\@nameuse {thefigure}}}{\ignor
espaces Analyzing the magnetic sensor\relax }}
(hyperref)             reference {figure.caption.15}
(hyperref)             toclevel {0}
(hyperref)             type {lof}.
Package hyperref Info: Anchor `page.16' on input line 61.
 [16 <D:/Project_Quad/masterquad2015/doc/se/sources/Result_Kalman_Complementary/fig/varAcc3.jpg> <D:/Project_Quad/master
quad2015/doc/se/sources/Result_Kalman_Complementary/fig/varGyro3.jpg>]
Underfull \hbox (badness 10000) in paragraph at lines 61--62

 []

Package hyperref Info: Anchor `equation.4.0.8' on input line 65.
Package hyperref Info: Anchor `equation.4.0.9' on input line 65.
Package hyperref Info: Anchor `figure.caption.16' on input line 67.
<fig/final_Kalman1.jpg, id=396, 1372.12625pt x 610.28pt>
File: fig/final_Kalman1.jpg Graphic file (type jpg)
 <use fig/final_Kalman1.jpg>
Package pdftex.def Info: fig/final_Kalman1.jpg used on input line 68.
(pdftex.def)             Requested size: 458.29268pt x 203.8328pt.
Package hyperref Info: bookmark on input line 69:
(hyperref)             thecounter {4.5}
(hyperref)             text {\protect \numberline {\caption@lstfmt {\@nameuse {p@figure}}{\@nameuse {thefigure}}}{\ignor
espaces Final result Kalman filter\relax }}
(hyperref)             reference {figure.caption.16}
(hyperref)             toclevel {0}
(hyperref)             type {lof}.
Package hyperref Info: Anchor `page.17' on input line 72.
 [17 <D:/Project_Quad/masterquad2015/doc/se/sources/Result_Kalman_Complementary/fig/varMag3.jpg>]
Underfull \hbox (badness 10000) in paragraph at lines 72--73

 []

Package hyperref Info: Anchor `figure.caption.17' on input line 75.
File: fig/3D.jpg Graphic file (type jpg)
<use fig/3D.jpg>
Package pdftex.def Info: fig/3D.jpg used on input line 76.
(pdftex.def)             Requested size: 274.9784pt x 206.19586pt.
Package hyperref Info: bookmark on input line 77:
(hyperref)             thecounter {4.6}
(hyperref)             text {\protect \numberline {\caption@lstfmt {\@nameuse {p@figure}}{\@nameuse {thefigure}}}{\ignor
espaces 3D representation of the integrated gyroscope raw values on the left and the fusion filtered on the right\relax 
}}
(hyperref)             reference {figure.caption.17}
(hyperref)             toclevel {0}
(hyperref)             type {lof}.
)
Package hyperref Info: Anchor `page.18' on input line 53.
 [18 <D:/Project_Quad/masterquad2015/doc/se/sources/Result_Kalman_Complementary/fig/final_Kalman1.jpg>] (D:\Project_Quad
\masterquad2015\doc\se\sources\Result_Kalman_Complementary\chapters/ch-zz-bibEinfach.tex
Package hyperref Info: Anchor `appendix*.18' on input line 2.
Package hyperref Info: bookmark on input line 2:
(hyperref)             thecounter {}
(hyperref)             text {\scr@ds@tocentry }
(hyperref)             reference {appendix*.18}
(hyperref)             toclevel {0}
(hyperref)             type {toc}.
Package hyperref Info: Anchor `cite.doc:boreg' on input line 4.

Underfull \hbox (badness 10000) in paragraph at lines 4--5
[]\T1/lmr/m/n/12 Alex, The quad-copter : con-trol the ori-en-ta-tion, 2012, [][]$\T1/lmtt/m/n/12 http :
 []

Package hyperref Info: Anchor `cite.doc:STM' on input line 6.
)

Package caption Warning: Unused \captionsetup[subfloat] on input line 375.
See the caption package documentation for explanation.

Package atveryend Info: Empty hook `BeforeClearDocument' on input line 67.
Package hyperref Info: Anchor `page.19' on input line 67.
[19



Package `hyperref' Info: End of reference (link) `figure.caption.15', line 45.
Package `hyperref' Info: End of reference (link) `figure.caption.15', line 45.
]
Package atveryend Info: Empty hook `AfterLastShipout' on input line 67.
 (D:\Project_Quad\masterquad2015\doc\se\sources\Result_Kalman_Complementary\Result_Kalman_Complementary.aux
(D:\Project_Quad\masterquad2015\doc\se\sources\Result_Kalman_Complementary\chapters/ch-aa-titel.aux)
(D:\Project_Quad\masterquad2015\doc\se\sources\Result_Kalman_Complementary\chapters/ch-Einleitung.aux)
(D:\Project_Quad\masterquad2015\doc\se\sources\Result_Kalman_Complementary\chapters/ch-aa-vorspiel.aux)
(D:\Project_Quad\masterquad2015\doc\se\sources\Result_Kalman_Complementary\chapters/ch-Complementary.aux)
(D:\Project_Quad\masterquad2015\doc\se\sources\Result_Kalman_Complementary\chapters/ch-Kalman.aux))
Package atveryend Info: Executing hook `AtVeryEndDocument' on input line 67.
Package atveryend Info: Executing hook `AtEndAfterFileList' on input line 67.
Package rerunfilecheck Info: File `Result_Kalman_Complementary.out' has not changed.
(rerunfilecheck)             Checksum: C0C64300AA60BC660559674D68215A0D;510.


LaTeX Warning: There were multiply-defined labels.

 ) 
Here is how much of TeX's memory you used:
 16799 strings out of 493921
 256925 string characters out of 3147289
 440511 words of memory out of 3000000
 19443 multiletter control sequences out of 15000+200000
 60785 words of font info for 58 fonts, out of 3000000 for 9000
 842 hyphenation exceptions out of 8191
 53i,14n,55p,895b,2447s stack positions out of 5000i,500n,10000p,200000b,50000s
{C:/Program Files/MiKTeX 2.9/fonts/enc/dvips/lm/lm-ec.enc}{C:/Program Files/MiKTeX 2.9/fonts/enc/dvips/lm/lm-rm.enc}{C
:/Program Files/MiKTeX 2.9/fonts/enc/dvips/lm/lm-mathsy.enc}{C:/Program Files/MiKTeX 2.9/fonts/enc/dvips/lm/lm-mathex.en
c}{C:/Program Files/MiKTeX 2.9/fonts/enc/dvips/lm/lm-mathit.enc}{C:/Program Files/MiKTeX 2.9/fonts/enc/dvips/lm/lm-ts1.e
nc}<C:/Program Files/MiKTeX 2.9/fonts/type1/public/lm/lmbx10.pfb><C:/Program Files/MiKTeX 2.9/fonts/type1/public/lm/lmex
10.pfb><C:/Program Files/MiKTeX 2.9/fonts/type1/public/lm/lmmi12.pfb><C:/Program Files/MiKTeX 2.9/fonts/type1/public/lm/
lmmi8.pfb><C:/Program Files/MiKTeX 2.9/fonts/type1/public/lm/lmr10.pfb><C:/Program Files/MiKTeX 2.9/fonts/type1/public/l
m/lmr12.pfb><C:/Program Files/MiKTeX 2.9/fonts/type1/public/lm/lmr6.pfb><C:/Program Files/MiKTeX 2.9/fonts/type1/public/
lm/lmr8.pfb><C:/Program Files/MiKTeX 2.9/fonts/type1/public/lm/lmss10.pfb><C:/Program Files/MiKTeX 2.9/fonts/type1/publi
c/lm/lmss12.pfb><C:/Program Files/MiKTeX 2.9/fonts/type1/public/lm/lmss17.pfb><C:/Program Files/MiKTeX 2.9/fonts/type1/p
ublic/lm/lmssbx10.pfb><C:/Program Files/MiKTeX 2.9/fonts/type1/public/lm/lmsy10.pfb><C:/Program Files/MiKTeX 2.9/fonts/t
ype1/public/lm/lmsy8.pfb><C:/Program Files/MiKTeX 2.9/fonts/type1/public/lm/lmtt10.pfb><C:/Program Files/MiKTeX 2.9/font
s/type1/public/lm/lmtt12.pfb><C:/Program Files/MiKTeX 2.9/fonts/type1/public/lm/lmtti10.pfb>
Output written on Result_Kalman_Complementary.pdf (22 pages, 12345457 bytes).
PDF statistics:
 533 PDF objects out of 1000 (max. 8388607)
 244 named destinations out of 1000 (max. 500000)
 135 words of extra memory for PDF output out of 10000 (max. 10000000)

