\BOOKMARK [0][]{chapter.1}{1 Project's context and goals}{}% 1
\BOOKMARK [1][-]{section.1.1}{1.1 Temporal project scope}{chapter.1}% 2
\BOOKMARK [1][-]{section.1.2}{1.2 Contentual project scope}{chapter.1}% 3
\BOOKMARK [1][-]{section.1.3}{1.3 Tasks and responsible team members}{chapter.1}% 4
\BOOKMARK [1][-]{section.1.4}{1.4 Repository structure}{chapter.1}% 5
\BOOKMARK [1][-]{section.1.5}{1.5 Documentation}{chapter.1}% 6
\BOOKMARK [0][]{chapter.2}{2 Raspberry Pi based hardware platform}{}% 7
\BOOKMARK [1][-]{section.2.1}{2.1 Hardware and device communication}{chapter.2}% 8
\BOOKMARK [2][-]{subsection.2.1.1}{2.1.1 Basic components and chosen sensors}{section.2.1}% 9
\BOOKMARK [2][-]{subsection.2.1.2}{2.1.2 I2C adressing}{section.2.1}% 10
\BOOKMARK [2][-]{subsection.2.1.3}{2.1.3 UART communication}{section.2.1}% 11
\BOOKMARK [1][-]{section.2.2}{2.2 Technical drawings and packaging}{chapter.2}% 12
\BOOKMARK [1][-]{section.2.3}{2.3 Bill of materials}{chapter.2}% 13
\BOOKMARK [0][]{chapter.3}{3 Development Environment \(Virtual Machine Image\)}{}% 14
\BOOKMARK [1][-]{section.3.1}{3.1 Ubuntu}{chapter.3}% 15
\BOOKMARK [1][-]{section.3.2}{3.2 Toolchain}{chapter.3}% 16
\BOOKMARK [1][-]{section.3.3}{3.3 Eclipse}{chapter.3}% 17
\BOOKMARK [2][-]{subsection.3.3.1}{3.3.1 Installation of Eclipse Luna}{section.3.3}% 18
\BOOKMARK [2][-]{subsection.3.3.2}{3.3.2 Remote Debugging}{section.3.3}% 19
\BOOKMARK [0][]{chapter.4}{4 Realtime-capable Linux Operating System}{}% 20
\BOOKMARK [1][-]{section.4.1}{4.1 Creating a bootable SD-Card with a pre-configured Firmware}{chapter.4}% 21
\BOOKMARK [1][-]{section.4.2}{4.2 Building a Real-Time Linux Kernel}{chapter.4}% 22
\BOOKMARK [1][-]{section.4.3}{4.3 EMLID distribution for development purposes}{chapter.4}% 23
\BOOKMARK [1][-]{section.4.4}{4.4 Configurations of peripherals and busses}{chapter.4}% 24
\BOOKMARK [2][-]{subsection.4.4.1}{4.4.1 Raspbian distribution specific}{section.4.4}% 25
\BOOKMARK [2][-]{subsection.4.4.2}{4.4.2 EMLID distribution specific}{section.4.4}% 26
\BOOKMARK [0][]{chapter.5}{5 Software structure}{}% 27
\BOOKMARK [1][-]{section.5.1}{5.1 Software layer and structure concept}{chapter.5}% 28
\BOOKMARK [1][-]{section.5.2}{5.2 Overview on the functional units}{chapter.5}% 29
\BOOKMARK [2][-]{subsection.5.2.1}{5.2.1 Application Layer}{section.5.2}% 30
\BOOKMARK [2][-]{subsection.5.2.2}{5.2.2 Signal Processing Layer}{section.5.2}% 31
\BOOKMARK [2][-]{subsection.5.2.3}{5.2.3 Hardware Abstraction Layer}{section.5.2}% 32
\BOOKMARK [2][-]{subsection.5.2.4}{5.2.4 Low-Level Driver Layer}{section.5.2}% 33
\BOOKMARK [0][]{chapter.6}{6 UDP-based network connection to MATLAB}{}% 34
\BOOKMARK [1][-]{section.6.1}{6.1 C-Library for UDP-based network access}{chapter.6}% 35
\BOOKMARK [2][-]{subsection.6.1.1}{6.1.1 Adding librt to the cross-compiler's linker}{section.6.1}% 36
\BOOKMARK [2][-]{subsection.6.1.2}{6.1.2 Basic network library}{section.6.1}% 37
\BOOKMARK [2][-]{subsection.6.1.3}{6.1.3 IMU specific network library}{section.6.1}% 38
\BOOKMARK [2][-]{subsection.6.1.4}{6.1.4 Signal Layer specific network library}{section.6.1}% 39
\BOOKMARK [1][-]{section.6.2}{6.2 MATLAB/Simulink S-Function}{chapter.6}% 40
\BOOKMARK [2][-]{subsection.6.2.1}{6.2.1 Block creation with S-Function builder}{section.6.2}% 41
\BOOKMARK [2][-]{subsection.6.2.2}{6.2.2 Extending the C-Code templates}{section.6.2}% 42
\BOOKMARK [2][-]{subsection.6.2.3}{6.2.3 Compiling the S-Function block}{section.6.2}% 43
\BOOKMARK [1][-]{section.6.3}{6.3 3D-Representation of orientation data}{chapter.6}% 44
\BOOKMARK [0][]{chapter.7}{7 Remote Control Unit: PPM Decoding}{}% 45
\BOOKMARK [1][-]{section.7.1}{7.1 Graupner PPM sum signal in a nutshell}{chapter.7}% 46
\BOOKMARK [1][-]{section.7.2}{7.2 Building a custom kernel driver}{chapter.7}% 47
\BOOKMARK [1][-]{section.7.3}{7.3 Stimulating the GPIO-Pins for validation}{chapter.7}% 48
\BOOKMARK [1][-]{section.7.4}{7.4 Results on experimental kernel driver}{chapter.7}% 49
\BOOKMARK [0][]{chapter.8}{8 Sensor fusion for Inertial Measurement Unit}{}% 50
\BOOKMARK [1][-]{section.8.1}{8.1 Complementary-Filter}{chapter.8}% 51
\BOOKMARK [1][-]{section.8.2}{8.2 Kalman-Filter}{chapter.8}% 52
\BOOKMARK [1][-]{section.8.3}{8.3 Matrix library}{chapter.8}% 53
\BOOKMARK [1][-]{section.8.4}{8.4 Sensor fusion controlling}{chapter.8}% 54
\BOOKMARK [1][-]{section.8.5}{8.5 Angle calculation}{chapter.8}% 55
\BOOKMARK [2][-]{subsection.8.5.1}{8.5.1 Calculation of the orientation angles}{section.8.5}% 56
\BOOKMARK [2][-]{subsection.8.5.2}{8.5.2 Magnetic sensor test}{section.8.5}% 57
\BOOKMARK [2][-]{subsection.8.5.3}{8.5.3 Improvement magnetic sensor}{section.8.5}% 58
\BOOKMARK [1][-]{section.8.6}{8.6 Complementary-Filter}{chapter.8}% 59
\BOOKMARK [1][-]{section.8.7}{8.7 Kalman-Filter}{chapter.8}% 60
\BOOKMARK [0][]{chapter.9}{9 Conclusion and outlook}{}% 61
\BOOKMARK [1][-]{section.9.1}{9.1 Achieved project goals and results}{chapter.9}% 62
\BOOKMARK [1][-]{section.9.2}{9.2 Remaining project goals and outlook}{chapter.9}% 63
\BOOKMARK [0][]{appendix.A}{A - Further technical drawings}{}% 64
\BOOKMARK [1][-]{section.A.1}{A.1 Raspberry Pi B+}{appendix.A}% 65
\BOOKMARK [1][-]{section.A.2}{A.2 Adafruit GPS Hat}{appendix.A}% 66
\BOOKMARK [1][-]{section.A.3}{A.3 Polulu AltIMU v4}{appendix.A}% 67
\BOOKMARK [1][-]{section.A.4}{A.4 Adafruit 12bit ADC over I2C}{appendix.A}% 68
\BOOKMARK [0][]{appendix.B}{B - Code documentation}{}% 69
\BOOKMARK [0][]{appendix.C}{C - Soure code}{}% 70
\BOOKMARK [1][-]{section.C.1}{C.1 S-Function Builder generated C-Code}{appendix.C}% 71
\BOOKMARK [2][-]{subsection.C.1.1}{C.1.1 Raw C-Code template of S-Function}{section.C.1}% 72
\BOOKMARK [2][-]{subsection.C.1.2}{C.1.2 Raw template code of wrapper function}{section.C.1}% 73
\BOOKMARK [1][-]{section.C.2}{C.2 MATLAB-Code for Simulink 3D visualization}{appendix.C}% 74
\BOOKMARK [1][-]{section.C.3}{C.3 Kernel driver ppmDemux}{appendix.C}% 75
\BOOKMARK [0][]{appendix.D}{D - Default login credentials}{}% 76
\BOOKMARK [1][-]{section.D.1}{D.1 Development Environment}{appendix.D}% 77
\BOOKMARK [1][-]{section.D.2}{D.2 Raspberry Pi Firmware}{appendix.D}% 78
\BOOKMARK [0][]{chapter*.118}{Bibliography}{}% 79
