This is pdfTeX, Version 3.1415926-2.5-1.40.14 (MiKTeX 2.9) (preloaded format=pdflatex 2015.6.9)  8 OCT 2015 15:52
entering extended mode
**I2C_adressing.tex
(C:\Users\Agrawal\work\workspace\helikopter\helikopter-raspberry\doc\se\sources\I2C_adressing\I2C_adressing.tex
LaTeX2e <2011/06/27>
Babel <v3.8m> and hyphenation patterns for english, afrikaans, ancientgreek, arabic, armenian, assamese, basque, bengali
, bokmal, bulgarian, catalan, coptic, croatian, czech, danish, dutch, esperanto, estonian, farsi, finnish, french, galic
ian, german, german-x-2013-05-26, greek, gujarati, hindi, hungarian, icelandic, indonesian, interlingua, irish, italian,
 kannada, kurmanji, latin, latvian, lithuanian, malayalam, marathi, mongolian, mongolianlmc, monogreek, ngerman, ngerman
-x-2013-05-26, nynorsk, oriya, panjabi, pinyin, polish, portuguese, romanian, russian, sanskrit, serbian, slovak, sloven
ian, spanish, swedish, swissgerman, tamil, telugu, turkish, turkmen, ukenglish, ukrainian, uppersorbian, usenglishmax, w
elsh, loaded.
(C:\Users\Agrawal\work\workspace\helikopter\helikopter-raspberry\doc\se\sources\I2C_adressing\preamble/pre-class.tex)
("C:\Program Files (x86)\MiKTeX 2.9\tex\latex\koma-script\scrbook.cls"
Document Class: scrbook 2015/07/02 v3.18 KOMA-Script document class (book)
("C:\Program Files (x86)\MiKTeX 2.9\tex\latex\koma-script\scrkbase.sty"
Package: scrkbase 2015/07/02 v3.18 KOMA-Script package (KOMA-Script-dependent basics and keyval usage)

("C:\Program Files (x86)\MiKTeX 2.9\tex\latex\koma-script\scrbase.sty"
Package: scrbase 2015/07/02 v3.18 KOMA-Script package (KOMA-Script-independent basics and keyval usage)

("C:\Program Files (x86)\MiKTeX 2.9\tex\latex\graphics\keyval.sty"
Package: keyval 1999/03/16 v1.13 key=value parser (DPC)
\KV@toks@=\toks14
)
("C:\Program Files (x86)\MiKTeX 2.9\tex\latex\koma-script\scrlfile.sty"
Package: scrlfile 2015/07/02 v3.18 KOMA-Script package (loading files)

Package scrlfile, 2015/07/02 v3.18 KOMA-Script package (loading files)
                  Copyright (C) Markus Kohm

))) ("C:\Program Files (x86)\MiKTeX 2.9\tex\latex\koma-script\tocbasic.sty"
Package: tocbasic 2015/07/02 v3.18 KOMA-Script package (handling toc-files)
)
Package tocbasic Info: omitting babel extension for `toc'
(tocbasic)             because of feature `nobabel' available
(tocbasic)             for `toc' on input line 125.
Package tocbasic Info: omitting babel extension for `lof'
(tocbasic)             because of feature `nobabel' available
(tocbasic)             for `lof' on input line 126.
Package tocbasic Info: omitting babel extension for `lot'
(tocbasic)             because of feature `nobabel' available
(tocbasic)             for `lot' on input line 127.
Package tocbasic Info: defining new hook before heading of `' on input line 1578.
Class scrbook Info: You've used standard option `final'.
(scrbook)           This is correct!
(scrbook)           Internally I'm using `draft=false'.
(scrbook)           If you'd like to set the option with \KOMAoptions,
(scrbook)           you'd have to use `draft=false' there
(scrbook)           instead of `final', too.
Package scrbook Info: You've used standard option `12pt'.
(scrbook)             This is correct!
(scrbook)             Internally I'm using `fontsize=12pt'.
(scrbook)             If you'd like to set the option with \KOMAoptions,
(scrbook)             you'd have to use `fontsize=12pt' there
(scrbook)             instead of `12pt', too.


Class scrbook Warning: You've used obsolete option `bigheadings'.
(scrbook)              Usage of this option indicates an old document
(scrbook)              and changes compatibility level using
(scrbook)              `headings=big,version=first'.
(scrbook)              If you don't want this, you should simply
(scrbook)              replace option `bigheadings' by `headings=big'.

Class scrbook Info: Switching compatibility level to `first'.
Class scrbook Info: You've used standard option `oneside'.
(scrbook)           This is correct!
(scrbook)           Internally I'm using `twoside=false'.
(scrbook)           If you'd like to set the option with \KOMAoptions,
(scrbook)           you'd have to use `twoside=false' there
(scrbook)           instead of `oneside', too.
Class scrbook Info: You've used standard option `openright'.
(scrbook)           This is correct!
(scrbook)           Internally I'm using `open=right'.
(scrbook)           If you'd like to set the option with \KOMAoptions,
(scrbook)           you'd have to use `open=right' there
(scrbook)           instead of `openright', too.

Class scrbook Warning: You've used obsolete option `nochapterprefix'.
(scrbook)              Usage of this option indicates an old document
(scrbook)              and changes compatibility level using
(scrbook)              `chapterprefix=false,version=first'.
(scrbook)              If you don't want this, you should simply
(scrbook)              replace option `nochapterprefix' by `chapterprefix=false'.

Class scrbook Info: Switching compatibility level to `first'.

Class scrbook Warning: You've used obsolete option `bibtotoc'.
(scrbook)              Usage of this option indicates an old document
(scrbook)              and changes compatibility level using
(scrbook)              `bibliography=totoc,version=first'.
(scrbook)              If you don't want this, you should simply
(scrbook)              replace option `bibtotoc' by `bibliography=totoc'.

Class scrbook Info: Switching compatibility level to `first'.

Class scrbook Warning: You've used obsolete option `tocindent'.
(scrbook)              Usage of this option indicates an old document
(scrbook)              and changes compatibility level using
(scrbook)              `toc=graduated,version=first'.
(scrbook)              If you don't want this, you should simply
(scrbook)              replace option `tocindent' by `toc=graduated'.

Class scrbook Info: Switching compatibility level to `first'.

Class scrbook Warning: You've used obsolete option `listsindent'.
(scrbook)              Usage of this option indicates an old document
(scrbook)              and changes compatibility level using
(scrbook)              `listof=graduated,version=first'.
(scrbook)              If you don't want this, you should simply
(scrbook)              replace option `listsindent' by `listof=graduated'.

Class scrbook Info: Switching compatibility level to `first'.

Class scrbook Warning: You've used obsolete option `pointlessnumbers'.
(scrbook)              Usage of this option indicates an old document
(scrbook)              and changes compatibility level using
(scrbook)              `numbers=noenddot,version=first'.
(scrbook)              If you don't want this, you should simply
(scrbook)              replace option `pointlessnumbers' by `numbers=noenddot'.

Class scrbook Info: Switching compatibility level to `first'.

Class scrbook Warning: You've used obsolete option `cleardoubleempty'.
(scrbook)              Usage of this option indicates an old document
(scrbook)              and changes compatibility level using
(scrbook)              `cleardoublepage=empty,version=first'.
(scrbook)              If you don't want this, you should simply
(scrbook)              replace option `cleardoubleempty' by `cleardoublepage=empty'.

Class scrbook Info: Switching compatibility level to `first'.
("C:\Program Files (x86)\MiKTeX 2.9\tex\latex\base\fleqn.clo"
File: fleqn.clo 1998/08/17 v1.1c Standard LaTeX option (flush left equations)
\mathindent=\dimen102
)

Class scrbook Warning: You've used obsolete option `halfparskip'.
(scrbook)              Usage of this option indicates an old document
(scrbook)              and changes compatibility level using
(scrbook)              `parskip=half,version=first'.
(scrbook)              If you don't want this, you should simply
(scrbook)              replace option `halfparskip' by `parskip=half'.

Class scrbook Info: Switching compatibility level to `first'.
Class scrbook Info: File `scrsize12pt.clo' used to setup font sizes on input line 2245.
("C:\Program Files (x86)\MiKTeX 2.9\tex\latex\koma-script\scrsize12pt.clo"
File: scrsize12pt.clo 2015/07/02 v3.18 KOMA-Script font size class option (12pt)
)
("C:\Program Files (x86)\MiKTeX 2.9\tex\latex\koma-script\typearea.sty"
Package: typearea 2015/07/02 v3.18 KOMA-Script package (type area)

Package typearea, 2015/07/02 v3.18 KOMA-Script package (type area)
                  Copyright (C) Frank Neukam, 1992-1994
                  Copyright (C) Markus Kohm, 1994-

\ta@bcor=\skip41
\ta@div=\count79
Package typearea Info: You've used standard option `a4paper'.
(typearea)             This is correct!
(typearea)             Internally I'm using `paper=a4'.
(typearea)             If you'd like to set the option with \KOMAoptions,
(typearea)             you'd have to use `paper=a4' there
(typearea)             instead of `a4paper', too.
Package typearea Info: You've used standard option `oneside'.
(typearea)             This is correct!
(typearea)             Internally I'm using `twoside=false'.
(typearea)             If you'd like to set the option with \KOMAoptions,
(typearea)             you'd have to use `twoside=false' there
(typearea)             instead of `oneside', too.
\ta@hblk=\skip42
\ta@vblk=\skip43
\ta@temp=\skip44
\footheight=\skip45
Package typearea Info: These are the values describing the layout:
(typearea)             DIV  = 14
(typearea)             BCOR = 14.22636pt
(typearea)             \paperwidth      = 597.50793pt
(typearea)              \textwidth      = 458.29268pt
(typearea)              DIV departure   = -8%
(typearea)              \evensidemargin = 4.45082pt
(typearea)              \oddsidemargin  = 4.45082pt
(typearea)             \paperheight     = 845.04694pt
(typearea)              \textheight     = 635.5pt
(typearea)              \topmargin      = -11.9095pt
(typearea)              \headheight     = 15.95009pt
(typearea)              \headsep        = 21.75pt
(typearea)              \topskip        = 12.0pt
(typearea)              \footskip       = 50.75pt
(typearea)              \baselineskip   = 14.5pt
(typearea)              on input line 1506.
)
\c@part=\count80
\c@chapter=\count81
\c@section=\count82
\c@subsection=\count83
\c@subsubsection=\count84
\c@paragraph=\count85
\c@subparagraph=\count86
\abovecaptionskip=\skip46
\belowcaptionskip=\skip47
\c@pti@nb@sid@b@x=\box26
\c@figure=\count87
\c@table=\count88
\bibindent=\dimen103
) (C:\Users\Agrawal\work\workspace\helikopter\helikopter-raspberry\doc\se\sources\I2C_adressing\preamble/pre-work.tex)
(C:\Users\Agrawal\work\workspace\helikopter\helikopter-raspberry\doc\se\sources\I2C_adressing\preamble/pre-packages.tex
("C:\Program Files (x86)\MiKTeX 2.9\tex\latex\oberdiek\inputenx.sty"
Package: inputenx 2011/05/27 v1.10 Enhanced input encoding handling (HO)

("C:\Program Files (x86)\MiKTeX 2.9\tex\latex\oberdiek\ix-alias.def"
File: ix-alias.def 2011/05/27 v1.10 Alias list (inputenx)
)
Package inputenx Info: Encoding name: latin1
(inputenx)             Encoding file: x-iso-8859-1.def
(inputenx)              on input line 171.

("C:\Program Files (x86)\MiKTeX 2.9\tex\latex\base\inputenc.sty"
Package: inputenc 2008/03/30 v1.1d Input encoding file
\inpenc@prehook=\toks15
\inpenc@posthook=\toks16
)
("C:\Program Files (x86)\MiKTeX 2.9\tex\latex\oberdiek\x-iso-8859-1.def"
File: x-iso-8859-1.def 2011/05/27 v1.10 Input encoding iso-8859-1 (inputenx)
))
("C:\Program Files (x86)\MiKTeX 2.9\tex\latex\tools\xspace.sty"
Package: xspace 2009/10/20 v1.13 Space after command names (DPC,MH)
)
("C:\Program Files (x86)\MiKTeX 2.9\tex\generic\oberdiek\ifpdf.sty"
Package: ifpdf 2011/01/30 v2.3 Provides the ifpdf switch (HO)
Package ifpdf Info: pdfTeX in PDF mode is detected.
)
("C:\Program Files (x86)\MiKTeX 2.9\tex\latex\tools\calc.sty"
Package: calc 2007/08/22 v4.3 Infix arithmetic (KKT,FJ)
\calc@Acount=\count89
\calc@Bcount=\count90
\calc@Adimen=\dimen104
\calc@Bdimen=\dimen105
\calc@Askip=\skip48
\calc@Bskip=\skip49
LaTeX Info: Redefining \setlength on input line 76.
LaTeX Info: Redefining \addtolength on input line 77.
\calc@Ccount=\count91
\calc@Cskip=\skip50
)
("C:\Program Files (x86)\MiKTeX 2.9\tex\generic\babel\babel.sty"
Package: babel 2008/07/08 v3.8m The Babel package

*************************************
* Local config file bblopts.cfg used
*
("C:\Program Files (x86)\MiKTeX 2.9\tex\latex\00miktex\bblopts.cfg"
File: bblopts.cfg 2006/07/31 v1.0 MiKTeX 'babel' configuration
)
("C:\Program Files (x86)\MiKTeX 2.9\tex\latex\babel-german\ngermanb.ldf"
Language: ngermanb 2013/12/13 v2.7 German support for babel (new orthography)

("C:\Program Files (x86)\MiKTeX 2.9\tex\generic\babel\babel.def"
File: babel.def 2008/07/08 v3.8m Babel common definitions
\babel@savecnt=\count92
\U@D=\dimen106
)
\l@naustrian = a dialect from \language\l@ngerman 
\l@nswissgerman = a dialect from \language\l@ngerman 
Package babel Info: Making " an active character on input line 88.
)
("C:\Program Files (x86)\MiKTeX 2.9\tex\latex\babel-english\english.ldf"
Language: english 2012/08/20 v3.3p English support from the babel system
\l@canadian = a dialect from \language\l@american 
\l@australian = a dialect from \language\l@british 
\l@newzealand = a dialect from \language\l@british 
))
("C:\Program Files (x86)\MiKTeX 2.9\tex\latex\xcolor\xcolor.sty"
Package: xcolor 2007/01/21 v2.11 LaTeX color extensions (UK)

("C:\Program Files (x86)\MiKTeX 2.9\tex\latex\00miktex\color.cfg"
File: color.cfg 2007/01/18 v1.5 color configuration of teTeX/TeXLive
)
Package xcolor Info: Driver file: pdftex.def on input line 225.

("C:\Program Files (x86)\MiKTeX 2.9\tex\latex\pdftex-def\pdftex.def"
File: pdftex.def 2011/05/27 v0.06d Graphics/color for pdfTeX

("C:\Program Files (x86)\MiKTeX 2.9\tex\generic\oberdiek\infwarerr.sty"
Package: infwarerr 2010/04/08 v1.3 Providing info/warning/error messages (HO)
)
("C:\Program Files (x86)\MiKTeX 2.9\tex\generic\oberdiek\ltxcmds.sty"
Package: ltxcmds 2011/11/09 v1.22 LaTeX kernel commands for general use (HO)
)
\Gread@gobject=\count93
)
("C:\Program Files (x86)\MiKTeX 2.9\tex\latex\colortbl\colortbl.sty"
Package: colortbl 2012/02/13 v1.0a Color table columns (DPC)

("C:\Program Files (x86)\MiKTeX 2.9\tex\latex\tools\array.sty"
Package: array 2008/09/09 v2.4c Tabular extension package (FMi)
\col@sep=\dimen107
\extrarowheight=\dimen108
\NC@list=\toks17
\extratabsurround=\skip51
\backup@length=\skip52
)
\everycr=\toks18
\minrowclearance=\skip53
)
\rownum=\count94
Package xcolor Info: Model `cmy' substituted by `cmy0' on input line 1337.
Package xcolor Info: Model `hsb' substituted by `rgb' on input line 1341.
Package xcolor Info: Model `RGB' extended on input line 1353.
Package xcolor Info: Model `HTML' substituted by `rgb' on input line 1355.
Package xcolor Info: Model `Hsb' substituted by `hsb' on input line 1356.
Package xcolor Info: Model `tHsb' substituted by `hsb' on input line 1357.
Package xcolor Info: Model `HSB' substituted by `hsb' on input line 1358.
Package xcolor Info: Model `Gray' substituted by `gray' on input line 1359.
Package xcolor Info: Model `wave' substituted by `hsb' on input line 1360.
)
("C:\Program Files (x86)\MiKTeX 2.9\tex\latex\graphics\graphicx.sty"
Package: graphicx 1999/02/16 v1.0f Enhanced LaTeX Graphics (DPC,SPQR)

("C:\Program Files (x86)\MiKTeX 2.9\tex\latex\graphics\graphics.sty"
Package: graphics 2009/02/05 v1.0o Standard LaTeX Graphics (DPC,SPQR)

("C:\Program Files (x86)\MiKTeX 2.9\tex\latex\graphics\trig.sty"
Package: trig 1999/03/16 v1.09 sin cos tan (DPC)
)
("C:\Program Files (x86)\MiKTeX 2.9\tex\latex\00miktex\graphics.cfg"
File: graphics.cfg 2007/01/18 v1.5 graphics configuration of teTeX/TeXLive
)
Package graphics Info: Driver file: pdftex.def on input line 91.
)
\Gin@req@height=\dimen109
\Gin@req@width=\dimen110
)
("C:\Program Files (x86)\MiKTeX 2.9\tex\latex\amsmath\amsmath.sty"
Package: amsmath 2013/01/14 v2.14 AMS math features
\@mathmargin=\skip54

For additional information on amsmath, use the `?' option.
("C:\Program Files (x86)\MiKTeX 2.9\tex\latex\amsmath\amstext.sty"
Package: amstext 2000/06/29 v2.01

("C:\Program Files (x86)\MiKTeX 2.9\tex\latex\amsmath\amsgen.sty"
File: amsgen.sty 1999/11/30 v2.0
\@emptytoks=\toks19
\ex@=\dimen111
))
("C:\Program Files (x86)\MiKTeX 2.9\tex\latex\amsmath\amsbsy.sty"
Package: amsbsy 1999/11/29 v1.2d
\pmbraise@=\dimen112
)
("C:\Program Files (x86)\MiKTeX 2.9\tex\latex\amsmath\amsopn.sty"
Package: amsopn 1999/12/14 v2.01 operator names
)
\inf@bad=\count95
LaTeX Info: Redefining \frac on input line 210.
\uproot@=\count96
\leftroot@=\count97
LaTeX Info: Redefining \overline on input line 306.
\classnum@=\count98
\DOTSCASE@=\count99
LaTeX Info: Redefining \ldots on input line 378.
LaTeX Info: Redefining \dots on input line 381.
LaTeX Info: Redefining \cdots on input line 466.
\Mathstrutbox@=\box27
\strutbox@=\box28
\big@size=\dimen113
LaTeX Font Info:    Redeclaring font encoding OML on input line 566.
LaTeX Font Info:    Redeclaring font encoding OMS on input line 567.
\macc@depth=\count100
\c@MaxMatrixCols=\count101
\dotsspace@=\muskip10
\c@parentequation=\count102
\dspbrk@lvl=\count103
\tag@help=\toks20
\row@=\count104
\column@=\count105
\maxfields@=\count106
\andhelp@=\toks21
\eqnshift@=\dimen114
\alignsep@=\dimen115
\tagshift@=\dimen116
\tagwidth@=\dimen117
\totwidth@=\dimen118
\lineht@=\dimen119
\@envbody=\toks22
\multlinegap=\skip55
\multlinetaggap=\skip56
\mathdisplay@stack=\toks23
LaTeX Info: Redefining \[ on input line 2665.
LaTeX Info: Redefining \] on input line 2666.
)
("C:\Program Files (x86)\MiKTeX 2.9\tex\latex\ms\ragged2e.sty"
Package: ragged2e 2009/05/21 v2.1 ragged2e Package (MS)

("C:\Program Files (x86)\MiKTeX 2.9\tex\latex\ms\everysel.sty"
Package: everysel 2011/10/28 v1.2 EverySelectfont Package (MS)
)
\CenteringLeftskip=\skip57
\RaggedLeftLeftskip=\skip58
\RaggedRightLeftskip=\skip59
\CenteringRightskip=\skip60
\RaggedLeftRightskip=\skip61
\RaggedRightRightskip=\skip62
\CenteringParfillskip=\skip63
\RaggedLeftParfillskip=\skip64
\RaggedRightParfillskip=\skip65
\JustifyingParfillskip=\skip66
\CenteringParindent=\skip67
\RaggedLeftParindent=\skip68
\RaggedRightParindent=\skip69
\JustifyingParindent=\skip70
)
("C:\Program Files (x86)\MiKTeX 2.9\tex\latex\base\fontenc.sty"
Package: fontenc 2005/09/27 v1.99g Standard LaTeX package

("C:\Program Files (x86)\MiKTeX 2.9\tex\latex\base\t1enc.def"
File: t1enc.def 2005/09/27 v1.99g Standard LaTeX file
LaTeX Font Info:    Redeclaring font encoding T1 on input line 43.
))
("C:\Program Files (x86)\MiKTeX 2.9\tex\latex\base\textcomp.sty"
Package: textcomp 2005/09/27 v1.99g Standard LaTeX package
Package textcomp Info: Sub-encoding information:
(textcomp)               5 = only ISO-Adobe without \textcurrency
(textcomp)               4 = 5 + \texteuro
(textcomp)               3 = 4 + \textohm
(textcomp)               2 = 3 + \textestimated + \textcurrency
(textcomp)               1 = TS1 - \textcircled - \t
(textcomp)               0 = TS1 (full)
(textcomp)             Font families with sub-encoding setting implement
(textcomp)             only a restricted character set as indicated.
(textcomp)             Family '?' is the default used for unknown fonts.
(textcomp)             See the documentation for details.
Package textcomp Info: Setting ? sub-encoding to TS1/1 on input line 71.

("C:\Program Files (x86)\MiKTeX 2.9\tex\latex\base\ts1enc.def"
File: ts1enc.def 2001/06/05 v3.0e (jk/car/fm) Standard LaTeX file
)
LaTeX Info: Redefining \oldstylenums on input line 266.
Package textcomp Info: Setting cmr sub-encoding to TS1/0 on input line 281.
Package textcomp Info: Setting cmss sub-encoding to TS1/0 on input line 282.
Package textcomp Info: Setting cmtt sub-encoding to TS1/0 on input line 283.
Package textcomp Info: Setting cmvtt sub-encoding to TS1/0 on input line 284.
Package textcomp Info: Setting cmbr sub-encoding to TS1/0 on input line 285.
Package textcomp Info: Setting cmtl sub-encoding to TS1/0 on input line 286.
Package textcomp Info: Setting ccr sub-encoding to TS1/0 on input line 287.
Package textcomp Info: Setting ptm sub-encoding to TS1/4 on input line 288.
Package textcomp Info: Setting pcr sub-encoding to TS1/4 on input line 289.
Package textcomp Info: Setting phv sub-encoding to TS1/4 on input line 290.
Package textcomp Info: Setting ppl sub-encoding to TS1/3 on input line 291.
Package textcomp Info: Setting pag sub-encoding to TS1/4 on input line 292.
Package textcomp Info: Setting pbk sub-encoding to TS1/4 on input line 293.
Package textcomp Info: Setting pnc sub-encoding to TS1/4 on input line 294.
Package textcomp Info: Setting pzc sub-encoding to TS1/4 on input line 295.
Package textcomp Info: Setting bch sub-encoding to TS1/4 on input line 296.
Package textcomp Info: Setting put sub-encoding to TS1/5 on input line 297.
Package textcomp Info: Setting uag sub-encoding to TS1/5 on input line 298.
Package textcomp Info: Setting ugq sub-encoding to TS1/5 on input line 299.
Package textcomp Info: Setting ul8 sub-encoding to TS1/4 on input line 300.
Package textcomp Info: Setting ul9 sub-encoding to TS1/4 on input line 301.
Package textcomp Info: Setting augie sub-encoding to TS1/5 on input line 302.
Package textcomp Info: Setting dayrom sub-encoding to TS1/3 on input line 303.
Package textcomp Info: Setting dayroms sub-encoding to TS1/3 on input line 304.
Package textcomp Info: Setting pxr sub-encoding to TS1/0 on input line 305.
Package textcomp Info: Setting pxss sub-encoding to TS1/0 on input line 306.
Package textcomp Info: Setting pxtt sub-encoding to TS1/0 on input line 307.
Package textcomp Info: Setting txr sub-encoding to TS1/0 on input line 308.
Package textcomp Info: Setting txss sub-encoding to TS1/0 on input line 309.
Package textcomp Info: Setting txtt sub-encoding to TS1/0 on input line 310.
Package textcomp Info: Setting lmr sub-encoding to TS1/0 on input line 311.
Package textcomp Info: Setting lmdh sub-encoding to TS1/0 on input line 312.
Package textcomp Info: Setting lmss sub-encoding to TS1/0 on input line 313.
Package textcomp Info: Setting lmssq sub-encoding to TS1/0 on input line 314.
Package textcomp Info: Setting lmvtt sub-encoding to TS1/0 on input line 315.
Package textcomp Info: Setting qhv sub-encoding to TS1/0 on input line 316.
Package textcomp Info: Setting qag sub-encoding to TS1/0 on input line 317.
Package textcomp Info: Setting qbk sub-encoding to TS1/0 on input line 318.
Package textcomp Info: Setting qcr sub-encoding to TS1/0 on input line 319.
Package textcomp Info: Setting qcs sub-encoding to TS1/0 on input line 320.
Package textcomp Info: Setting qpl sub-encoding to TS1/0 on input line 321.
Package textcomp Info: Setting qtm sub-encoding to TS1/0 on input line 322.
Package textcomp Info: Setting qzc sub-encoding to TS1/0 on input line 323.
Package textcomp Info: Setting qhvc sub-encoding to TS1/0 on input line 324.
Package textcomp Info: Setting futs sub-encoding to TS1/4 on input line 325.
Package textcomp Info: Setting futx sub-encoding to TS1/4 on input line 326.
Package textcomp Info: Setting futj sub-encoding to TS1/4 on input line 327.
Package textcomp Info: Setting hlh sub-encoding to TS1/3 on input line 328.
Package textcomp Info: Setting hls sub-encoding to TS1/3 on input line 329.
Package textcomp Info: Setting hlst sub-encoding to TS1/3 on input line 330.
Package textcomp Info: Setting hlct sub-encoding to TS1/5 on input line 331.
Package textcomp Info: Setting hlx sub-encoding to TS1/5 on input line 332.
Package textcomp Info: Setting hlce sub-encoding to TS1/5 on input line 333.
Package textcomp Info: Setting hlcn sub-encoding to TS1/5 on input line 334.
Package textcomp Info: Setting hlcw sub-encoding to TS1/5 on input line 335.
Package textcomp Info: Setting hlcf sub-encoding to TS1/5 on input line 336.
Package textcomp Info: Setting pplx sub-encoding to TS1/3 on input line 337.
Package textcomp Info: Setting pplj sub-encoding to TS1/3 on input line 338.
Package textcomp Info: Setting ptmx sub-encoding to TS1/4 on input line 339.
Package textcomp Info: Setting ptmj sub-encoding to TS1/4 on input line 340.
)
("C:\Program Files (x86)\MiKTeX 2.9\tex\latex\lm\lmodern.sty"
Package: lmodern 2009/10/30 v1.6 Latin Modern Fonts
LaTeX Font Info:    Overwriting symbol font `operators' in version `normal'
(Font)                  OT1/cmr/m/n --> OT1/lmr/m/n on input line 22.
LaTeX Font Info:    Overwriting symbol font `letters' in version `normal'
(Font)                  OML/cmm/m/it --> OML/lmm/m/it on input line 23.
LaTeX Font Info:    Overwriting symbol font `symbols' in version `normal'
(Font)                  OMS/cmsy/m/n --> OMS/lmsy/m/n on input line 24.
LaTeX Font Info:    Overwriting symbol font `largesymbols' in version `normal'
(Font)                  OMX/cmex/m/n --> OMX/lmex/m/n on input line 25.
LaTeX Font Info:    Overwriting symbol font `operators' in version `bold'
(Font)                  OT1/cmr/bx/n --> OT1/lmr/bx/n on input line 26.
LaTeX Font Info:    Overwriting symbol font `letters' in version `bold'
(Font)                  OML/cmm/b/it --> OML/lmm/b/it on input line 27.
LaTeX Font Info:    Overwriting symbol font `symbols' in version `bold'
(Font)                  OMS/cmsy/b/n --> OMS/lmsy/b/n on input line 28.
LaTeX Font Info:    Overwriting symbol font `largesymbols' in version `bold'
(Font)                  OMX/cmex/m/n --> OMX/lmex/m/n on input line 29.
LaTeX Font Info:    Overwriting math alphabet `\mathbf' in version `normal'
(Font)                  OT1/cmr/bx/n --> OT1/lmr/bx/n on input line 31.
LaTeX Font Info:    Overwriting math alphabet `\mathsf' in version `normal'
(Font)                  OT1/cmss/m/n --> OT1/lmss/m/n on input line 32.
LaTeX Font Info:    Overwriting math alphabet `\mathit' in version `normal'
(Font)                  OT1/cmr/m/it --> OT1/lmr/m/it on input line 33.
LaTeX Font Info:    Overwriting math alphabet `\mathtt' in version `normal'
(Font)                  OT1/cmtt/m/n --> OT1/lmtt/m/n on input line 34.
LaTeX Font Info:    Overwriting math alphabet `\mathbf' in version `bold'
(Font)                  OT1/cmr/bx/n --> OT1/lmr/bx/n on input line 35.
LaTeX Font Info:    Overwriting math alphabet `\mathsf' in version `bold'
(Font)                  OT1/cmss/bx/n --> OT1/lmss/bx/n on input line 36.
LaTeX Font Info:    Overwriting math alphabet `\mathit' in version `bold'
(Font)                  OT1/cmr/bx/it --> OT1/lmr/bx/it on input line 37.
LaTeX Font Info:    Overwriting math alphabet `\mathtt' in version `bold'
(Font)                  OT1/cmtt/m/n --> OT1/lmtt/m/n on input line 38.
)
("C:\Program Files (x86)\MiKTeX 2.9\tex\latex\mathtools\mathtools.sty"
Package: mathtools 2015/06/17 v1.17 mathematical typesetting tools

("C:\Program Files (x86)\MiKTeX 2.9\tex\latex\mathtools\mhsetup.sty"
Package: mhsetup 2010/01/21 v1.2a programming setup (MH)
)
LaTeX Info: Thecontrolsequence`\['isalreadyrobust on input line 129.
LaTeX Info: Thecontrolsequence`\]'isalreadyrobust on input line 129.
\g_MT_multlinerow_int=\count107
\l_MT_multwidth_dim=\dimen120
\origjot=\skip71
\l_MT_shortvdotswithinadjustabove_dim=\dimen121
\l_MT_shortvdotswithinadjustbelow_dim=\dimen122
\l_MT_above_intertext_sep=\dimen123
\l_MT_below_intertext_sep=\dimen124
\l_MT_above_shortintertext_sep=\dimen125
\l_MT_below_shortintertext_sep=\dimen126
)
("C:\Program Files (x86)\MiKTeX 2.9\tex\latex\was\fixmath.sty"
Package: fixmath 2000/04/11 v0.9 (WaS)
LaTeX Font Info:    Redeclaring math symbol \Gamma on input line 27.
LaTeX Font Info:    Redeclaring math symbol \Delta on input line 28.
LaTeX Font Info:    Redeclaring math symbol \Theta on input line 29.
LaTeX Font Info:    Redeclaring math symbol \Lambda on input line 30.
LaTeX Font Info:    Redeclaring math symbol \Xi on input line 31.
LaTeX Font Info:    Redeclaring math symbol \Pi on input line 32.
LaTeX Font Info:    Redeclaring math symbol \Sigma on input line 33.
LaTeX Font Info:    Redeclaring math symbol \Upsilon on input line 34.
LaTeX Font Info:    Redeclaring math symbol \Phi on input line 35.
LaTeX Font Info:    Redeclaring math symbol \Psi on input line 36.
LaTeX Font Info:    Redeclaring math symbol \Omega on input line 37.
LaTeX Font Info:    Redeclaring math symbol \alpha on input line 38.
LaTeX Font Info:    Redeclaring math symbol \beta on input line 39.
LaTeX Font Info:    Redeclaring math symbol \gamma on input line 40.
LaTeX Font Info:    Redeclaring math symbol \delta on input line 41.
LaTeX Font Info:    Redeclaring math symbol \epsilon on input line 42.
LaTeX Font Info:    Redeclaring math symbol \zeta on input line 43.
LaTeX Font Info:    Redeclaring math symbol \eta on input line 44.
LaTeX Font Info:    Redeclaring math symbol \theta on input line 45.
LaTeX Font Info:    Redeclaring math symbol \iota on input line 46.
LaTeX Font Info:    Redeclaring math symbol \kappa on input line 47.
LaTeX Font Info:    Redeclaring math symbol \lambda on input line 48.
LaTeX Font Info:    Redeclaring math symbol \mu on input line 49.
LaTeX Font Info:    Redeclaring math symbol \nu on input line 50.
LaTeX Font Info:    Redeclaring math symbol \xi on input line 51.
LaTeX Font Info:    Redeclaring math symbol \pi on input line 52.
LaTeX Font Info:    Redeclaring math symbol \rho on input line 53.
LaTeX Font Info:    Redeclaring math symbol \sigma on input line 54.
LaTeX Font Info:    Redeclaring math symbol \tau on input line 55.
LaTeX Font Info:    Redeclaring math symbol \upsilon on input line 56.
LaTeX Font Info:    Redeclaring math symbol \phi on input line 57.
LaTeX Font Info:    Redeclaring math symbol \chi on input line 58.
LaTeX Font Info:    Redeclaring math symbol \psi on input line 59.
LaTeX Font Info:    Redeclaring math symbol \omega on input line 60.
LaTeX Font Info:    Redeclaring math symbol \varepsilon on input line 61.
LaTeX Font Info:    Redeclaring math symbol \vartheta on input line 62.
LaTeX Font Info:    Redeclaring math symbol \varpi on input line 63.
LaTeX Font Info:    Redeclaring math symbol \varphi on input line 64.
LaTeX Font Info:    Redeclaring math symbol \varrho on input line 65.
LaTeX Font Info:    Redeclaring math symbol \varsigma on input line 66.
)
("C:\Program Files (x86)\MiKTeX 2.9\tex\latex\onlyamsmath\onlyamsmath.sty"
Package: onlyamsmath 2012/01/01 v0.10 Destroy the standard math environments
)
("C:\Program Files (x86)\MiKTeX 2.9\tex\latex\was\icomma.sty"
Package: icomma 2002/03/10 v2.0 (WaS)
)
("C:\Program Files (x86)\MiKTeX 2.9\tex\latex\amsfonts\amssymb.sty"
Package: amssymb 2013/01/14 v3.01 AMS font symbols

("C:\Program Files (x86)\MiKTeX 2.9\tex\latex\amsfonts\amsfonts.sty"
Package: amsfonts 2013/01/14 v3.01 Basic AMSFonts support
\symAMSa=\mathgroup4
\symAMSb=\mathgroup5
LaTeX Font Info:    Overwriting math alphabet `\mathfrak' in version `bold'
(Font)                  U/euf/m/n --> U/euf/b/n on input line 106.
))
("C:\Program Files (x86)\MiKTeX 2.9\tex\latex\url\url.sty"
\Urlmuskip=\muskip11
Package: url 2013/09/16  ver 3.4  Verb mode for urls, etc.
)
("C:\Program Files (x86)\MiKTeX 2.9\tex\latex\footmisc\footmisc.sty"
Package: footmisc 2011/06/06 v5.5b a miscellany of footnote facilities
\FN@temptoken=\toks24
\footnotemargin=\dimen127
\c@pp@next@reset=\count108
\c@@fnserial=\count109
Package footmisc Info: Declaring symbol style bringhurst on input line 855.
Package footmisc Info: Declaring symbol style chicago on input line 863.
Package footmisc Info: Declaring symbol style wiley on input line 872.
Package footmisc Info: Declaring symbol style lamport-robust on input line 883.
Package footmisc Info: Declaring symbol style lamport* on input line 903.
Package footmisc Info: Declaring symbol style lamport*-robust on input line 924.
)
("C:\Program Files (x86)\MiKTeX 2.9\tex\latex\tools\varioref.sty"
Package: varioref 2011/10/02 v1.4z package for extended references (FMi)
\c@vrcnt=\count110
)
("C:\Program Files (x86)\MiKTeX 2.9\tex\latex\enumitem\enumitem.sty"
Package: enumitem 2011/09/28 v3.5.2 Customized lists
\labelindent=\skip72
\enit@outerparindent=\dimen128
\enit@toks=\toks25
\enit@inbox=\box29
\enitdp@description=\count111
)
("C:\Program Files (x86)\MiKTeX 2.9\tex\latex\csquotes\csquotes.sty"
Package: csquotes 2015/07/18 v5.1f context-sensitive quotations (JAW)

("C:\Program Files (x86)\MiKTeX 2.9\tex\latex\etoolbox\etoolbox.sty"
Package: etoolbox 2015/08/02 v2.2a e-TeX tools for LaTeX (JAW)

("C:\Program Files (x86)\MiKTeX 2.9\tex\latex\misc\etex.sty"
Package: etex 1998/03/26 v2.0 eTeX basic definition package (PEB)
\et@xins=\count112
)
\etb@tempcnta=\count113
)
\csq@reset=\count114
\csq@gtype=\count115
\csq@glevel=\count116
\csq@qlevel=\count117
\csq@maxlvl=\count118
\csq@tshold=\count119
\csq@ltx@everypar=\toks26

("C:\Program Files (x86)\MiKTeX 2.9\tex\latex\csquotes\csquotes.def"
File: csquotes.def 2015/07/18 v5.1f csquotes generic definitions (JAW)
)
Package csquotes Info: Trying to load configuration file 'csquotes.cfg'...
Package csquotes Info: ... configuration file loaded successfully.

("C:\Program Files (x86)\MiKTeX 2.9\tex\latex\csquotes\csquotes.cfg"
File: csquotes.cfg 
)
Package csquotes Info: Option 'babel' depreciated.
(csquotes)             Using 'autostyle'.
Package csquotes Info: Enabling multilingual quotes.
Package csquotes Info: Redefining alias 'german' -> 'german/quotes'.
Package csquotes Info: Redefining alias 'english' -> 'english/british'.
Package csquotes Info: Redefining alias 'french' -> 'french/guillemets'.
)
("C:\Program Files (x86)\MiKTeX 2.9\tex\latex\pdfpages\pdfpages.sty"
Package: pdfpages 2015/08/16 v0.5c Insert pages of external PDF documents (AM)

("C:\Program Files (x86)\MiKTeX 2.9\tex\latex\base\ifthen.sty"
Package: ifthen 2001/05/26 v1.1c Standard LaTeX ifthen package (DPC)
)
("C:\Program Files (x86)\MiKTeX 2.9\tex\latex\eso-pic\eso-pic.sty"
Package: eso-pic 2015/07/21 v2.0g eso-pic (RN)

("C:\Program Files (x86)\MiKTeX 2.9\tex\generic\oberdiek\atbegshi.sty"
Package: atbegshi 2011/10/05 v1.16 At begin shipout hook (HO)
))
\AM@pagewidth=\dimen129
\AM@pageheight=\dimen130

("C:\Program Files (x86)\MiKTeX 2.9\tex\latex\pdfpages\pppdftex.def"
File: pppdftex.def 2015/08/16 v0.5c Pdfpages driver for pdfTeX (AM)
)
("C:\Program Files (x86)\MiKTeX 2.9\tex\latex\oberdiek\pdflscape.sty"
Package: pdflscape 2008/08/11 v0.10 Display of landscape pages in PDF (HO)

("C:\Program Files (x86)\MiKTeX 2.9\tex\latex\graphics\lscape.sty"
Package: lscape 2000/10/22 v3.01 Landscape Pages (DPC)
)
Package pdflscape Info: Auto-detected driver: pdftex on input line 80.

("C:\Program Files (x86)\MiKTeX 2.9\tex\generic\ifxetex\ifxetex.sty"
Package: ifxetex 2010/09/12 v0.6 Provides ifxetex conditional
))
\AM@pagebox=\box30
\AM@toc@title=\toks27
\c@AM@survey=\count120
\AM@templatesizebox=\box31
)
("C:\Program Files (x86)\MiKTeX 2.9\tex\latex\hyperref\hyperref.sty"
Package: hyperref 2012/11/06 v6.83m Hypertext links for LaTeX

("C:\Program Files (x86)\MiKTeX 2.9\tex\generic\oberdiek\hobsub-hyperref.sty"
Package: hobsub-hyperref 2012/04/25 v1.12 Bundle oberdiek, subset hyperref (HO)

("C:\Program Files (x86)\MiKTeX 2.9\tex\generic\oberdiek\hobsub-generic.sty"
Package: hobsub-generic 2012/04/25 v1.12 Bundle oberdiek, subset generic (HO)
Package: hobsub 2012/04/25 v1.12 Construct package bundles (HO)
Package hobsub Info: Skipping package `infwarerr' (already loaded).
Package hobsub Info: Skipping package `ltxcmds' (already loaded).
Package: ifluatex 2010/03/01 v1.3 Provides the ifluatex switch (HO)
Package ifluatex Info: LuaTeX not detected.
Package: ifvtex 2010/03/01 v1.5 Detect VTeX and its facilities (HO)
Package ifvtex Info: VTeX not detected.
Package: intcalc 2007/09/27 v1.1 Expandable calculations with integers (HO)
Package hobsub Info: Skipping package `ifpdf' (already loaded).
Package: etexcmds 2011/02/16 v1.5 Avoid name clashes with e-TeX commands (HO)
Package etexcmds Info: Could not find \expanded.
(etexcmds)             That can mean that you are not using pdfTeX 1.50 or
(etexcmds)             that some package has redefined \expanded.
(etexcmds)             In the latter case, load this package earlier.
Package: kvsetkeys 2012/04/25 v1.16 Key value parser (HO)
Package: kvdefinekeys 2011/04/07 v1.3 Define keys (HO)
Package: pdftexcmds 2011/11/29 v0.20 Utility functions of pdfTeX for LuaTeX (HO)
Package pdftexcmds Info: LuaTeX not detected.
Package pdftexcmds Info: \pdf@primitive is available.
Package pdftexcmds Info: \pdf@ifprimitive is available.
Package pdftexcmds Info: \pdfdraftmode found.
Package: pdfescape 2011/11/25 v1.13 Implements pdfTeX's escape features (HO)
Package: bigintcalc 2012/04/08 v1.3 Expandable calculations on big integers (HO)
Package: bitset 2011/01/30 v1.1 Handle bit-vector datatype (HO)
Package: uniquecounter 2011/01/30 v1.2 Provide unlimited unique counter (HO)
)
Package hobsub Info: Skipping package `hobsub' (already loaded).
Package: letltxmacro 2010/09/02 v1.4 Let assignment for LaTeX macros (HO)
Package: hopatch 2011/06/24 v1.1 Wrapper for package hooks (HO)
Package: xcolor-patch 2011/01/30 xcolor patch
Package: atveryend 2011/06/30 v1.8 Hooks at the very end of document (HO)
Package hobsub Info: Skipping package `atbegshi' (already loaded).
Package: refcount 2011/10/16 v3.4 Data extraction from label references (HO)
Package: hycolor 2011/01/30 v1.7 Color options for hyperref/bookmark (HO)
)
("C:\Program Files (x86)\MiKTeX 2.9\tex\latex\oberdiek\auxhook.sty"
Package: auxhook 2011/03/04 v1.3 Hooks for auxiliary files (HO)
)
("C:\Program Files (x86)\MiKTeX 2.9\tex\latex\oberdiek\kvoptions.sty"
Package: kvoptions 2011/06/30 v3.11 Key value format for package options (HO)
)
\@linkdim=\dimen131
\Hy@linkcounter=\count121
\Hy@pagecounter=\count122

("C:\Program Files (x86)\MiKTeX 2.9\tex\latex\hyperref\pd1enc.def"
File: pd1enc.def 2012/11/06 v6.83m Hyperref: PDFDocEncoding definition (HO)
)
\Hy@SavedSpaceFactor=\count123

("C:\Program Files (x86)\MiKTeX 2.9\tex\latex\00miktex\hyperref.cfg"
File: hyperref.cfg 2002/06/06 v1.2 hyperref configuration of TeXLive
)
Package hyperref Info: Option `final' set `true' on input line 4319.
Package hyperref Info: Hyper figures OFF on input line 4443.
Package hyperref Info: Link nesting OFF on input line 4448.
Package hyperref Info: Hyper index ON on input line 4451.
Package hyperref Info: Plain pages OFF on input line 4458.
Package hyperref Info: Backreferencing OFF on input line 4463.
Package hyperref Info: Implicit mode ON; LaTeX internals redefined.
Package hyperref Info: Bookmarks ON on input line 4688.
\c@Hy@tempcnt=\count124
LaTeX Info: Redefining \url on input line 5041.
\XeTeXLinkMargin=\dimen132
\Fld@menulength=\count125
\Field@Width=\dimen133
\Fld@charsize=\dimen134
Package hyperref Info: Hyper figures OFF on input line 6295.
Package hyperref Info: Link nesting OFF on input line 6300.
Package hyperref Info: Hyper index ON on input line 6303.
Package hyperref Info: backreferencing OFF on input line 6310.
Package hyperref Info: Link coloring OFF on input line 6315.
Package hyperref Info: Link coloring with OCG OFF on input line 6320.
Package hyperref Info: PDF/A mode OFF on input line 6325.
LaTeX Info: Redefining \ref on input line 6365.
LaTeX Info: Redefining \pageref on input line 6369.
\Hy@abspage=\count126
\c@Item=\count127
\c@Hfootnote=\count128
)

Package hyperref Message: Driver: hpdftex.

("C:\Program Files (x86)\MiKTeX 2.9\tex\latex\hyperref\hpdftex.def"
File: hpdftex.def 2012/11/06 v6.83m Hyperref driver for pdfTeX
\Fld@listcount=\count129
\c@bookmark@seq@number=\count130

("C:\Program Files (x86)\MiKTeX 2.9\tex\latex\oberdiek\rerunfilecheck.sty"
Package: rerunfilecheck 2011/04/15 v1.7 Rerun checks for auxiliary files (HO)
Package uniquecounter Info: New unique counter `rerunfilecheck' on input line 282.
)
\Hy@SectionHShift=\skip73
)
Package hyperref Info: Option `colorlinks' set `true' on input line 172.
Package hyperref Info: Option `raiselinks' set `true' on input line 172.
Package hyperref Info: Option `breaklinks' set `true' on input line 172.
Package hyperref Info: Option `verbose' set `true' on input line 172.
Package hyperref Info: Option `linktocpage' set `true' on input line 172.
Package hyperref Info: Option `bookmarksopen' set `true' on input line 172.
Package hyperref Info: Option `bookmarksnumbered' set `true' on input line 172.
Package hyperref Info: Option `plainpages' set `false' on input line 172.
Package hyperref Info: Option `pageanchor' set `true' on input line 172.

("C:\Program Files (x86)\MiKTeX 2.9\tex\latex\booktabs\booktabs.sty"
Package: booktabs 2005/04/14 v1.61803 publication quality tables
\heavyrulewidth=\dimen135
\lightrulewidth=\dimen136
\cmidrulewidth=\dimen137
\belowrulesep=\dimen138
\belowbottomsep=\dimen139
\aboverulesep=\dimen140
\abovetopsep=\dimen141
\cmidrulesep=\dimen142
\cmidrulekern=\dimen143
\defaultaddspace=\dimen144
\@cmidla=\count131
\@cmidlb=\count132
\@aboverulesep=\dimen145
\@belowrulesep=\dimen146
\@thisruleclass=\count133
\@lastruleclass=\count134
\@thisrulewidth=\dimen147
)
("C:\Program Files (x86)\MiKTeX 2.9\tex\latex\tools\tabularx.sty"
Package: tabularx 1999/01/07 v2.07 `tabularx' package (DPC)
\TX@col@width=\dimen148
\TX@old@table=\dimen149
\TX@old@col=\dimen150
\TX@target=\dimen151
\TX@delta=\dimen152
\TX@cols=\count135
\TX@ftn=\toks28
)
("C:\Program Files (x86)\MiKTeX 2.9\tex\latex\multirow\multirow.sty"
\bigstrutjot=\dimen153
)
("C:\Program Files (x86)\MiKTeX 2.9\tex\latex\float\float.sty"
Package: float 2001/11/08 v1.3d Float enhancements (AL)
\c@float@type=\count136
\float@exts=\toks29
\float@box=\box32
\@float@everytoks=\toks30
\@floatcapt=\box33
)
("C:\Program Files (x86)\MiKTeX 2.9\tex\latex\base\flafter.sty"
Package: flafter 2000/07/23 v1.2i Standard LaTeX floats after reference (FMi)
)
("C:\Program Files (x86)\MiKTeX 2.9\tex\latex\subfig\subfig.sty"
Package: subfig 2005/06/28 ver: 1.3 subfig package

("C:\Program Files (x86)\MiKTeX 2.9\tex\latex\caption\caption.sty"
Package: caption 2013/05/02 v3.3-89 Customizing captions (AR)

("C:\Program Files (x86)\MiKTeX 2.9\tex\latex\caption\caption3.sty"
Package: caption3 2013/05/02 v1.6-88 caption3 kernel (AR)
Package caption3 Info: TeX engine: e-TeX on input line 57.
\captionmargin=\dimen154
\captionmargin@=\dimen155
\captionwidth=\dimen156
\caption@tempdima=\dimen157
\caption@indent=\dimen158
\caption@parindent=\dimen159
\caption@hangindent=\dimen160
)
Package caption Info: KOMA-Script document class.
\c@ContinuedFloat=\count137
Package caption Info: float package is loaded.
Package caption Info: hyperref package is loaded.
)
\c@KVtest=\count138
\sf@farskip=\skip74
\sf@captopadj=\dimen161
\sf@capskip=\skip75
\sf@nearskip=\skip76
\c@subfigure=\count139
\c@subfigure@save=\count140
\c@lofdepth=\count141
\c@subtable=\count142
\c@subtable@save=\count143
\c@lotdepth=\count144
\sf@top=\skip77
\sf@bottom=\skip78
)
("C:\Program Files (x86)\MiKTeX 2.9\tex\latex\wrapfig\wrapfig.sty"
\wrapoverhang=\dimen162
\WF@size=\dimen163
\c@WF@wrappedlines=\count145
\WF@box=\box34
\WF@everypar=\toks31
Package: wrapfig 2003/01/31  v 3.6
)
("C:\Program Files (x86)\MiKTeX 2.9\tex\latex\placeins\placeins.sty"
Package: placeins 2005/04/18  v 2.2
)
("C:\Program Files (x86)\MiKTeX 2.9\tex\latex\upquote\upquote.sty"
Package: upquote 2012/04/19 v1.3 upright-quote and grave-accent glyphs in verbatim
)
("C:\Program Files (x86)\MiKTeX 2.9\tex\latex\listings\listings.sty"
\lst@mode=\count146
\lst@gtempboxa=\box35
\lst@token=\toks32
\lst@length=\count147
\lst@currlwidth=\dimen164
\lst@column=\count148
\lst@pos=\count149
\lst@lostspace=\dimen165
\lst@width=\dimen166
\lst@newlines=\count150
\lst@lineno=\count151
\lst@maxwidth=\dimen167

("C:\Program Files (x86)\MiKTeX 2.9\tex\latex\listings\lstmisc.sty"
File: lstmisc.sty 2015/06/04 1.6 (Carsten Heinz)
\c@lstnumber=\count152
\lst@skipnumbers=\count153
\lst@framebox=\box36
)
("C:\Program Files (x86)\MiKTeX 2.9\tex\latex\listings\listings.cfg"
File: listings.cfg 2015/06/04 1.6 listings configuration
))
Package: listings 2015/06/04 1.6 (Carsten Heinz)

("C:\Program Files (x86)\MiKTeX 2.9\tex\latex\listings\lstlang1.sty"
File: lstlang1.sty 2015/06/04 1.6 listings language file
)
("C:\Program Files (x86)\MiKTeX 2.9\tex\latex\listings\lstlang2.sty"
File: lstlang2.sty 2015/06/04 1.6 listings language file
)
("C:\Program Files (x86)\MiKTeX 2.9\tex\latex\listings\lstlang3.sty"
File: lstlang3.sty 2015/06/04 1.6 listings language file
)
("C:\Program Files (x86)\MiKTeX 2.9\tex\latex\siunits\SIunits.sty"
Package: SIunits 2007/12/02 v1.36 Support for the International System of units (MH)


\@qskwidth=\skip79
LaTeX Font Info:    Redeclaring font encoding TS1 on input line 46.
\symgreek=\mathgroup6
("C:\Program Files (x86)\MiKTeX 2.9\tex\latex\siunits\SIunits.cfg")
Option `squaren' provided!
) ("C:\Program Files (x86)\MiKTeX 2.9\tex\latex\setspace\setspace.sty"
Package: setspace 2011/12/19 v6.7a set line spacing
)
LaTeX Font Info:    Try loading font information for T1+lmr on input line 273.

("C:\Program Files (x86)\MiKTeX 2.9\tex\latex\lm\t1lmr.fd"
File: t1lmr.fd 2009/10/30 v1.6 Font defs for Latin Modern
)
Package typearea Info: These are the values describing the layout:
(typearea)             DIV  = 14
(typearea)             BCOR = 14.22636pt
(typearea)             \paperwidth      = 597.50793pt
(typearea)              \textwidth      = 458.29268pt
(typearea)              DIV departure   = -8%
(typearea)              \evensidemargin = 4.45082pt
(typearea)              \oddsidemargin  = 4.45082pt
(typearea)             \paperheight     = 845.04694pt
(typearea)              \textheight     = 635.5pt
(typearea)              \topmargin      = -11.9095pt
(typearea)              \headheight     = 15.95009pt
(typearea)              \headsep        = 21.75pt
(typearea)              \topskip        = 12.0pt
(typearea)              \footskip       = 50.75pt
(typearea)              \baselineskip   = 14.5pt
(typearea)              on input line 273.

("C:\Program Files (x86)\MiKTeX 2.9\tex\latex\koma-script\scrpage2.sty"
Package: scrpage2 2015/07/02 v3.18 KOMA-Script package (page head and foot)
LaTeX Info: Redefining \pagemark on input line 174.
)
("C:\Program Files (x86)\MiKTeX 2.9\tex\latex\koma-script\scrtime.sty"
Package: scrtime 2015/07/02 v3.18 KOMA-Script package (time of LaTeX run)
)
Package scrkbase Info: You've told me to redefine the font selection of the
(scrkbase)             element `sectioning' that is an alias of element
(scrkbase)             `disposition' on input line 333.
Package scrkbase Info: You've told me to redefine the font selection of the
(scrkbase)             element `pagehead' that is an alias of element
(scrkbase)             `pageheadfoot' on input line 336.


Package scrkbase Warning: `pagehead' is only an alias of `pageheadfoot'.
(scrkbase)                Font of page foot may also be changed on input line 336.

)
(C:\Users\Agrawal\work\workspace\helikopter\helikopter-raspberry\doc\se\sources\I2C_adressing\preamble/pre-newcommands.t
ex)
(C:\Users\Agrawal\work\workspace\helikopter\helikopter-raspberry\doc\se\sources\I2C_adressing\preamble/pre-tablecommands
.tex)
(C:\Users\Agrawal\work\workspace\helikopter\helikopter-raspberry\doc\se\sources\I2C_adressing\preamble/pre-hyphenation.t
ex)
Package csquotes Info: Checking for multilingual support...
Package csquotes Info: ... found 'babel' package.

(C:\Users\Agrawal\work\workspace\helikopter\helikopter-raspberry\doc\se\sources\I2C_adressing\compiled\I2C_adressing.aux

(C:\Users\Agrawal\work\workspace\helikopter\helikopter-raspberry\doc\se\sources\I2C_adressing\compiled\chapters/ch-aa-ti
tel.aux)
(C:\Users\Agrawal\work\workspace\helikopter\helikopter-raspberry\doc\se\sources\I2C_adressing\compiled\chapters/ch-main.
aux

LaTeX Warning: Label `sec:ADC' multiply defined.


LaTeX Warning: Label `sec:ADC' multiply defined.

))
LaTeX Font Info:    Checking defaults for OML/cmm/m/it on input line 31.
LaTeX Font Info:    ... okay on input line 31.
LaTeX Font Info:    Checking defaults for T1/cmr/m/n on input line 31.
LaTeX Font Info:    ... okay on input line 31.
LaTeX Font Info:    Checking defaults for OT1/cmr/m/n on input line 31.
LaTeX Font Info:    ... okay on input line 31.
LaTeX Font Info:    Checking defaults for OMS/cmsy/m/n on input line 31.
LaTeX Font Info:    ... okay on input line 31.
LaTeX Font Info:    Checking defaults for OMX/cmex/m/n on input line 31.
LaTeX Font Info:    ... okay on input line 31.
LaTeX Font Info:    Checking defaults for U/cmr/m/n on input line 31.
LaTeX Font Info:    ... okay on input line 31.
LaTeX Font Info:    Checking defaults for TS1/cmr/m/n on input line 31.
LaTeX Font Info:    Try loading font information for TS1+cmr on input line 31.
 ("C:\Program Files (x86)\MiKTeX 2.9\tex\latex\base\ts1cmr.fd"
File: ts1cmr.fd 1999/05/25 v2.5h Standard LaTeX font definitions
)
LaTeX Font Info:    ... okay on input line 31.
LaTeX Font Info:    Checking defaults for PD1/pdf/m/n on input line 31.
LaTeX Font Info:    ... okay on input line 31.

("C:\Program Files (x86)\MiKTeX 2.9\tex\context\base\supp-pdf.mkii"
[Loading MPS to PDF converter (version 2006.09.02).]
\scratchcounter=\count154
\scratchdimen=\dimen168
\scratchbox=\box37
\nofMPsegments=\count155
\nofMParguments=\count156
\everyMPshowfont=\toks33
\MPscratchCnt=\count157
\MPscratchDim=\dimen169
\MPnumerator=\count158
\makeMPintoPDFobject=\count159
\everyMPtoPDFconversion=\toks34
) ABD: EverySelectfont initializing macros
LaTeX Info: Redefining \selectfont on input line 31.
\AtBeginShipoutBox=\box38
Package hyperref Info: Link coloring ON on input line 31.
 ("C:\Program Files (x86)\MiKTeX 2.9\tex\latex\hyperref\nameref.sty"
Package: nameref 2012/10/27 v2.43 Cross-referencing by name of section

("C:\Program Files (x86)\MiKTeX 2.9\tex\generic\oberdiek\gettitlestring.sty"
Package: gettitlestring 2010/12/03 v1.4 Cleanup title references (HO)
)
\c@section@level=\count160
LaTeX Info: Redefining \Ref on input line 513.
)
LaTeX Info: Redefining \ref on input line 31.
LaTeX Info: Redefining \pageref on input line 31.
LaTeX Info: Redefining \nameref on input line 31.

(C:\Users\Agrawal\work\workspace\helikopter\helikopter-raspberry\doc\se\sources\I2C_adressing\compiled\I2C_adressing.out
)
(C:\Users\Agrawal\work\workspace\helikopter\helikopter-raspberry\doc\se\sources\I2C_adressing\compiled\I2C_adressing.out
)
\@outlinefile=\write3
Package hyperref Info: Anchor `Doc-Start' on input line 31.
LaTeX Info: Redefining \Ref on input line 31.
Package caption Info: Begin \AtBeginDocument code.
Package caption Info: subfig package v1.3 is loaded.
Package caption Info: listings package is loaded.
Package caption Info: wrapfig package is loaded.
Package caption Info: End \AtBeginDocument code.
\c@lstlisting=\count161

Option `squaren' provided! 
 Command \squaren defined by SIunits package!


(C:\Users\Agrawal\work\workspace\helikopter\helikopter-raspberry\doc\se\sources\I2C_adressing\preamble/pre-tablesettings
.tex)
Package hyperref Info: Anchor `chapter*.1' on input line 42.
LaTeX Font Info:    Try loading font information for T1+lmss on input line 42.
 ("C:\Program Files (x86)\MiKTeX 2.9\tex\latex\lm\t1lmss.fd"
File: t1lmss.fd 2009/10/30 v1.6 Font defs for Latin Modern
)
(C:\Users\Agrawal\work\workspace\helikopter\helikopter-raspberry\doc\se\sources\I2C_adressing\compiled\I2C_adressing.toc
LaTeX Font Info:    Try loading font information for OT1+lmr on input line 2.
("C:\Program Files (x86)\MiKTeX 2.9\tex\latex\lm\ot1lmr.fd"
File: ot1lmr.fd 2009/10/30 v1.6 Font defs for Latin Modern
)
LaTeX Font Info:    Try loading font information for OML+lmm on input line 2.
 ("C:\Program Files (x86)\MiKTeX 2.9\tex\latex\lm\omllmm.fd"
File: omllmm.fd 2009/10/30 v1.6 Font defs for Latin Modern
)
LaTeX Font Info:    Try loading font information for OMS+lmsy on input line 2.
 ("C:\Program Files (x86)\MiKTeX 2.9\tex\latex\lm\omslmsy.fd"
File: omslmsy.fd 2009/10/30 v1.6 Font defs for Latin Modern
)
LaTeX Font Info:    Try loading font information for OMX+lmex on input line 2.

("C:\Program Files (x86)\MiKTeX 2.9\tex\latex\lm\omxlmex.fd"
File: omxlmex.fd 2009/10/30 v1.6 Font defs for Latin Modern
)
LaTeX Font Info:    External font `lmex10' loaded for size
(Font)              <12> on input line 2.
LaTeX Font Info:    External font `lmex10' loaded for size
(Font)              <8> on input line 2.
LaTeX Font Info:    External font `lmex10' loaded for size
(Font)              <6> on input line 2.
LaTeX Font Info:    Try loading font information for U+msa on input line 2.

("C:\Program Files (x86)\MiKTeX 2.9\tex\latex\amsfonts\umsa.fd"
File: umsa.fd 2013/01/14 v3.01 AMS symbols A
)
LaTeX Font Info:    Try loading font information for U+msb on input line 2.

("C:\Program Files (x86)\MiKTeX 2.9\tex\latex\amsfonts\umsb.fd"
File: umsb.fd 2013/01/14 v3.01 AMS symbols B
)
Package hyperref Info: Reference (link) `chapter.1' on input line 2.
Package hyperref Info: Reference (link) `section.1.1' on input line 3.
Package hyperref Info: Reference (link) `subsection.1.1.1' on input line 4.
Package hyperref Info: Reference (link) `subsection.1.1.2' on input line 5.
Package hyperref Info: Reference (link) `subsection.1.1.3' on input line 6.
Package hyperref Info: Reference (link) `section.1.2' on input line 7.
Package hyperref Info: Reference (link) `subsection.1.2.1' on input line 8.
Package hyperref Info: Reference (link) `subsubsection.1.2.1.1' on input line 9.
Package hyperref Info: Reference (link) `subsubsection.1.2.1.2' on input line 10.
Package hyperref Info: Reference (link) `subsection.1.2.2' on input line 11.
Package hyperref Info: Reference (link) `subsubsection.1.2.2.1' on input line 12.
Package hyperref Info: Reference (link) `subsubsection.1.2.2.2' on input line 13.
Package hyperref Info: Reference (link) `subsection.1.2.3' on input line 14.
Package hyperref Info: Reference (link) `subsubsection.1.2.3.1' on input line 15.
Package hyperref Info: Reference (link) `subsubsection.1.2.3.2' on input line 16.
Package hyperref Info: Reference (link) `section.1.3' on input line 17.
Package hyperref Info: Reference (link) `subsection.1.3.1' on input line 18.
Package hyperref Info: Reference (link) `subsection.1.3.2' on input line 19.
)
\tf@toc=\write4
LaTeX Font Info:    External font `lmex10' loaded for size
(Font)              <10.95> on input line 43.
Package hyperref Info: Anchor `page.i' on input line 43.
 [1





{C:/ProgramData/MiKTeX/2.9/pdftex/config/pdftex.map}
Package `hyperref' Info: End of reference (link) `chapter.1', line 2.
Package `hyperref' Info: End of reference (link) `section.1.1', line 3.
Package `hyperref' Info: End of reference (link) `subsection.1.1.1', line 4.
Package `hyperref' Info: End of reference (link) `subsection.1.1.2', line 5.
Package `hyperref' Info: End of reference (link) `subsection.1.1.3', line 6.
Package `hyperref' Info: End of reference (link) `section.1.2', line 7.
Package `hyperref' Info: End of reference (link) `subsection.1.2.1', line 8.
Package `hyperref' Info: End of reference (link) `subsubsection.1.2.1.1', line 9.
Package `hyperref' Info: End of reference (link) `subsubsection.1.2.1.2', line 10.
Package `hyperref' Info: End of reference (link) `subsection.1.2.2', line 11.
Package `hyperref' Info: End of reference (link) `subsubsection.1.2.2.1', line 12.
Package `hyperref' Info: End of reference (link) `subsubsection.1.2.2.2', line 13.
Package `hyperref' Info: End of reference (link) `subsection.1.2.3', line 14.
Package `hyperref' Info: End of reference (link) `subsubsection.1.2.3.1', line 15.
Package `hyperref' Info: End of reference (link) `subsubsection.1.2.3.2', line 16.
Package `hyperref' Info: End of reference (link) `section.1.3', line 17.
Package `hyperref' Info: End of reference (link) `subsection.1.3.1', line 18.
Package `hyperref' Info: End of reference (link) `subsection.1.3.2', line 19.
]
Package hyperref Info: Anchor `chapter*.2' on input line 43.

(C:\Users\Agrawal\work\workspace\helikopter\helikopter-raspberry\doc\se\sources\I2C_adressing\compiled\I2C_adressing.lof
Package hyperref Info: Reference (link) `figure.caption.4' on input line 3.
Package hyperref Info: Reference (link) `figure.caption.5' on input line 4.
Package hyperref Info: Reference (link) `figure.caption.6' on input line 5.
Package hyperref Info: Reference (link) `figure.caption.7' on input line 6.
Package hyperref Info: Reference (link) `figure.caption.8' on input line 7.
Package hyperref Info: Reference (link) `figure.caption.9' on input line 8.
Package hyperref Info: Reference (link) `figure.caption.10' on input line 9.
Package hyperref Info: Reference (link) `figure.caption.11' on input line 10.
Package hyperref Info: Reference (link) `figure.caption.12' on input line 11.
Package hyperref Info: Reference (link) `figure.caption.13' on input line 12.
Package hyperref Info: Reference (link) `figure.caption.14' on input line 13.
Package hyperref Info: Reference (link) `figure.caption.15' on input line 14.
Package hyperref Info: Reference (link) `figure.caption.16' on input line 15.
Package hyperref Info: Reference (link) `figure.caption.17' on input line 16.
Package hyperref Info: Reference (link) `figure.caption.18' on input line 17.
Package hyperref Info: Reference (link) `figure.caption.19' on input line 18.
)
\tf@lof=\write5
Package hyperref Info: Anchor `page.ii' on input line 44.
 [2


Package `hyperref' Info: End of reference (link) `figure.caption.4', line 3.
Package `hyperref' Info: End of reference (link) `figure.caption.5', line 4.
Package `hyperref' Info: End of reference (link) `figure.caption.6', line 5.
Package `hyperref' Info: End of reference (link) `figure.caption.7', line 6.
Package `hyperref' Info: End of reference (link) `figure.caption.8', line 7.
Package `hyperref' Info: End of reference (link) `figure.caption.9', line 8.
Package `hyperref' Info: End of reference (link) `figure.caption.10', line 9.
Package `hyperref' Info: End of reference (link) `figure.caption.11', line 10.
Package `hyperref' Info: End of reference (link) `figure.caption.12', line 11.
Package `hyperref' Info: End of reference (link) `figure.caption.13', line 12.
Package `hyperref' Info: End of reference (link) `figure.caption.14', line 13.
Package `hyperref' Info: End of reference (link) `figure.caption.15', line 14.
Package `hyperref' Info: End of reference (link) `figure.caption.16', line 15.
Package `hyperref' Info: End of reference (link) `figure.caption.17', line 16.
Package `hyperref' Info: End of reference (link) `figure.caption.18', line 17.
Package `hyperref' Info: End of reference (link) `figure.caption.19', line 18.
]
Package hyperref Info: Anchor `chapter*.3' on input line 44.

(C:\Users\Agrawal\work\workspace\helikopter\helikopter-raspberry\doc\se\sources\I2C_adressing\compiled\I2C_adressing.lot
)
\tf@lot=\write6
Package hyperref Info: Anchor `page.iii' on input line 48.
 [3


] (C:\Users\Agrawal\work\workspace\helikopter\helikopter-raspberry\doc\se\sources\I2C_adressing\chapters/ch-main.tex
Package hyperref Info: Anchor `chapter.1' on input line 1.
chapter 1.

Package hyperref Warning: Token not allowed in a PDF string (PDFDocEncoding):
(hyperref)                removing `\<let>-command' on input line 1.


Package hyperref Warning: Token not allowed in a PDF string (PDFDocEncoding):
(hyperref)                removing `\next' on input line 1.


Package hyperref Warning: Token not allowed in a PDF string (PDFDocEncoding):
(hyperref)                removing `math shift' on input line 1.


Package hyperref Warning: Token not allowed in a PDF string (PDFDocEncoding):
(hyperref)                removing `superscript' on input line 1.


Package hyperref Warning: Token not allowed in a PDF string (PDFDocEncoding):
(hyperref)                removing `\<let>-command' on input line 1.


Package hyperref Warning: Token not allowed in a PDF string (PDFDocEncoding):
(hyperref)                removing `\next' on input line 1.


Package hyperref Warning: Token not allowed in a PDF string (PDFDocEncoding):
(hyperref)                removing `math shift' on input line 1.

Package hyperref Info: bookmark on input line 1:
(hyperref)             thecounter {1}
(hyperref)             text {\protect \numberline {\csname thechapter\endcsname }\scr@ds@tocentry }
(hyperref)             reference {chapter.1}
(hyperref)             toclevel {0}
(hyperref)             type {toc}.

Class scrbook Warning: \float@addtolists detected!
(scrbook)              Implementation of \float@addtolist became
(scrbook)              deprecated in KOMA-Script v3.01 2008/11/14 and
(scrbook)              has been replaced by several more flexible
(scrbook)              features of package `tocbasic`.
(scrbook)              Since Version 3.12 support for deprecated
(scrbook)              \float@addtolist interface has been
(scrbook)              restricted to only some of the KOMA-Script
(scrbook)              features and been removed from others.
(scrbook)              Loading of package `scrhack' may help to
(scrbook)              avoid this warning, if you are using a
(scrbook)              a package that still implements the
(scrbook)              deprecated \float@addtolist interface .

LaTeX Font Info:    External font `lmex10' loaded for size
(Font)              <24.88> on input line 1.
LaTeX Font Info:    External font `lmex10' loaded for size
(Font)              <20.74> on input line 1.
LaTeX Font Info:    External font `lmex10' loaded for size
(Font)              <17.28> on input line 1.
Package hyperref Info: Anchor `section.1.1' on input line 6.
Package hyperref Info: bookmark on input line 6:
(hyperref)             thecounter {1.1}
(hyperref)             text {\protect \numberline {\csname thesection\endcsname }\scr@ds@tocentry }
(hyperref)             reference {section.1.1}
(hyperref)             toclevel {1}
(hyperref)             type {toc}.
Package hyperref Info: Anchor `subsection.1.1.1' on input line 13.
Package hyperref Info: bookmark on input line 13:
(hyperref)             thecounter {1.1.1}
(hyperref)             text {\protect \numberline {\csname thesubsection\endcsname }\scr@ds@tocentry }
(hyperref)             reference {subsection.1.1.1}
(hyperref)             toclevel {2}
(hyperref)             type {toc}.
Package hyperref Info: Reference (link) `figure.caption.4' on input line 16.
Package hyperref Info: Anchor `figure.caption.4' on input line 18.
<fig/ADC_read.png, id=148, 317.988pt x 126.071pt>
File: fig/ADC_read.png Graphic file (type png)
 <use fig/ADC_read.png>
Package pdftex.def Info: fig/ADC_read.png used on input line 19.
(pdftex.def)             Requested size: 320.80347pt x 127.1941pt.
Package hyperref Info: bookmark on input line 20:
(hyperref)             thecounter {1.1}
(hyperref)             text {\protect \numberline {\caption@lstfmt {\@nameuse {p@figure}}{\@nameuse {thefigure}}}{\ignor
espaces Packages read ADC\relax }}
(hyperref)             reference {figure.caption.4}
(hyperref)             toclevel {0}
(hyperref)             type {lof}.
Package hyperref Info: Anchor `subsection.1.1.2' on input line 25.
Package hyperref Info: bookmark on input line 25:
(hyperref)             thecounter {1.1.2}
(hyperref)             text {\protect \numberline {\csname thesubsection\endcsname }\scr@ds@tocentry }
(hyperref)             reference {subsection.1.1.2}
(hyperref)             toclevel {2}
(hyperref)             type {toc}.
Package hyperref Info: Anchor `figure.caption.5' on input line 30.

<fig/ADC_write.png, id=150, 444.862pt x 128.48pt>
File: fig/ADC_write.png Graphic file (type png)
 <use fig/ADC_write.png>
Package pdftex.def Info: fig/ADC_write.png used on input line 31.
(pdftex.def)             Requested size: 320.80347pt x 92.65254pt.
Package hyperref Info: bookmark on input line 32:
(hyperref)             thecounter {1.2}
(hyperref)             text {\protect \numberline {\caption@lstfmt {\@nameuse {p@figure}}{\@nameuse {thefigure}}}{\ignor
espaces Packages write ADC\relax }}
(hyperref)             reference {figure.caption.5}
(hyperref)             toclevel {0}
(hyperref)             type {lof}.
Package hyperref Info: Anchor `page.1' on input line 35.
 [1




Package `hyperref' Info: End of reference (link) `figure.caption.4', line 16.
 <C:/Users/Agrawal/work/workspace/helikopter/helikopter-raspberry/doc/se/sources/I2C_adressing/fig/ADC_read.png>]
Package hyperref Info: Anchor `subsection.1.1.3' on input line 36.
Package hyperref Info: bookmark on input line 36:
(hyperref)             thecounter {1.1.3}
(hyperref)             text {\protect \numberline {\csname thesubsection\endcsname }\scr@ds@tocentry }
(hyperref)             reference {subsection.1.1.3}
(hyperref)             toclevel {2}
(hyperref)             type {toc}.
Package hyperref Info: Reference (link) `figure.caption.6' on input line 39.
Package hyperref Info: Anchor `figure.caption.6' on input line 41.

<fig/ADC_read_conversion.png, id=160, 738.50906pt x 170.13562pt>
File: fig/ADC_read_conversion.png Graphic file (type png)
 <use fig/ADC_read_conversion.png>
Package pdftex.def Info: fig/ADC_read_conversion.png used on input line 42.
(pdftex.def)             Requested size: 458.29268pt x 105.57904pt.
Package hyperref Info: bookmark on input line 43:
(hyperref)             thecounter {1.3}
(hyperref)             text {\protect \numberline {\caption@lstfmt {\@nameuse {p@figure}}{\@nameuse {thefigure}}}{\ignor
espaces Packages conversion read ADC\relax }}
(hyperref)             reference {figure.caption.6}
(hyperref)             toclevel {0}
(hyperref)             type {lof}.
Package hyperref Info: Anchor `section.1.2' on input line 47.
Package hyperref Info: bookmark on input line 47:
(hyperref)             thecounter {1.2}
(hyperref)             text {\protect \numberline {\csname thesection\endcsname }\scr@ds@tocentry }
(hyperref)             reference {section.1.2}
(hyperref)             toclevel {1}
(hyperref)             type {toc}.
Package hyperref Info: Anchor `subsection.1.2.1' on input line 52.
Package hyperref Info: bookmark on input line 52:
(hyperref)             thecounter {1.2.1}
(hyperref)             text {\protect \numberline {\csname thesubsection\endcsname }\scr@ds@tocentry }
(hyperref)             reference {subsection.1.2.1}
(hyperref)             toclevel {2}
(hyperref)             type {toc}.
Package hyperref Info: Anchor `page.2' on input line 59.
 [2
Package `hyperref' Info: End of reference (link) `figure.caption.6', line 39.
 <C:/Users/Agrawal/work/workspace/helikopter/helikopter-raspberry/doc/se/sources/I2C_adressing/fig/ADC_write.png> <C:/Us
ers/Agrawal/work/workspace/helikopter/helikopter-raspberry/doc/se/sources/I2C_adressing/fig/ADC_read_conversion.png>]
Package hyperref Info: Anchor `subsubsection.1.2.1.1' on input line 60.
Package hyperref Info: bookmark on input line 60:
(hyperref)             thecounter {1.2.1.1}
(hyperref)             text {\protect \numberline {\csname thesubsubsection\endcsname }\scr@ds@tocentry }
(hyperref)             reference {subsubsection.1.2.1.1}
(hyperref)             toclevel {3}
(hyperref)             type {toc}.
Package hyperref Info: Anchor `figure.caption.7' on input line 63.

<fig/ACC_read_single.png, id=168, 391.864pt x 128.48pt>
File: fig/ACC_read_single.png Graphic file (type png)
 <use fig/ACC_read_single.png>
Package pdftex.def Info: fig/ACC_read_single.png used on input line 64.
(pdftex.def)             Requested size: 320.80347pt x 105.18567pt.
Package hyperref Info: bookmark on input line 65:
(hyperref)             thecounter {1.4}
(hyperref)             text {\protect \numberline {\caption@lstfmt {\@nameuse {p@figure}}{\@nameuse {thefigure}}}{\ignor
espaces ACC read single data\relax }}
(hyperref)             reference {figure.caption.7}
(hyperref)             toclevel {0}
(hyperref)             type {lof}.
Package hyperref Info: Anchor `figure.caption.8' on input line 69.

<fig/ACC_read_multiple.png, id=169, 566.115pt x 130.889pt>
File: fig/ACC_read_multiple.png Graphic file (type png)
 <use fig/ACC_read_multiple.png>
Package pdftex.def Info: fig/ACC_read_multiple.png used on input line 70.
(pdftex.def)             Requested size: 458.29268pt x 105.9616pt.
Package hyperref Info: bookmark on input line 71:
(hyperref)             thecounter {1.5}
(hyperref)             text {\protect \numberline {\caption@lstfmt {\@nameuse {p@figure}}{\@nameuse {thefigure}}}{\ignor
espaces ACC read multiple data\relax }}
(hyperref)             reference {figure.caption.8}
(hyperref)             toclevel {0}
(hyperref)             type {lof}.
Package hyperref Info: Anchor `subsubsection.1.2.1.2' on input line 79.
Package hyperref Info: bookmark on input line 79:
(hyperref)             thecounter {1.2.1.2}
(hyperref)             text {\protect \numberline {\csname thesubsubsection\endcsname }\scr@ds@tocentry }
(hyperref)             reference {subsubsection.1.2.1.2}
(hyperref)             toclevel {3}
(hyperref)             type {toc}.
Package hyperref Info: Anchor `figure.caption.9' on input line 82.

<fig/ACC_write_single.png, id=170, 262.73157pt x 129.48375pt>
File: fig/ACC_write_single.png Graphic file (type png)
 <use fig/ACC_write_single.png>
Package pdftex.def Info: fig/ACC_write_single.png used on input line 83.
(pdftex.def)             Requested size: 252.06236pt x 124.22986pt.
Package hyperref Info: bookmark on input line 84:
(hyperref)             thecounter {1.6}
(hyperref)             text {\protect \numberline {\caption@lstfmt {\@nameuse {p@figure}}{\@nameuse {thefigure}}}{\ignor
espaces ACC write single data\relax }}
(hyperref)             reference {figure.caption.9}
(hyperref)             toclevel {0}
(hyperref)             type {lof}.
Package hyperref Info: Anchor `page.3' on input line 87.
 [3 <C:/Users/Agrawal/work/workspace/helikopter/helikopter-raspberry/doc/se/sources/I2C_adressing/fig/ACC_read_single.pn
g> <C:/Users/Agrawal/work/workspace/helikopter/helikopter-raspberry/doc/se/sources/I2C_adressing/fig/ACC_read_multiple.p
ng>]
Package hyperref Info: Anchor `figure.caption.10' on input line 88.

<fig/ACC_write_multiple.png, id=177, 335.00156pt x 122.70844pt>
File: fig/ACC_write_multiple.png Graphic file (type png)
 <use fig/ACC_write_multiple.png>
Package pdftex.def Info: fig/ACC_write_multiple.png used on input line 89.
(pdftex.def)             Requested size: 320.80347pt x 117.50665pt.
Package hyperref Info: bookmark on input line 90:
(hyperref)             thecounter {1.7}
(hyperref)             text {\protect \numberline {\caption@lstfmt {\@nameuse {p@figure}}{\@nameuse {thefigure}}}{\ignor
espaces ACC write multiple data\relax }}
(hyperref)             reference {figure.caption.10}
(hyperref)             toclevel {0}
(hyperref)             type {lof}.
Package hyperref Info: Anchor `subsection.1.2.2' on input line 97.
Package hyperref Info: bookmark on input line 97:
(hyperref)             thecounter {1.2.2}
(hyperref)             text {\protect \numberline {\csname thesubsection\endcsname }\scr@ds@tocentry }
(hyperref)             reference {subsection.1.2.2}
(hyperref)             toclevel {2}
(hyperref)             type {toc}.
Package hyperref Info: Anchor `subsubsection.1.2.2.1' on input line 105.
Package hyperref Info: bookmark on input line 105:
(hyperref)             thecounter {1.2.2.1}
(hyperref)             text {\protect \numberline {\csname thesubsubsection\endcsname }\scr@ds@tocentry }
(hyperref)             reference {subsubsection.1.2.2.1}
(hyperref)             toclevel {3}
(hyperref)             type {toc}.
Package hyperref Info: Anchor `figure.caption.11' on input line 108.
File: fig/ACC_read_single.png Graphic file (type png)

<use fig/ACC_read_single.png>
Package pdftex.def Info: fig/ACC_read_single.png used on input line 109.
(pdftex.def)             Requested size: 320.80347pt x 105.18567pt.
Package hyperref Info: bookmark on input line 110:
(hyperref)             thecounter {1.8}
(hyperref)             text {\protect \numberline {\caption@lstfmt {\@nameuse {p@figure}}{\@nameuse {thefigure}}}{\ignor
espaces Gyro read single data\relax }}
(hyperref)             reference {figure.caption.11}
(hyperref)             toclevel {0}
(hyperref)             type {lof}.
Package hyperref Info: Anchor `page.4' on input line 113.
 [4 <C:/Users/Agrawal/work/workspace/helikopter/helikopter-raspberry/doc/se/sources/I2C_adressing/fig/ACC_write_single.p
ng> <C:/Users/Agrawal/work/workspace/helikopter/helikopter-raspberry/doc/se/sources/I2C_adressing/fig/ACC_write_multiple
.png>]
Package hyperref Info: Anchor `figure.caption.12' on input line 114.
File: fig/ACC_read_multiple.png Graphic file (type png)
 <use fig/ACC_read_multiple.png>
Package pdftex.def Info: fig/ACC_read_multiple.png used on input line 115.
(pdftex.def)             Requested size: 458.29268pt x 105.9616pt.
Package hyperref Info: bookmark on input line 116:
(hyperref)             thecounter {1.9}
(hyperref)             text {\protect \numberline {\caption@lstfmt {\@nameuse {p@figure}}{\@nameuse {thefigure}}}{\ignor
espaces Gyro read multiple data\relax }}
(hyperref)             reference {figure.caption.12}
(hyperref)             toclevel {0}
(hyperref)             type {lof}.
Package hyperref Info: Anchor `subsubsection.1.2.2.2' on input line 123.
Package hyperref Info: bookmark on input line 123:
(hyperref)             thecounter {1.2.2.2}
(hyperref)             text {\protect \numberline {\csname thesubsubsection\endcsname }\scr@ds@tocentry }
(hyperref)             reference {subsubsection.1.2.2.2}
(hyperref)             toclevel {3}
(hyperref)             type {toc}.
Package hyperref Info: Anchor `figure.caption.13' on input line 126.
File: fig/ACC_write_single.png Graphic file (type png)
 <use fig/ACC_write_single.png>
Package pdftex.def Info: fig/ACC_write_single.png used on input line 127.
(pdftex.def)             Requested size: 252.06236pt x 124.22986pt.
Package hyperref Info: bookmark on input line 128:
(hyperref)             thecounter {1.10}
(hyperref)             text {\protect \numberline {\caption@lstfmt {\@nameuse {p@figure}}{\@nameuse {thefigure}}}{\ignor
espaces Gyro write single data\relax }}
(hyperref)             reference {figure.caption.13}
(hyperref)             toclevel {0}
(hyperref)             type {lof}.
Package hyperref Info: Anchor `figure.caption.14' on input line 132.
File: fig/ACC_write_multiple.png Graphic file (type png)

<use fig/ACC_write_multiple.png>
Package pdftex.def Info: fig/ACC_write_multiple.png used on input line 133.
(pdftex.def)             Requested size: 320.80347pt x 117.50665pt.
Package hyperref Info: bookmark on input line 134:
(hyperref)             thecounter {1.11}
(hyperref)             text {\protect \numberline {\caption@lstfmt {\@nameuse {p@figure}}{\@nameuse {thefigure}}}{\ignor
espaces Gyro write multiple data\relax }}
(hyperref)             reference {figure.caption.14}
(hyperref)             toclevel {0}
(hyperref)             type {lof}.
Package hyperref Info: Anchor `page.5' on input line 137.
 [5]
Package hyperref Info: Anchor `subsection.1.2.3' on input line 140.
Package hyperref Info: bookmark on input line 140:
(hyperref)             thecounter {1.2.3}
(hyperref)             text {\protect \numberline {\csname thesubsection\endcsname }\scr@ds@tocentry }
(hyperref)             reference {subsection.1.2.3}
(hyperref)             toclevel {2}
(hyperref)             type {toc}.
Package hyperref Info: Anchor `subsubsection.1.2.3.1' on input line 148.
Package hyperref Info: bookmark on input line 148:
(hyperref)             thecounter {1.2.3.1}
(hyperref)             text {\protect \numberline {\csname thesubsubsection\endcsname }\scr@ds@tocentry }
(hyperref)             reference {subsubsection.1.2.3.1}
(hyperref)             toclevel {3}
(hyperref)             type {toc}.
Package hyperref Info: Anchor `figure.caption.15' on input line 151.
File: fig/ACC_read_single.png Graphic file (type png)
 <use fig/ACC_read_single.png>
Package pdftex.def Info: fig/ACC_read_single.png used on input line 152.
(pdftex.def)             Requested size: 320.80347pt x 105.18567pt.
Package hyperref Info: bookmark on input line 153:
(hyperref)             thecounter {1.12}
(hyperref)             text {\protect \numberline {\caption@lstfmt {\@nameuse {p@figure}}{\@nameuse {thefigure}}}{\ignor
espaces Pressure read single data\relax }}
(hyperref)             reference {figure.caption.15}
(hyperref)             toclevel {0}
(hyperref)             type {lof}.
Package hyperref Info: Anchor `figure.caption.16' on input line 157.
File: fig/ACC_read_multiple.png Graphic file (type png)
 <use fig/ACC_read_multiple.png>
Package pdftex.def Info: fig/ACC_read_multiple.png used on input line 158.
(pdftex.def)             Requested size: 458.29268pt x 105.9616pt.
Package hyperref Info: bookmark on input line 159:
(hyperref)             thecounter {1.13}
(hyperref)             text {\protect \numberline {\caption@lstfmt {\@nameuse {p@figure}}{\@nameuse {thefigure}}}{\ignor
espaces Pressure read multiple data\relax }}
(hyperref)             reference {figure.caption.16}
(hyperref)             toclevel {0}
(hyperref)             type {lof}.
Package hyperref Info: Anchor `page.6' on input line 162.
 [6]
Package hyperref Info: Anchor `subsubsection.1.2.3.2' on input line 166.
Package hyperref Info: bookmark on input line 166:
(hyperref)             thecounter {1.2.3.2}
(hyperref)             text {\protect \numberline {\csname thesubsubsection\endcsname }\scr@ds@tocentry }
(hyperref)             reference {subsubsection.1.2.3.2}
(hyperref)             toclevel {3}
(hyperref)             type {toc}.
Package hyperref Info: Anchor `figure.caption.17' on input line 169.
File: fig/ACC_write_single.png Graphic file (type png)

<use fig/ACC_write_single.png>
Package pdftex.def Info: fig/ACC_write_single.png used on input line 170.
(pdftex.def)             Requested size: 252.06236pt x 124.22986pt.
Package hyperref Info: bookmark on input line 171:
(hyperref)             thecounter {1.14}
(hyperref)             text {\protect \numberline {\caption@lstfmt {\@nameuse {p@figure}}{\@nameuse {thefigure}}}{\ignor
espaces Pressure write single data\relax }}
(hyperref)             reference {figure.caption.17}
(hyperref)             toclevel {0}
(hyperref)             type {lof}.
Package hyperref Info: Anchor `figure.caption.18' on input line 175.
File: fig/ACC_write_multiple.png Graphic file (type png)
 <use fig/ACC_write_multiple.png>
Package pdftex.def Info: fig/ACC_write_multiple.png used on input line 176.
(pdftex.def)             Requested size: 320.80347pt x 117.50665pt.
Package hyperref Info: bookmark on input line 177:
(hyperref)             thecounter {1.15}
(hyperref)             text {\protect \numberline {\caption@lstfmt {\@nameuse {p@figure}}{\@nameuse {thefigure}}}{\ignor
espaces Pressure write multiple data\relax }}
(hyperref)             reference {figure.caption.18}
(hyperref)             toclevel {0}
(hyperref)             type {lof}.
Package hyperref Info: Anchor `section.1.3' on input line 183.
Package hyperref Info: bookmark on input line 183:
(hyperref)             thecounter {1.3}
(hyperref)             text {\protect \numberline {\csname thesection\endcsname }\scr@ds@tocentry }
(hyperref)             reference {section.1.3}
(hyperref)             toclevel {1}
(hyperref)             type {toc}.
Package hyperref Info: Anchor `page.7' on input line 187.
 [7]
Package hyperref Info: Anchor `subsection.1.3.1' on input line 195.
Package hyperref Info: bookmark on input line 195:
(hyperref)             thecounter {1.3.1}
(hyperref)             text {\protect \numberline {\csname thesubsection\endcsname }\scr@ds@tocentry }
(hyperref)             reference {subsection.1.3.1}
(hyperref)             toclevel {2}
(hyperref)             type {toc}.
Package hyperref Info: Anchor `subsection.1.3.2' on input line 200.
Package hyperref Info: bookmark on input line 200:
(hyperref)             thecounter {1.3.2}
(hyperref)             text {\protect \numberline {\csname thesubsection\endcsname }\scr@ds@tocentry }
(hyperref)             reference {subsection.1.3.2}
(hyperref)             toclevel {2}
(hyperref)             type {toc}.
Package hyperref Info: Anchor `figure.caption.19' on input line 203.

<fig/Motor_write.png, id=197, 199.947pt x 103.587pt>
File: fig/Motor_write.png Graphic file (type png)
 <use fig/Motor_write.png>
Package pdftex.def Info: fig/Motor_write.png used on input line 204.
(pdftex.def)             Requested size: 183.31427pt x 94.974pt.
Package hyperref Info: bookmark on input line 205:
(hyperref)             thecounter {1.16}
(hyperref)             text {\protect \numberline {\caption@lstfmt {\@nameuse {p@figure}}{\@nameuse {thefigure}}}{\ignor
espaces Motor write\relax }}
(hyperref)             reference {figure.caption.19}
(hyperref)             toclevel {0}
(hyperref)             type {lof}.
)
Package hyperref Info: Anchor `page.8' on input line 50.
 [8 <C:/Users/Agrawal/work/workspace/helikopter/helikopter-raspberry/doc/se/sources/I2C_adressing/fig/Motor_write.png>]

Package caption Warning: Unused \captionsetup[subfloat] on input line 375.
See the caption package documentation for explanation.

Package atveryend Info: Empty hook `BeforeClearDocument' on input line 64.
Package atveryend Info: Empty hook `AfterLastShipout' on input line 64.

(C:\Users\Agrawal\work\workspace\helikopter\helikopter-raspberry\doc\se\sources\I2C_adressing\compiled\I2C_adressing.aux

(C:\Users\Agrawal\work\workspace\helikopter\helikopter-raspberry\doc\se\sources\I2C_adressing\compiled\chapters/ch-main.
aux))
Package atveryend Info: Executing hook `AtVeryEndDocument' on input line 64.
Package atveryend Info: Executing hook `AtEndAfterFileList' on input line 64.
Package rerunfilecheck Info: File `I2C_adressing.out' has not changed.
(rerunfilecheck)             Checksum: B8B083CD7A5FA4A55F2E5BFF54F71413;1292.


LaTeX Warning: There were multiply-defined labels.

 ) 
Here is how much of TeX's memory you used:
 16124 strings out of 493921
 253628 string characters out of 3147283
 424595 words of memory out of 3000000
 18996 multiletter control sequences out of 15000+200000
 63718 words of font info for 69 fonts, out of 3000000 for 9000
 842 hyphenation exceptions out of 8191
 53i,13n,66p,873b,446s stack positions out of 5000i,500n,10000p,200000b,50000s
{C:/Program Files (x86)/MiKTeX 2.9/fonts/enc/dvips/lm/lm-ec.enc}{C:/Program Files (x86)/MiKTeX 2.9/fonts/enc/dvips/lm/
lm-rm.enc}<C:/Program Files (x86)/MiKTeX 2.9/fonts/type1/public/lm/lmbx10.pfb><C:/Program Files (x86)/MiKTeX 2.9/fonts/t
ype1/public/lm/lmbx12.pfb><C:/Program Files (x86)/MiKTeX 2.9/fonts/type1/public/lm/lmr10.pfb><C:/Program Files (x86)/MiK
TeX 2.9/fonts/type1/public/lm/lmr12.pfb><C:/Program Files (x86)/MiKTeX 2.9/fonts/type1/public/lm/lmr17.pfb><C:/Program F
iles (x86)/MiKTeX 2.9/fonts/type1/public/lm/lmr8.pfb><C:/Program Files (x86)/MiKTeX 2.9/fonts/type1/public/lm/lmss10.pfb
><C:/Program Files (x86)/MiKTeX 2.9/fonts/type1/public/lm/lmss12.pfb><C:/Program Files (x86)/MiKTeX 2.9/fonts/type1/publ
ic/lm/lmss17.pfb><C:/Program Files (x86)/MiKTeX 2.9/fonts/type1/public/lm/lmssbx10.pfb>
Output written on C:/Users/Agrawal/work/workspace/helikopter/helikopter-raspberry/doc/se/sources/I2C_adressing/output/I2
C_adressing.pdf (11 pages, 422923 bytes).
PDF statistics:
 251 PDF objects out of 1000 (max. 8388607)
 49 named destinations out of 1000 (max. 500000)
 185 words of extra memory for PDF output out of 10000 (max. 10000000)

