\BOOKMARK [0][]{chapter.1}{1 Introduction}{}% 1
\BOOKMARK [1][-]{section.1.1}{1.1 Goals}{chapter.1}% 2
\BOOKMARK [0][]{chapter.2}{2 Used Distance Measurement Sensors}{}% 3
\BOOKMARK [1][-]{section.2.1}{2.1 Infrared Sensor}{chapter.2}% 4
\BOOKMARK [2][-]{subsection.2.1.1}{2.1.1 First steps}{section.2.1}% 5
\BOOKMARK [2][-]{subsection.2.1.2}{2.1.2 ADC Configuration}{section.2.1}% 6
\BOOKMARK [2][-]{subsection.2.1.3}{2.1.3 Measured Values}{section.2.1}% 7
\BOOKMARK [2][-]{subsection.2.1.4}{2.1.4 Conclusion}{section.2.1}% 8
\BOOKMARK [1][-]{section.2.2}{2.2 Ultrasonic Distance Sensor}{chapter.2}% 9
\BOOKMARK [1][-]{section.2.3}{2.3 LIDAR Laser Sensor}{chapter.2}% 10
\BOOKMARK [2][-]{subsection.2.3.1}{2.3.1 Connecting the sensor with I2C}{section.2.3}% 11
\BOOKMARK [2][-]{subsection.2.3.2}{2.3.2 First steps}{section.2.3}% 12
\BOOKMARK [2][-]{subsection.2.3.3}{2.3.3 Measured Values}{section.2.3}% 13
\BOOKMARK [2][-]{subsection.2.3.4}{2.3.4 Conclusion}{section.2.3}% 14
\BOOKMARK [0][]{chapter.3}{3 I2C Configuration}{}% 15
\BOOKMARK [1][-]{section.3.1}{3.1 raspi-config}{chapter.3}% 16
\BOOKMARK [1][-]{section.3.2}{3.2 Module File}{chapter.3}% 17
\BOOKMARK [1][-]{section.3.3}{3.3 I2CTools}{chapter.3}% 18
\BOOKMARK [1][-]{section.3.4}{3.4 Test I2C-1}{chapter.3}% 19
\BOOKMARK [1][-]{section.3.5}{3.5 Set up I2C-0}{chapter.3}% 20
\BOOKMARK [0][]{chapter.4}{4 Functions in C}{}% 21
\BOOKMARK [1][-]{section.4.1}{4.1 I2C}{chapter.4}% 22
\BOOKMARK [2][-]{subsection.4.1.1}{4.1.1 Configuration}{section.4.1}% 23
\BOOKMARK [2][-]{subsection.4.1.2}{4.1.2 I2C Write}{section.4.1}% 24
\BOOKMARK [2][-]{subsection.4.1.3}{4.1.3 I2C Read}{section.4.1}% 25
\BOOKMARK [1][-]{section.4.2}{4.2 Analog-Digital-Converter \(ADC\)}{chapter.4}% 26
\BOOKMARK [2][-]{subsection.4.2.1}{4.2.1 Configuration}{section.4.2}% 27
\BOOKMARK [2][-]{subsection.4.2.2}{4.2.2 ADC Read}{section.4.2}% 28
\BOOKMARK [1][-]{section.4.3}{4.3 Infrared Sensor}{chapter.4}% 29
\BOOKMARK [2][-]{subsection.4.3.1}{4.3.1 Configuration}{section.4.3}% 30
\BOOKMARK [2][-]{subsection.4.3.2}{4.3.2 Read Sensor Values}{section.4.3}% 31
\BOOKMARK [1][-]{section.4.4}{4.4 LIDAR-Lite Laser Sensor}{chapter.4}% 32
\BOOKMARK [2][-]{subsection.4.4.1}{4.4.1 Configuration}{section.4.4}% 33
\BOOKMARK [2][-]{subsection.4.4.2}{4.4.2 Read Sensor Values}{section.4.4}% 34
\BOOKMARK [0][]{chapter.5}{5 Sensors and limits}{}% 35
\BOOKMARK [1][-]{section.5.1}{5.1 Analog- Digital Converter}{chapter.5}% 36
\BOOKMARK [1][-]{section.5.2}{5.2 Infrared Analog Distance Sensor}{chapter.5}% 37
\BOOKMARK [1][-]{section.5.3}{5.3 GPS}{chapter.5}% 38
\BOOKMARK [1][-]{section.5.4}{5.4 Inertia Measurement Unit \(IMU\)}{chapter.5}% 39
\BOOKMARK [2][-]{subsection.5.4.1}{5.4.1 3D accelerometer and 3D magnetometer module}{section.5.4}% 40
\BOOKMARK [2][-]{subsection.5.4.2}{5.4.2 MEMS pressure sensor}{section.5.4}% 41
\BOOKMARK [2][-]{subsection.5.4.3}{5.4.3 MEMS motion sensor: three-axis digital output gyroscope}{section.5.4}% 42
\BOOKMARK [1][-]{section.5.5}{5.5 LIDAR-Lite Laser Ranging Module}{chapter.5}% 43
\BOOKMARK [2][-]{subsection.5.5.1}{5.5.1 Technology}{section.5.5}% 44
\BOOKMARK [2][-]{subsection.5.5.2}{5.5.2 possible measurement problems}{section.5.5}% 45
\BOOKMARK [0][]{chapter.6}{6 Defined Tests for our sensors}{}% 46
\BOOKMARK [1][-]{section.6.1}{6.1 Infrared Distance Sensor}{chapter.6}% 47
\BOOKMARK [1][-]{section.6.2}{6.2 Ultrasonic Distance Sensor}{chapter.6}% 48
\BOOKMARK [1][-]{section.6.3}{6.3 LIDAR-lite Laser Distance Sensor}{chapter.6}% 49
\BOOKMARK [1][-]{section.6.4}{6.4 Inertial Measurement Unit \(IMU\)}{chapter.6}% 50
\BOOKMARK [2][-]{subsection.6.4.1}{6.4.1 Acceleration and Magnet Sensor\(Compass\)}{section.6.4}% 51
\BOOKMARK [2][-]{subsection.6.4.2}{6.4.2 Gyroscope Sensor}{section.6.4}% 52
\BOOKMARK [2][-]{subsection.6.4.3}{6.4.3 Pressure Sensor}{section.6.4}% 53
\BOOKMARK [0][]{chapter.7}{7 Landing Concept}{}% 54
\BOOKMARK [1][-]{section.7.1}{7.1 Challenges}{chapter.7}% 55
\BOOKMARK [2][-]{subsection.7.1.1}{7.1.1 Drift}{section.7.1}% 56
\BOOKMARK [2][-]{subsection.7.1.2}{7.1.2 Orientation}{section.7.1}% 57
\BOOKMARK [2][-]{subsection.7.1.3}{7.1.3 Distance}{section.7.1}% 58
\BOOKMARK [2][-]{subsection.7.1.4}{7.1.4 Landing Zone}{section.7.1}% 59
\BOOKMARK [1][-]{section.7.2}{7.2 Landing Mode}{chapter.7}% 60
\BOOKMARK [2][-]{subsection.7.2.1}{7.2.1 Activation}{section.7.2}% 61
\BOOKMARK [2][-]{subsection.7.2.2}{7.2.2 Abort Landing}{section.7.2}% 62
\BOOKMARK [0][]{chapter.8}{8 Open Points}{}% 63
\BOOKMARK [1][-]{section.8.1}{8.1 Connecting actuators}{chapter.8}% 64
\BOOKMARK [1][-]{section.8.2}{8.2 Reacting on sensor values}{chapter.8}% 65
