This is pdfTeX, Version 3.1415926-2.3-1.40.12 (MiKTeX 2.9) (preloaded format=pdflatex 2013.4.26)  11 JUN 2015 14:25
entering extended mode
**ch-main.tex
(D:\masterquad2015\doc\se\sources\I2C_configuration\chapters\ch-main.tex
LaTeX2e <2011/06/27>
Babel <v3.8m> and hyphenation patterns for english, afrikaans, ancientgreek, arabic, armenian, assamese, basque, bengali
, bokmal, bulgarian, catalan, coptic, croatian, czech, danish, dutch, esperanto, estonian, farsi, finnish, french, galic
ian, german, german-x-2009-06-19, greek, gujarati, hindi, hungarian, icelandic, indonesian, interlingua, irish, italian,
 kannada, kurmanji, lao, latin, latvian, lithuanian, malayalam, marathi, mongolian, mongolianlmc, monogreek, ngerman, ng
erman-x-2009-06-19, nynorsk, oriya, panjabi, pinyin, polish, portuguese, romanian, russian, sanskrit, serbian, slovak, s
lovenian, spanish, swedish, swissgerman, tamil, telugu, turkish, turkmen, ukenglish, ukrainian, uppersorbian, usenglishm
ax, welsh, loaded.
! Undefined control sequence.
l.1 \chapter
            {I$^2$C Configuration}
The control sequence at the end of the top line
of your error message was never \def'ed. If you have
misspelled it (e.g., `\hobx'), type `I' and the correct
spelling (e.g., `I\hbox'). Otherwise just continue,
and I'll forget about whatever was undefined.


! LaTeX Error: Missing \begin{document}.

See the LaTeX manual or LaTeX Companion for explanation.
Type  H <return>  for immediate help.
 ...                                              
                                                  
l.1 \chapter{I
              $^2$C Configuration}
You're in trouble here.  Try typing  <return>  to proceed.
If that doesn't work, type  X <return>  to quit.

Missing character: There is no I in font nullfont!
LaTeX Font Info:    External font `cmex10' loaded for size
(Font)              <7> on input line 1.
LaTeX Font Info:    External font `cmex10' loaded for size
(Font)              <5> on input line 1.
Missing character: There is no C in font nullfont!
Missing character: There is no C in font nullfont!
Missing character: There is no o in font nullfont!
Missing character: There is no n in font nullfont!
Missing character: There is no f in font nullfont!
Missing character: There is no i in font nullfont!
Missing character: There is no g in font nullfont!
Missing character: There is no u in font nullfont!
Missing character: There is no r in font nullfont!
Missing character: There is no a in font nullfont!
Missing character: There is no t in font nullfont!
Missing character: There is no i in font nullfont!
Missing character: There is no o in font nullfont!
Missing character: There is no n in font nullfont!
Missing character: There is no T in font nullfont!
Missing character: There is no h in font nullfont!
Missing character: There is no i in font nullfont!
Missing character: There is no s in font nullfont!
Missing character: There is no d in font nullfont!
Missing character: There is no o in font nullfont!
Missing character: There is no c in font nullfont!
Missing character: There is no u in font nullfont!
Missing character: There is no m in font nullfont!
Missing character: There is no e in font nullfont!
Missing character: There is no n in font nullfont!
Missing character: There is no t in font nullfont!
Missing character: There is no d in font nullfont!
Missing character: There is no e in font nullfont!
Missing character: There is no s in font nullfont!
Missing character: There is no c in font nullfont!
Missing character: There is no r in font nullfont!
Missing character: There is no i in font nullfont!
Missing character: There is no b in font nullfont!
Missing character: There is no e in font nullfont!
Missing character: There is no s in font nullfont!
Missing character: There is no a in font nullfont!
Missing character: There is no l in font nullfont!
Missing character: There is no l in font nullfont!
Missing character: There is no n in font nullfont!
Missing character: There is no e in font nullfont!
Missing character: There is no c in font nullfont!
Missing character: There is no e in font nullfont!
Missing character: There is no s in font nullfont!
Missing character: There is no s in font nullfont!
Missing character: There is no a in font nullfont!
Missing character: There is no r in font nullfont!
Missing character: There is no y in font nullfont!
Missing character: There is no s in font nullfont!
Missing character: There is no t in font nullfont!
Missing character: There is no e in font nullfont!
Missing character: There is no p in font nullfont!
Missing character: There is no s in font nullfont!
Missing character: There is no t in font nullfont!
Missing character: There is no o in font nullfont!
Missing character: There is no g in font nullfont!
Missing character: There is no e in font nullfont!
Missing character: There is no t in font nullfont!
Missing character: There is no t in font nullfont!
Missing character: There is no h in font nullfont!
Missing character: There is no e in font nullfont!
Missing character: There is no t in font nullfont!
Missing character: There is no w in font nullfont!
Missing character: There is no o in font nullfont!
Missing character: There is no I in font nullfont!
Missing character: There is no C in font nullfont!
Missing character: There is no B in font nullfont!
Missing character: There is no u in font nullfont!
Missing character: There is no s in font nullfont!
Missing character: There is no s in font nullfont!
Missing character: There is no e in font nullfont!
Missing character: There is no s in font nullfont!
Missing character: There is no o in font nullfont!
Missing character: There is no f in font nullfont!
Missing character: There is no t in font nullfont!
Missing character: There is no h in font nullfont!
Missing character: There is no e in font nullfont!
Missing character: There is no R in font nullfont!
Missing character: There is no a in font nullfont!
Missing character: There is no s in font nullfont!
Missing character: There is no p in font nullfont!
Missing character: There is no b in font nullfont!
Missing character: There is no e in font nullfont!
Missing character: There is no r in font nullfont!
Missing character: There is no r in font nullfont!
Missing character: There is no y in font nullfont!
Missing character: There is no P in font nullfont!
Missing character: There is no i in font nullfont!
Missing character: There is no ( in font nullfont!
Missing character: There is no M in font nullfont!
Missing character: There is no o in font nullfont!
Missing character: There is no d in font nullfont!
Missing character: There is no e in font nullfont!
Missing character: There is no l in font nullfont!
Missing character: There is no B in font nullfont!
Missing character: There is no + in font nullfont!
Missing character: There is no ) in font nullfont!
Missing character: There is no u in font nullfont!
Missing character: There is no p in font nullfont!
Missing character: There is no a in font nullfont!
Missing character: There is no n in font nullfont!
Missing character: There is no d in font nullfont!
Missing character: There is no r in font nullfont!
Missing character: There is no u in font nullfont!
Missing character: There is no n in font nullfont!
Missing character: There is no n in font nullfont!
Missing character: There is no i in font nullfont!
Missing character: There is no n in font nullfont!
Missing character: There is no g in font nullfont!
Missing character: There is no . in font nullfont!

Overfull \hbox (24.48613pt too wide) in paragraph at lines 1--5
[]$[]$
 []


Overfull \hbox (4.48613pt too wide) in paragraph at lines 1--5
[]$
 []


Overfull \hbox (33.55537pt too wide) in paragraph at lines 1--5
\OT1/cmr/bx/n/10 HINT:
 []


Overfull \hbox (29.4665pt too wide) in paragraph at lines 1--5
\OT1/cmr/bx/n/10 These
 []


Overfull \hbox (25.20401pt too wide) in paragraph at lines 1--5
\OT1/cmr/bx/n/10 steps
 []


Overfull \hbox (15.59714pt too wide) in paragraph at lines 1--5
\OT1/cmr/bx/n/10 are
 []


Overfull \hbox (16.61102pt too wide) in paragraph at lines 1--5
\OT1/cmr/bx/n/10 not
 []


Overfull \hbox (20.60406pt too wide) in paragraph at lines 1--5
\OT1/cmr/bx/n/10 nec-
 []


Overfull \hbox (18.75128pt too wide) in paragraph at lines 1--5
\OT1/cmr/bx/n/10 ces-
 []


Overfull \hbox (20.93181pt too wide) in paragraph at lines 1--5
\OT1/cmr/bx/n/10 sary
 []


Overfull \hbox (6.7083pt too wide) in paragraph at lines 1--5
\OT1/cmr/bx/n/10 if
 []


Overfull \hbox (17.8888pt too wide) in paragraph at lines 1--5
\OT1/cmr/bx/n/10 you
 []


Overfull \hbox (13.4166pt too wide) in paragraph at lines 1--5
\OT1/cmr/bx/n/10 in-
 []


Overfull \hbox (20.98735pt too wide) in paragraph at lines 1--5
\OT1/cmr/bx/n/10 stall
 []


Overfull \hbox (16.13187pt too wide) in paragraph at lines 1--5
\OT1/cmr/bx/n/10 the
 []


Overfull \hbox (22.58456pt too wide) in paragraph at lines 1--5
\OT1/cmr/bx/n/10 Ras-
 []


Overfull \hbox (21.56236pt too wide) in paragraph at lines 1--5
\OT1/cmr/bx/n/10 bian
 []


Overfull \hbox (17.77768pt too wide) in paragraph at lines 1--5
\OT1/cmr/bx/n/10 Im-
 []


Overfull \hbox (16.61101pt too wide) in paragraph at lines 1--5
\OT1/cmr/bx/n/10 age
 []


Overfull \hbox (9.26384pt too wide) in paragraph at lines 1--5
\OT1/cmr/bx/n/10 of
 []


Overfull \hbox (16.13187pt too wide) in paragraph at lines 1--5
\OT1/cmr/bx/n/10 the
 []


Overfull \hbox (22.18045pt too wide) in paragraph at lines 1--5
\OT1/cmr/bx/n/10 Pro-
 []


Overfull \hbox (22.52072pt too wide) in paragraph at lines 1--5
\OT1/cmr/bx/n/10 jekt.
 []


Overfull \hbox (29.66653pt too wide) in paragraph at lines 1--5
\OT1/cmr/bx/n/10 There
 []


Overfull \hbox (25.93875pt too wide) in paragraph at lines 1--5
\OT1/cmr/bx/n/10 these
 []


Overfull \hbox (25.20401pt too wide) in paragraph at lines 1--5
\OT1/cmr/bx/n/10 steps
 []


Overfull \hbox (22.68042pt too wide) in paragraph at lines 1--5
\OT1/cmr/bx/n/10 have
 []


Overfull \hbox (12.61797pt too wide) in paragraph at lines 1--5
\OT1/cmr/bx/n/10 al-
 []


Overfull \hbox (28.0554pt too wide) in paragraph at lines 1--5
\OT1/cmr/bx/n/10 ready
 []


Overfull \hbox (11.97911pt too wide) in paragraph at lines 1--5
\OT1/cmr/bx/n/10 be
 []


Overfull \hbox (26.99292pt too wide) in paragraph at lines 1--5
\OT1/cmr/bx/n/10 done. 
 []

! Undefined control sequence.
l.6 \section
            {I$^2$CTools}
The control sequence at the end of the top line
of your error message was never \def'ed. If you have
misspelled it (e.g., `\hobx'), type `I' and the correct
spelling (e.g., `I\hbox'). Otherwise just continue,
and I'll forget about whatever was undefined.


! LaTeX Error: Missing \begin{document}.

See the LaTeX manual or LaTeX Companion for explanation.
Type  H <return>  for immediate help.
 ...                                              
                                                  
l.6 \section{I
              $^2$CTools}
You're in trouble here.  Try typing  <return>  to proceed.
If that doesn't work, type  X <return>  to quit.

Missing character: There is no I in font nullfont!
Missing character: There is no C in font nullfont!
Missing character: There is no T in font nullfont!
Missing character: There is no o in font nullfont!
Missing character: There is no o in font nullfont!
Missing character: There is no l in font nullfont!
Missing character: There is no s in font nullfont!

Overfull \hbox (24.48613pt too wide) in paragraph at lines 6--8
[]$[]$
 []

)
! Emergency stop.
<*> ch-main.tex
               
*** (job aborted, no legal \end found)

 
Here is how much of TeX's memory you used:
 12 strings out of 494045
 320 string characters out of 3145963
 49890 words of memory out of 3000000
 3403 multiletter control sequences out of 15000+200000
 3948 words of font info for 15 fonts, out of 3000000 for 9000
 715 hyphenation exceptions out of 8191
 18i,1n,12p,172b,66s stack positions out of 5000i,500n,10000p,200000b,50000s
!  ==> Fatal error occurred, no output PDF file produced!
